[2022-06-11 00:37:43,336][run.py][line:117][INFO] start training on GPU 0!
[2022-06-11 00:37:43,336][run.py][line:118][INFO] Namespace(bert_model_dir='', bert_tokenizer_dir='', bert_dim=1024, hidden_dim=300, gnn_hidden_dim=300, code_dim=192, feat_dim=1024, mlp_layers=2, gnn_layers=1, emb_dim=1024, attn_type='rgcn', no_rel_attn=False, max_sent_len=200, no_cuda=False, dataset_name='EmoryNLP', windowp=3, windowf=0, withvae=True, max_grad_norm=5.0, lr=0.0003, dropout=0.4, batch_size=16, epochs=60, tensorboard=False, nodal_att_type=None, cuda=True)
[2022-06-11 00:37:54,421][run.py][line:172][INFO] Epoch: 1, train_loss: 1.4694, train_acc: 42.54, train_fscore: 33.07, valid_loss: 1.9724, valid_acc: 39.96, valid_fscore: 32.22, test_loss: 2.0134, test_acc: 38.25, test_fscore: 29.64, time: 3.93 sec
[2022-06-11 00:37:57,166][run.py][line:172][INFO] Epoch: 2, train_loss: 1.0614, train_acc: 64.38, train_fscore: 57.77, valid_loss: 2.0794, valid_acc: 39.58, valid_fscore: 36.75, test_loss: 1.98, test_acc: 39.38, test_fscore: 35.29, time: 2.74 sec
[2022-06-11 00:38:00,039][run.py][line:172][INFO] Epoch: 3, train_loss: 0.9278, train_acc: 72.16, train_fscore: 69.85, valid_loss: 1.9338, valid_acc: 39.36, valid_fscore: 38.63, test_loss: 1.9169, test_acc: 39.76, test_fscore: 38.52, time: 2.87 sec
[2022-06-11 00:38:03,482][run.py][line:172][INFO] Epoch: 4, train_loss: 0.8804, train_acc: 73.78, train_fscore: 72.43, valid_loss: 2.0365, valid_acc: 40.1, valid_fscore: 39.61, test_loss: 1.9707, test_acc: 39.98, test_fscore: 38.89, time: 3.44 sec
[2022-06-11 00:38:07,623][run.py][line:172][INFO] Epoch: 5, train_loss: 0.8676, train_acc: 74.15, train_fscore: 73.13, valid_loss: 2.0194, valid_acc: 39.88, valid_fscore: 38.49, test_loss: 2.0844, test_acc: 40.59, test_fscore: 38.54, time: 4.14 sec
[2022-06-11 00:38:12,670][run.py][line:172][INFO] Epoch: 6, train_loss: 0.8635, train_acc: 74.2, train_fscore: 73.26, valid_loss: 1.8756, valid_acc: 39.06, valid_fscore: 38.59, test_loss: 1.8704, test_acc: 39.08, test_fscore: 37.77, time: 5.05 sec
[2022-06-11 00:38:15,507][run.py][line:172][INFO] Epoch: 7, train_loss: 0.8447, train_acc: 74.49, train_fscore: 73.61, valid_loss: 1.9964, valid_acc: 39.43, valid_fscore: 39.58, test_loss: 1.9369, test_acc: 38.93, test_fscore: 38.26, time: 2.84 sec
[2022-06-11 00:38:19,272][run.py][line:172][INFO] Epoch: 8, train_loss: 0.8404, train_acc: 74.99, train_fscore: 74.25, valid_loss: 1.9571, valid_acc: 39.66, valid_fscore: 39.36, test_loss: 1.8599, test_acc: 39.38, test_fscore: 38.52, time: 3.76 sec
[2022-06-11 00:38:23,744][run.py][line:172][INFO] Epoch: 9, train_loss: 0.8208, train_acc: 75.21, train_fscore: 74.3, valid_loss: 2.0759, valid_acc: 39.06, valid_fscore: 39.11, test_loss: 1.9833, test_acc: 39.16, test_fscore: 38.44, time: 4.47 sec
[2022-06-11 00:38:27,516][run.py][line:172][INFO] Epoch: 10, train_loss: 0.8031, train_acc: 75.45, train_fscore: 74.78, valid_loss: 2.1464, valid_acc: 39.14, valid_fscore: 38.47, test_loss: 1.9949, test_acc: 39.98, test_fscore: 38.38, time: 3.77 sec
[2022-06-11 00:38:31,362][run.py][line:172][INFO] Epoch: 11, train_loss: 0.7871, train_acc: 75.91, train_fscore: 75.26, valid_loss: 2.1062, valid_acc: 39.21, valid_fscore: 38.15, test_loss: 2.0707, test_acc: 40.59, test_fscore: 38.86, time: 3.85 sec
[2022-06-11 00:38:37,299][run.py][line:172][INFO] Epoch: 12, train_loss: 0.7668, train_acc: 76.89, train_fscore: 76.26, valid_loss: 2.1595, valid_acc: 38.54, valid_fscore: 38.1, test_loss: 2.1137, test_acc: 39.08, test_fscore: 38.13, time: 5.94 sec
[2022-06-11 00:38:41,228][run.py][line:172][INFO] Epoch: 13, train_loss: 0.7506, train_acc: 77.05, train_fscore: 76.44, valid_loss: 1.9833, valid_acc: 38.47, valid_fscore: 38.43, test_loss: 1.9671, test_acc: 38.93, test_fscore: 38.0, time: 3.93 sec
[2022-06-11 00:38:45,202][run.py][line:172][INFO] Epoch: 14, train_loss: 0.7341, train_acc: 77.62, train_fscore: 77.15, valid_loss: 2.0472, valid_acc: 39.14, valid_fscore: 38.21, test_loss: 1.9515, test_acc: 40.06, test_fscore: 38.28, time: 3.97 sec
[2022-06-11 00:38:52,306][run.py][line:172][INFO] Epoch: 15, train_loss: 0.7054, train_acc: 78.12, train_fscore: 77.52, valid_loss: 2.1687, valid_acc: 38.32, valid_fscore: 37.9, test_loss: 2.0894, test_acc: 38.93, test_fscore: 37.93, time: 7.1 sec
[2022-06-11 00:38:59,662][run.py][line:172][INFO] Epoch: 16, train_loss: 0.6637, train_acc: 79.87, train_fscore: 79.41, valid_loss: 2.495, valid_acc: 38.1, valid_fscore: 38.19, test_loss: 2.4006, test_acc: 38.78, test_fscore: 37.92, time: 7.36 sec
[2022-06-11 00:39:07,111][run.py][line:172][INFO] Epoch: 17, train_loss: 0.6551, train_acc: 79.62, train_fscore: 79.15, valid_loss: 2.3819, valid_acc: 38.24, valid_fscore: 38.12, test_loss: 2.3746, test_acc: 39.31, test_fscore: 38.28, time: 7.45 sec
[2022-06-11 00:39:14,521][run.py][line:172][INFO] Epoch: 18, train_loss: 0.6266, train_acc: 80.61, train_fscore: 80.21, valid_loss: 2.1954, valid_acc: 37.87, valid_fscore: 37.43, test_loss: 2.2002, test_acc: 38.25, test_fscore: 37.06, time: 7.41 sec
[2022-06-11 00:39:20,545][run.py][line:172][INFO] Epoch: 19, train_loss: 0.5833, train_acc: 81.9, train_fscore: 81.56, valid_loss: 2.5539, valid_acc: 38.91, valid_fscore: 38.38, test_loss: 2.5597, test_acc: 38.4, test_fscore: 36.96, time: 6.02 sec
[2022-06-11 00:39:26,101][run.py][line:172][INFO] Epoch: 20, train_loss: 0.5686, train_acc: 82.47, train_fscore: 82.15, valid_loss: 2.5063, valid_acc: 38.84, valid_fscore: 38.22, test_loss: 2.5428, test_acc: 38.78, test_fscore: 37.33, time: 5.56 sec
[2022-06-11 00:39:32,265][run.py][line:172][INFO] Epoch: 21, train_loss: 0.511, train_acc: 83.71, train_fscore: 83.43, valid_loss: 2.6999, valid_acc: 36.38, valid_fscore: 36.77, test_loss: 2.5664, test_acc: 38.55, test_fscore: 38.12, time: 6.16 sec
[2022-06-11 00:39:37,130][run.py][line:172][INFO] Epoch: 22, train_loss: 0.5059, train_acc: 84.22, train_fscore: 83.99, valid_loss: 2.5788, valid_acc: 38.32, valid_fscore: 37.49, test_loss: 2.5041, test_acc: 38.55, test_fscore: 36.6, time: 4.87 sec
[2022-06-11 00:39:43,276][run.py][line:172][INFO] Epoch: 23, train_loss: 0.4873, train_acc: 84.73, train_fscore: 84.48, valid_loss: 3.0396, valid_acc: 35.86, valid_fscore: 36.12, test_loss: 2.7669, test_acc: 36.82, test_fscore: 36.47, time: 6.15 sec
[2022-06-11 00:39:50,200][run.py][line:172][INFO] Epoch: 24, train_loss: 0.4501, train_acc: 86.24, train_fscore: 86.03, valid_loss: 3.1378, valid_acc: 37.57, valid_fscore: 36.93, test_loss: 2.9628, test_acc: 38.55, test_fscore: 37.12, time: 6.92 sec
[2022-06-11 00:39:55,214][run.py][line:172][INFO] Epoch: 25, train_loss: 0.4167, train_acc: 87.33, train_fscore: 87.16, valid_loss: 2.9351, valid_acc: 35.42, valid_fscore: 35.65, test_loss: 2.8143, test_acc: 37.42, test_fscore: 36.69, time: 5.01 sec
[2022-06-11 00:40:01,541][run.py][line:172][INFO] Epoch: 26, train_loss: 0.4054, train_acc: 87.29, train_fscore: 87.1, valid_loss: 3.4179, valid_acc: 36.09, valid_fscore: 36.6, test_loss: 3.2003, test_acc: 38.1, test_fscore: 37.75, time: 6.33 sec
[2022-06-11 00:40:08,975][run.py][line:172][INFO] Epoch: 27, train_loss: 0.3654, train_acc: 88.26, train_fscore: 88.14, valid_loss: 3.1302, valid_acc: 36.98, valid_fscore: 36.71, test_loss: 2.9868, test_acc: 39.46, test_fscore: 38.0, time: 7.43 sec
[2022-06-11 00:40:16,423][run.py][line:172][INFO] Epoch: 28, train_loss: 0.3589, train_acc: 88.55, train_fscore: 88.41, valid_loss: 3.7749, valid_acc: 37.2, valid_fscore: 37.24, test_loss: 3.6025, test_acc: 38.7, test_fscore: 37.89, time: 7.45 sec
[2022-06-11 00:40:22,995][run.py][line:172][INFO] Epoch: 29, train_loss: 0.3368, train_acc: 89.51, train_fscore: 89.41, valid_loss: 3.5376, valid_acc: 36.46, valid_fscore: 36.69, test_loss: 3.3216, test_acc: 37.2, test_fscore: 36.51, time: 6.57 sec
[2022-06-11 00:40:27,117][run.py][line:172][INFO] Epoch: 30, train_loss: 0.3148, train_acc: 89.93, train_fscore: 89.83, valid_loss: 3.7848, valid_acc: 36.24, valid_fscore: 36.09, test_loss: 3.5331, test_acc: 37.8, test_fscore: 36.86, time: 4.12 sec
[2022-06-11 00:40:32,387][run.py][line:172][INFO] Epoch: 31, train_loss: 0.2919, train_acc: 90.97, train_fscore: 90.9, valid_loss: 4.2337, valid_acc: 36.76, valid_fscore: 36.4, test_loss: 4.2172, test_acc: 38.1, test_fscore: 36.67, time: 5.27 sec
[2022-06-11 00:40:36,976][run.py][line:172][INFO] Epoch: 32, train_loss: 0.2875, train_acc: 91.08, train_fscore: 91.01, valid_loss: 3.6534, valid_acc: 36.98, valid_fscore: 36.56, test_loss: 3.616, test_acc: 37.42, test_fscore: 36.03, time: 4.59 sec
[2022-06-11 00:40:41,487][run.py][line:172][INFO] Epoch: 33, train_loss: 0.2706, train_acc: 91.4, train_fscore: 91.33, valid_loss: 4.057, valid_acc: 35.34, valid_fscore: 36.07, test_loss: 3.9888, test_acc: 36.67, test_fscore: 36.59, time: 4.51 sec
[2022-06-11 00:40:46,721][run.py][line:172][INFO] Epoch: 34, train_loss: 0.2563, train_acc: 91.78, train_fscore: 91.71, valid_loss: 3.7818, valid_acc: 35.34, valid_fscore: 35.88, test_loss: 3.8258, test_acc: 37.42, test_fscore: 37.13, time: 5.23 sec
[2022-06-11 00:40:51,960][run.py][line:172][INFO] Epoch: 35, train_loss: 0.2228, train_acc: 92.92, train_fscore: 92.88, valid_loss: 4.6797, valid_acc: 35.64, valid_fscore: 36.2, test_loss: 4.4518, test_acc: 35.99, test_fscore: 35.9, time: 5.24 sec
[2022-06-11 00:40:56,495][run.py][line:172][INFO] Epoch: 36, train_loss: 0.2067, train_acc: 93.43, train_fscore: 93.4, valid_loss: 5.0299, valid_acc: 34.75, valid_fscore: 35.27, test_loss: 4.7397, test_acc: 36.6, test_fscore: 36.29, time: 4.53 sec
[2022-06-11 00:41:01,142][run.py][line:172][INFO] Epoch: 37, train_loss: 0.2134, train_acc: 93.47, train_fscore: 93.43, valid_loss: 4.5224, valid_acc: 37.28, valid_fscore: 37.61, test_loss: 4.434, test_acc: 37.65, test_fscore: 37.13, time: 4.65 sec
[2022-06-11 00:41:06,840][run.py][line:172][INFO] Epoch: 38, train_loss: 0.2084, train_acc: 93.32, train_fscore: 93.28, valid_loss: 4.6749, valid_acc: 35.19, valid_fscore: 35.85, test_loss: 4.5143, test_acc: 36.75, test_fscore: 36.64, time: 5.7 sec
[2022-06-11 00:41:13,757][run.py][line:172][INFO] Epoch: 39, train_loss: 0.1916, train_acc: 93.99, train_fscore: 93.96, valid_loss: 4.943, valid_acc: 35.27, valid_fscore: 35.3, test_loss: 4.8654, test_acc: 36.82, test_fscore: 36.09, time: 6.92 sec
[2022-06-11 00:41:20,404][run.py][line:172][INFO] Epoch: 40, train_loss: 0.1775, train_acc: 94.3, train_fscore: 94.28, valid_loss: 4.9832, valid_acc: 36.9, valid_fscore: 36.96, test_loss: 5.0078, test_acc: 37.65, test_fscore: 36.94, time: 6.65 sec
[2022-06-11 00:41:25,465][run.py][line:172][INFO] Epoch: 41, train_loss: 0.1757, train_acc: 94.34, train_fscore: 94.32, valid_loss: 4.9006, valid_acc: 36.01, valid_fscore: 36.18, test_loss: 5.196, test_acc: 37.05, test_fscore: 36.32, time: 5.06 sec
[2022-06-11 00:41:29,348][run.py][line:172][INFO] Epoch: 42, train_loss: 0.1631, train_acc: 94.76, train_fscore: 94.74, valid_loss: 5.1346, valid_acc: 37.13, valid_fscore: 36.85, test_loss: 5.1958, test_acc: 37.05, test_fscore: 36.33, time: 3.88 sec
[2022-06-11 00:41:33,310][run.py][line:172][INFO] Epoch: 43, train_loss: 0.1504, train_acc: 95.32, train_fscore: 95.3, valid_loss: 5.6892, valid_acc: 35.71, valid_fscore: 36.15, test_loss: 5.3475, test_acc: 36.67, test_fscore: 36.42, time: 3.96 sec
[2022-06-11 00:41:37,694][run.py][line:172][INFO] Epoch: 44, train_loss: 0.1551, train_acc: 94.99, train_fscore: 94.97, valid_loss: 5.7973, valid_acc: 35.86, valid_fscore: 36.15, test_loss: 5.7553, test_acc: 37.05, test_fscore: 36.53, time: 4.38 sec
[2022-06-11 00:41:42,189][run.py][line:172][INFO] Epoch: 45, train_loss: 0.1332, train_acc: 95.59, train_fscore: 95.58, valid_loss: 5.4975, valid_acc: 36.53, valid_fscore: 36.66, test_loss: 5.3254, test_acc: 37.8, test_fscore: 37.28, time: 4.5 sec
[2022-06-11 00:41:46,521][run.py][line:172][INFO] Epoch: 46, train_loss: 0.1319, train_acc: 95.73, train_fscore: 95.72, valid_loss: 5.5035, valid_acc: 35.19, valid_fscore: 35.48, test_loss: 5.3132, test_acc: 35.77, test_fscore: 35.3, time: 4.33 sec
[2022-06-11 00:41:52,426][run.py][line:172][INFO] Epoch: 47, train_loss: 0.1426, train_acc: 95.49, train_fscore: 95.47, valid_loss: 5.6224, valid_acc: 35.57, valid_fscore: 35.87, test_loss: 5.3968, test_acc: 37.5, test_fscore: 36.85, time: 5.91 sec
[2022-06-11 00:41:59,663][run.py][line:172][INFO] Epoch: 48, train_loss: 0.1256, train_acc: 95.86, train_fscore: 95.85, valid_loss: 5.8088, valid_acc: 36.01, valid_fscore: 36.28, test_loss: 5.762, test_acc: 36.45, test_fscore: 35.81, time: 7.24 sec
[2022-06-11 00:42:05,147][run.py][line:172][INFO] Epoch: 49, train_loss: 0.1184, train_acc: 96.28, train_fscore: 96.27, valid_loss: 5.7966, valid_acc: 36.01, valid_fscore: 36.43, test_loss: 5.7961, test_acc: 37.42, test_fscore: 36.99, time: 5.48 sec
[2022-06-11 00:42:11,381][run.py][line:172][INFO] Epoch: 50, train_loss: 0.1109, train_acc: 96.55, train_fscore: 96.54, valid_loss: 6.5521, valid_acc: 35.12, valid_fscore: 35.81, test_loss: 6.1949, test_acc: 37.58, test_fscore: 37.37, time: 6.23 sec
[2022-06-11 00:42:18,463][run.py][line:172][INFO] Epoch: 51, train_loss: 0.1329, train_acc: 95.98, train_fscore: 95.97, valid_loss: 5.7961, valid_acc: 34.23, valid_fscore: 34.55, test_loss: 5.5688, test_acc: 37.27, test_fscore: 36.38, time: 7.08 sec
[2022-06-11 00:42:23,222][run.py][line:172][INFO] Epoch: 52, train_loss: 0.144, train_acc: 95.66, train_fscore: 95.65, valid_loss: 4.9778, valid_acc: 35.94, valid_fscore: 36.05, test_loss: 4.9095, test_acc: 36.9, test_fscore: 36.21, time: 4.76 sec
[2022-06-11 00:42:27,985][run.py][line:172][INFO] Epoch: 53, train_loss: 0.1209, train_acc: 96.16, train_fscore: 96.15, valid_loss: 6.1374, valid_acc: 35.12, valid_fscore: 35.51, test_loss: 6.2449, test_acc: 36.97, test_fscore: 36.27, time: 4.76 sec
[2022-06-11 00:42:32,196][run.py][line:172][INFO] Epoch: 54, train_loss: 0.1095, train_acc: 96.35, train_fscore: 96.34, valid_loss: 6.4001, valid_acc: 35.42, valid_fscore: 35.75, test_loss: 6.2392, test_acc: 37.58, test_fscore: 37.01, time: 4.21 sec
[2022-06-11 00:42:35,633][run.py][line:172][INFO] Epoch: 55, train_loss: 0.1037, train_acc: 96.98, train_fscore: 96.97, valid_loss: 6.0271, valid_acc: 33.56, valid_fscore: 34.63, test_loss: 5.9513, test_acc: 36.6, test_fscore: 36.72, time: 3.44 sec
[2022-06-11 00:42:38,387][run.py][line:172][INFO] Epoch: 56, train_loss: 0.0957, train_acc: 97.09, train_fscore: 97.09, valid_loss: 6.4785, valid_acc: 34.82, valid_fscore: 35.43, test_loss: 6.3828, test_acc: 38.03, test_fscore: 37.6, time: 2.75 sec
[2022-06-11 00:42:42,684][run.py][line:172][INFO] Epoch: 57, train_loss: 0.092, train_acc: 97.17, train_fscore: 97.17, valid_loss: 6.5071, valid_acc: 35.04, valid_fscore: 35.38, test_loss: 6.4709, test_acc: 37.65, test_fscore: 37.34, time: 4.3 sec
[2022-06-11 00:42:47,627][run.py][line:172][INFO] Epoch: 58, train_loss: 0.0856, train_acc: 97.39, train_fscore: 97.39, valid_loss: 6.2606, valid_acc: 34.6, valid_fscore: 35.19, test_loss: 6.343, test_acc: 36.22, test_fscore: 35.85, time: 4.94 sec
[2022-06-11 00:42:53,158][run.py][line:172][INFO] Epoch: 59, train_loss: 0.0972, train_acc: 96.67, train_fscore: 96.66, valid_loss: 6.5144, valid_acc: 35.94, valid_fscore: 36.11, test_loss: 6.4532, test_acc: 38.03, test_fscore: 37.23, time: 5.53 sec
[2022-06-11 00:42:59,438][run.py][line:172][INFO] Epoch: 60, train_loss: 0.0849, train_acc: 97.48, train_fscore: 97.48, valid_loss: 7.0603, valid_acc: 33.78, valid_fscore: 34.68, test_loss: 6.6481, test_acc: 37.35, test_fscore: 37.16, time: 6.28 sec
[2022-06-11 00:42:59,439][run.py][line:184][INFO] finish training!
[2022-06-11 00:42:59,439][run.py][line:200][INFO] Best F-Score based on validation:38.89
[2022-06-11 00:42:59,439][run.py][line:201][INFO] Best F-Score based on test:38.89
