[2022-06-11 00:49:21,927][run.py][line:117][INFO] start training on GPU 0!
[2022-06-11 00:49:21,928][run.py][line:118][INFO] Namespace(bert_model_dir='', bert_tokenizer_dir='', bert_dim=1024, hidden_dim=300, gnn_hidden_dim=300, code_dim=192, feat_dim=1024, mlp_layers=2, gnn_layers=1, emb_dim=1024, attn_type='rgcn', no_rel_attn=False, max_sent_len=200, no_cuda=False, dataset_name='EmoryNLP', windowp=3, windowf=0, withvae=True, max_grad_norm=5.0, lr=0.0006, dropout=0.4, batch_size=16, epochs=50, tensorboard=False, nodal_att_type=None, cuda=True)
[2022-06-11 00:49:34,744][run.py][line:172][INFO] Epoch: 1, train_loss: 1.3569, train_acc: 48.75, train_fscore: 40.44, valid_loss: 1.9933, valid_acc: 39.96, valid_fscore: 34.43, test_loss: 1.9852, test_acc: 40.29, test_fscore: 33.24, time: 5.15 sec
[2022-06-11 00:49:37,906][run.py][line:172][INFO] Epoch: 2, train_loss: 1.0207, train_acc: 66.62, train_fscore: 60.56, valid_loss: 1.9892, valid_acc: 40.4, valid_fscore: 38.1, test_loss: 1.8955, test_acc: 40.21, test_fscore: 37.05, time: 3.16 sec
[2022-06-11 00:49:41,274][run.py][line:172][INFO] Epoch: 3, train_loss: 0.9291, train_acc: 72.26, train_fscore: 70.0, valid_loss: 1.92, valid_acc: 39.88, valid_fscore: 38.88, test_loss: 1.8959, test_acc: 39.08, test_fscore: 37.38, time: 3.37 sec
[2022-06-11 00:49:44,779][run.py][line:172][INFO] Epoch: 4, train_loss: 0.8986, train_acc: 72.97, train_fscore: 71.33, valid_loss: 2.0352, valid_acc: 39.58, valid_fscore: 38.24, test_loss: 1.9743, test_acc: 39.53, test_fscore: 37.43, time: 3.5 sec
[2022-06-11 00:49:48,916][run.py][line:172][INFO] Epoch: 5, train_loss: 0.8692, train_acc: 74.19, train_fscore: 73.0, valid_loss: 2.0689, valid_acc: 40.18, valid_fscore: 39.18, test_loss: 2.1334, test_acc: 39.83, test_fscore: 38.02, time: 4.14 sec
[2022-06-11 00:49:53,932][run.py][line:172][INFO] Epoch: 6, train_loss: 0.8675, train_acc: 73.9, train_fscore: 73.02, valid_loss: 1.9094, valid_acc: 39.51, valid_fscore: 38.53, test_loss: 1.9107, test_acc: 40.44, test_fscore: 38.93, time: 5.02 sec
[2022-06-11 00:50:00,135][run.py][line:172][INFO] Epoch: 7, train_loss: 0.8479, train_acc: 74.29, train_fscore: 73.36, valid_loss: 1.9779, valid_acc: 38.54, valid_fscore: 38.46, test_loss: 1.9173, test_acc: 39.53, test_fscore: 38.61, time: 6.2 sec
[2022-06-11 00:50:06,380][run.py][line:172][INFO] Epoch: 8, train_loss: 0.8459, train_acc: 74.95, train_fscore: 74.2, valid_loss: 1.9175, valid_acc: 38.54, valid_fscore: 38.63, test_loss: 1.828, test_acc: 39.16, test_fscore: 38.74, time: 6.25 sec
[2022-06-11 00:50:11,990][run.py][line:172][INFO] Epoch: 9, train_loss: 0.8267, train_acc: 74.85, train_fscore: 73.88, valid_loss: 2.0672, valid_acc: 39.14, valid_fscore: 38.89, test_loss: 1.9795, test_acc: 39.31, test_fscore: 38.26, time: 5.61 sec
[2022-06-11 00:50:16,219][run.py][line:172][INFO] Epoch: 10, train_loss: 0.7945, train_acc: 76.02, train_fscore: 75.35, valid_loss: 2.1664, valid_acc: 38.47, valid_fscore: 38.35, test_loss: 2.0136, test_acc: 39.68, test_fscore: 38.51, time: 4.23 sec
[2022-06-11 00:50:20,495][run.py][line:172][INFO] Epoch: 11, train_loss: 0.7763, train_acc: 76.56, train_fscore: 75.93, valid_loss: 2.0825, valid_acc: 39.14, valid_fscore: 38.48, test_loss: 2.0376, test_acc: 39.61, test_fscore: 38.27, time: 4.28 sec
[2022-06-11 00:50:24,271][run.py][line:172][INFO] Epoch: 12, train_loss: 0.7518, train_acc: 77.35, train_fscore: 76.76, valid_loss: 2.2181, valid_acc: 38.62, valid_fscore: 38.14, test_loss: 2.1917, test_acc: 39.83, test_fscore: 38.76, time: 3.78 sec
[2022-06-11 00:50:27,992][run.py][line:172][INFO] Epoch: 13, train_loss: 0.7273, train_acc: 78.07, train_fscore: 77.47, valid_loss: 2.0516, valid_acc: 37.05, valid_fscore: 37.04, test_loss: 2.0215, test_acc: 39.16, test_fscore: 38.37, time: 3.72 sec
[2022-06-11 00:50:33,641][run.py][line:172][INFO] Epoch: 14, train_loss: 0.6998, train_acc: 78.81, train_fscore: 78.26, valid_loss: 2.2127, valid_acc: 38.54, valid_fscore: 37.45, test_loss: 2.1035, test_acc: 39.38, test_fscore: 37.64, time: 5.65 sec
[2022-06-11 00:50:36,903][run.py][line:172][INFO] Epoch: 15, train_loss: 0.6662, train_acc: 79.49, train_fscore: 78.97, valid_loss: 2.3143, valid_acc: 37.05, valid_fscore: 36.35, test_loss: 2.2077, test_acc: 38.55, test_fscore: 36.89, time: 3.26 sec
[2022-06-11 00:50:39,995][run.py][line:172][INFO] Epoch: 16, train_loss: 0.6272, train_acc: 80.59, train_fscore: 80.17, valid_loss: 2.325, valid_acc: 37.43, valid_fscore: 37.16, test_loss: 2.2442, test_acc: 39.01, test_fscore: 37.92, time: 3.09 sec
[2022-06-11 00:50:44,126][run.py][line:172][INFO] Epoch: 17, train_loss: 0.5976, train_acc: 81.63, train_fscore: 81.27, valid_loss: 2.5754, valid_acc: 36.98, valid_fscore: 36.74, test_loss: 2.5442, test_acc: 37.95, test_fscore: 37.2, time: 4.13 sec
[2022-06-11 00:50:47,000][run.py][line:172][INFO] Epoch: 18, train_loss: 0.5486, train_acc: 83.21, train_fscore: 82.89, valid_loss: 2.3617, valid_acc: 37.13, valid_fscore: 37.09, test_loss: 2.373, test_acc: 38.55, test_fscore: 37.56, time: 2.87 sec
[2022-06-11 00:50:51,971][run.py][line:172][INFO] Epoch: 19, train_loss: 0.5297, train_acc: 83.26, train_fscore: 82.96, valid_loss: 2.6369, valid_acc: 37.8, valid_fscore: 37.67, test_loss: 2.6823, test_acc: 37.58, test_fscore: 36.64, time: 4.97 sec
[2022-06-11 00:50:57,986][run.py][line:172][INFO] Epoch: 20, train_loss: 0.5087, train_acc: 84.08, train_fscore: 83.83, valid_loss: 2.5977, valid_acc: 37.05, valid_fscore: 36.02, test_loss: 2.5983, test_acc: 39.31, test_fscore: 37.63, time: 6.01 sec
[2022-06-11 00:51:03,581][run.py][line:172][INFO] Epoch: 21, train_loss: 0.4833, train_acc: 84.77, train_fscore: 84.51, valid_loss: 2.8266, valid_acc: 37.57, valid_fscore: 37.45, test_loss: 2.7878, test_acc: 38.33, test_fscore: 37.62, time: 5.59 sec
[2022-06-11 00:51:06,730][run.py][line:172][INFO] Epoch: 22, train_loss: 0.4529, train_acc: 86.03, train_fscore: 85.86, valid_loss: 2.7982, valid_acc: 37.72, valid_fscore: 36.52, test_loss: 2.7802, test_acc: 38.93, test_fscore: 36.48, time: 3.15 sec
[2022-06-11 00:51:09,067][run.py][line:172][INFO] Epoch: 23, train_loss: 0.4246, train_acc: 86.65, train_fscore: 86.47, valid_loss: 3.4617, valid_acc: 37.43, valid_fscore: 37.15, test_loss: 3.4004, test_acc: 37.8, test_fscore: 36.89, time: 2.34 sec
[2022-06-11 00:51:12,253][run.py][line:172][INFO] Epoch: 24, train_loss: 0.3948, train_acc: 87.66, train_fscore: 87.52, valid_loss: 3.4409, valid_acc: 37.72, valid_fscore: 37.2, test_loss: 3.2188, test_acc: 38.78, test_fscore: 37.6, time: 3.19 sec
[2022-06-11 00:51:15,756][run.py][line:172][INFO] Epoch: 25, train_loss: 0.3815, train_acc: 87.89, train_fscore: 87.75, valid_loss: 3.596, valid_acc: 34.97, valid_fscore: 35.08, test_loss: 3.2483, test_acc: 37.58, test_fscore: 37.12, time: 3.5 sec
[2022-06-11 00:51:19,799][run.py][line:172][INFO] Epoch: 26, train_loss: 0.3735, train_acc: 88.24, train_fscore: 88.13, valid_loss: 3.5667, valid_acc: 36.31, valid_fscore: 36.81, test_loss: 3.4517, test_acc: 37.8, test_fscore: 37.47, time: 4.04 sec
[2022-06-11 00:51:25,486][run.py][line:172][INFO] Epoch: 27, train_loss: 0.3325, train_acc: 89.29, train_fscore: 89.19, valid_loss: 3.4585, valid_acc: 37.87, valid_fscore: 37.0, test_loss: 3.4102, test_acc: 38.25, test_fscore: 37.12, time: 5.69 sec
[2022-06-11 00:51:30,654][run.py][line:172][INFO] Epoch: 28, train_loss: 0.2835, train_acc: 90.86, train_fscore: 90.79, valid_loss: 4.229, valid_acc: 37.28, valid_fscore: 36.86, test_loss: 3.9693, test_acc: 39.23, test_fscore: 38.17, time: 5.17 sec
[2022-06-11 00:51:35,659][run.py][line:172][INFO] Epoch: 29, train_loss: 0.2883, train_acc: 90.94, train_fscore: 90.86, valid_loss: 3.6819, valid_acc: 37.8, valid_fscore: 37.49, test_loss: 3.7697, test_acc: 37.58, test_fscore: 36.42, time: 5.0 sec
[2022-06-11 00:51:38,652][run.py][line:172][INFO] Epoch: 30, train_loss: 0.2746, train_acc: 91.63, train_fscore: 91.57, valid_loss: 4.1118, valid_acc: 36.68, valid_fscore: 36.83, test_loss: 4.1474, test_acc: 36.67, test_fscore: 36.04, time: 2.99 sec
[2022-06-11 00:51:41,592][run.py][line:172][INFO] Epoch: 31, train_loss: 0.2564, train_acc: 92.07, train_fscore: 92.02, valid_loss: 4.4753, valid_acc: 36.68, valid_fscore: 36.61, test_loss: 4.6555, test_acc: 38.1, test_fscore: 37.33, time: 2.94 sec
[2022-06-11 00:51:44,599][run.py][line:172][INFO] Epoch: 32, train_loss: 0.2433, train_acc: 92.47, train_fscore: 92.43, valid_loss: 4.4244, valid_acc: 38.24, valid_fscore: 37.89, test_loss: 4.4962, test_acc: 38.63, test_fscore: 37.86, time: 3.01 sec
[2022-06-11 00:51:47,390][run.py][line:172][INFO] Epoch: 33, train_loss: 0.2253, train_acc: 93.03, train_fscore: 93.0, valid_loss: 4.1367, valid_acc: 36.68, valid_fscore: 37.2, test_loss: 4.2411, test_acc: 36.97, test_fscore: 36.76, time: 2.79 sec
[2022-06-11 00:51:50,069][run.py][line:172][INFO] Epoch: 34, train_loss: 0.2194, train_acc: 93.03, train_fscore: 93.0, valid_loss: 4.2324, valid_acc: 35.71, valid_fscore: 35.62, test_loss: 4.2518, test_acc: 37.5, test_fscore: 36.6, time: 2.68 sec
[2022-06-11 00:51:54,147][run.py][line:172][INFO] Epoch: 35, train_loss: 0.2002, train_acc: 93.42, train_fscore: 93.39, valid_loss: 4.9825, valid_acc: 36.16, valid_fscore: 36.23, test_loss: 4.9358, test_acc: 36.75, test_fscore: 36.43, time: 4.08 sec
[2022-06-11 00:51:57,387][run.py][line:172][INFO] Epoch: 36, train_loss: 0.2114, train_acc: 93.32, train_fscore: 93.28, valid_loss: 4.842, valid_acc: 35.57, valid_fscore: 35.78, test_loss: 4.5805, test_acc: 37.12, test_fscore: 36.29, time: 3.24 sec
[2022-06-11 00:52:01,659][run.py][line:172][INFO] Epoch: 37, train_loss: 0.1851, train_acc: 94.3, train_fscore: 94.28, valid_loss: 4.7992, valid_acc: 34.6, valid_fscore: 35.04, test_loss: 4.783, test_acc: 38.1, test_fscore: 37.73, time: 4.27 sec
[2022-06-11 00:52:04,678][run.py][line:172][INFO] Epoch: 38, train_loss: 0.1768, train_acc: 94.84, train_fscore: 94.81, valid_loss: 5.4786, valid_acc: 38.02, valid_fscore: 38.07, test_loss: 5.0278, test_acc: 37.58, test_fscore: 36.61, time: 3.02 sec
[2022-06-11 00:52:07,789][run.py][line:172][INFO] Epoch: 39, train_loss: 0.1874, train_acc: 94.13, train_fscore: 94.11, valid_loss: 4.391, valid_acc: 35.94, valid_fscore: 35.93, test_loss: 4.531, test_acc: 36.45, test_fscore: 35.68, time: 3.11 sec
[2022-06-11 00:52:10,988][run.py][line:172][INFO] Epoch: 40, train_loss: 0.1835, train_acc: 93.99, train_fscore: 93.97, valid_loss: 5.093, valid_acc: 36.38, valid_fscore: 36.05, test_loss: 4.9638, test_acc: 37.8, test_fscore: 36.96, time: 3.2 sec
[2022-06-11 00:52:14,176][run.py][line:172][INFO] Epoch: 41, train_loss: 0.161, train_acc: 94.56, train_fscore: 94.54, valid_loss: 4.9365, valid_acc: 35.94, valid_fscore: 36.4, test_loss: 4.9733, test_acc: 36.67, test_fscore: 36.46, time: 3.19 sec
[2022-06-11 00:52:17,389][run.py][line:172][INFO] Epoch: 42, train_loss: 0.1549, train_acc: 95.44, train_fscore: 95.43, valid_loss: 5.2022, valid_acc: 35.57, valid_fscore: 35.62, test_loss: 5.2774, test_acc: 38.18, test_fscore: 37.65, time: 3.21 sec
[2022-06-11 00:52:20,493][run.py][line:172][INFO] Epoch: 43, train_loss: 0.1392, train_acc: 95.7, train_fscore: 95.69, valid_loss: 5.468, valid_acc: 36.31, valid_fscore: 36.58, test_loss: 5.1964, test_acc: 38.18, test_fscore: 37.81, time: 3.1 sec
[2022-06-11 00:52:23,251][run.py][line:172][INFO] Epoch: 44, train_loss: 0.1389, train_acc: 95.59, train_fscore: 95.58, valid_loss: 5.7954, valid_acc: 35.57, valid_fscore: 35.77, test_loss: 5.6634, test_acc: 36.6, test_fscore: 36.08, time: 2.76 sec
[2022-06-11 00:52:26,753][run.py][line:172][INFO] Epoch: 45, train_loss: 0.1488, train_acc: 95.2, train_fscore: 95.18, valid_loss: 5.979, valid_acc: 36.53, valid_fscore: 36.51, test_loss: 5.8212, test_acc: 37.95, test_fscore: 37.14, time: 3.5 sec
[2022-06-11 00:52:29,833][run.py][line:172][INFO] Epoch: 46, train_loss: 0.1232, train_acc: 96.0, train_fscore: 96.0, valid_loss: 6.347, valid_acc: 35.27, valid_fscore: 35.2, test_loss: 6.0409, test_acc: 37.35, test_fscore: 36.33, time: 3.08 sec
[2022-06-11 00:52:32,787][run.py][line:172][INFO] Epoch: 47, train_loss: 0.1195, train_acc: 96.48, train_fscore: 96.47, valid_loss: 5.6238, valid_acc: 36.76, valid_fscore: 36.86, test_loss: 5.3782, test_acc: 37.8, test_fscore: 37.13, time: 2.95 sec
[2022-06-11 00:52:35,933][run.py][line:172][INFO] Epoch: 48, train_loss: 0.1254, train_acc: 96.2, train_fscore: 96.2, valid_loss: 5.4407, valid_acc: 34.3, valid_fscore: 34.67, test_loss: 5.309, test_acc: 35.99, test_fscore: 35.83, time: 3.15 sec
[2022-06-11 00:52:42,212][run.py][line:172][INFO] Epoch: 49, train_loss: 0.129, train_acc: 96.08, train_fscore: 96.08, valid_loss: 4.9071, valid_acc: 36.38, valid_fscore: 36.19, test_loss: 5.0432, test_acc: 38.25, test_fscore: 37.35, time: 6.28 sec
[2022-06-11 00:52:48,064][run.py][line:172][INFO] Epoch: 50, train_loss: 0.1199, train_acc: 96.28, train_fscore: 96.27, valid_loss: 5.8407, valid_acc: 35.49, valid_fscore: 35.61, test_loss: 5.6167, test_acc: 38.18, test_fscore: 37.24, time: 5.85 sec
[2022-06-11 00:52:48,064][run.py][line:184][INFO] finish training!
[2022-06-11 00:52:48,065][run.py][line:200][INFO] Best F-Score based on validation:38.02
[2022-06-11 00:52:48,065][run.py][line:201][INFO] Best F-Score based on test:38.93
