[2022-06-11 07:02:55,071][run.py][line:117][INFO] start training on GPU 0!
[2022-06-11 07:02:55,072][run.py][line:118][INFO] Namespace(bert_model_dir='', bert_tokenizer_dir='', bert_dim=1024, hidden_dim=300, gnn_hidden_dim=300, code_dim=192, feat_dim=1024, mlp_layers=2, gnn_layers=1, emb_dim=1024, attn_type='rgcn', no_rel_attn=False, max_sent_len=200, no_cuda=False, dataset_name='EmoryNLP', windowp=3, windowf=0, withvae=True, max_grad_norm=5.0, lr=0.0005, dropout=0.2, batch_size=8, epochs=50, tensorboard=False, nodal_att_type=None, cuda=True)
[2022-06-11 07:03:13,459][run.py][line:172][INFO] Epoch: 1, train_loss: 1.2153, train_acc: 56.8, train_fscore: 50.42, valid_loss: 2.0612, valid_acc: 37.5, valid_fscore: 36.09, test_loss: 1.9945, test_acc: 39.01, test_fscore: 37.12, time: 11.09 sec
[2022-06-11 07:03:22,861][run.py][line:172][INFO] Epoch: 2, train_loss: 0.9183, train_acc: 72.46, train_fscore: 70.41, valid_loss: 1.9608, valid_acc: 41.0, valid_fscore: 38.91, test_loss: 1.8963, test_acc: 40.44, test_fscore: 37.51, time: 9.4 sec
[2022-06-11 07:03:31,078][run.py][line:172][INFO] Epoch: 3, train_loss: 0.8975, train_acc: 73.14, train_fscore: 71.64, valid_loss: 2.033, valid_acc: 39.81, valid_fscore: 37.52, test_loss: 2.0493, test_acc: 40.66, test_fscore: 37.71, time: 8.22 sec
[2022-06-11 07:03:39,419][run.py][line:172][INFO] Epoch: 4, train_loss: 0.8876, train_acc: 73.39, train_fscore: 72.33, valid_loss: 2.1381, valid_acc: 37.65, valid_fscore: 38.06, test_loss: 2.0435, test_acc: 38.63, test_fscore: 37.82, time: 8.34 sec
[2022-06-11 07:03:46,304][run.py][line:172][INFO] Epoch: 5, train_loss: 0.8623, train_acc: 74.03, train_fscore: 73.1, valid_loss: 2.0269, valid_acc: 39.96, valid_fscore: 39.18, test_loss: 2.0421, test_acc: 38.55, test_fscore: 37.27, time: 6.89 sec
[2022-06-11 07:03:54,289][run.py][line:172][INFO] Epoch: 6, train_loss: 0.8479, train_acc: 74.05, train_fscore: 73.17, valid_loss: 2.0035, valid_acc: 39.66, valid_fscore: 39.33, test_loss: 1.9545, test_acc: 38.86, test_fscore: 37.9, time: 7.99 sec
[2022-06-11 07:04:03,064][run.py][line:172][INFO] Epoch: 7, train_loss: 0.8415, train_acc: 74.75, train_fscore: 73.87, valid_loss: 1.9481, valid_acc: 38.99, valid_fscore: 38.55, test_loss: 1.9135, test_acc: 38.55, test_fscore: 37.37, time: 8.77 sec
[2022-06-11 07:04:12,138][run.py][line:172][INFO] Epoch: 8, train_loss: 0.822, train_acc: 75.23, train_fscore: 74.57, valid_loss: 2.0076, valid_acc: 38.17, valid_fscore: 37.24, test_loss: 1.9541, test_acc: 39.23, test_fscore: 37.63, time: 9.07 sec
[2022-06-11 07:04:19,370][run.py][line:172][INFO] Epoch: 9, train_loss: 0.7988, train_acc: 75.93, train_fscore: 75.15, valid_loss: 2.1312, valid_acc: 38.69, valid_fscore: 38.07, test_loss: 2.0739, test_acc: 40.21, test_fscore: 38.94, time: 7.23 sec
[2022-06-11 07:04:28,113][run.py][line:172][INFO] Epoch: 10, train_loss: 0.7729, train_acc: 76.76, train_fscore: 76.13, valid_loss: 1.9793, valid_acc: 39.58, valid_fscore: 38.45, test_loss: 1.9866, test_acc: 38.86, test_fscore: 36.55, time: 8.74 sec
[2022-06-11 07:04:36,719][run.py][line:172][INFO] Epoch: 11, train_loss: 0.7538, train_acc: 76.88, train_fscore: 76.18, valid_loss: 2.2253, valid_acc: 38.17, valid_fscore: 36.89, test_loss: 2.1837, test_acc: 40.14, test_fscore: 38.45, time: 8.61 sec
[2022-06-11 07:04:43,918][run.py][line:172][INFO] Epoch: 12, train_loss: 0.7254, train_acc: 78.24, train_fscore: 77.74, valid_loss: 2.1702, valid_acc: 39.36, valid_fscore: 38.56, test_loss: 2.1608, test_acc: 38.93, test_fscore: 37.76, time: 7.2 sec
[2022-06-11 07:04:53,896][run.py][line:172][INFO] Epoch: 13, train_loss: 0.6964, train_acc: 78.75, train_fscore: 78.23, valid_loss: 2.0189, valid_acc: 36.68, valid_fscore: 37.04, test_loss: 1.9832, test_acc: 38.55, test_fscore: 37.63, time: 9.98 sec
[2022-06-11 07:05:02,517][run.py][line:172][INFO] Epoch: 14, train_loss: 0.6939, train_acc: 78.59, train_fscore: 78.12, valid_loss: 2.2291, valid_acc: 38.32, valid_fscore: 37.99, test_loss: 2.1883, test_acc: 38.48, test_fscore: 36.99, time: 8.62 sec
[2022-06-11 07:05:08,644][run.py][line:172][INFO] Epoch: 15, train_loss: 0.6303, train_acc: 80.44, train_fscore: 79.97, valid_loss: 2.4868, valid_acc: 37.43, valid_fscore: 37.48, test_loss: 2.4499, test_acc: 38.33, test_fscore: 37.64, time: 6.13 sec
[2022-06-11 07:05:13,874][run.py][line:172][INFO] Epoch: 16, train_loss: 0.6108, train_acc: 81.29, train_fscore: 80.88, valid_loss: 2.5704, valid_acc: 39.66, valid_fscore: 38.69, test_loss: 2.5431, test_acc: 38.93, test_fscore: 36.93, time: 5.23 sec
[2022-06-11 07:05:19,437][run.py][line:172][INFO] Epoch: 17, train_loss: 0.5698, train_acc: 82.44, train_fscore: 82.08, valid_loss: 2.6858, valid_acc: 37.05, valid_fscore: 37.01, test_loss: 2.5723, test_acc: 39.38, test_fscore: 38.4, time: 5.56 sec
[2022-06-11 07:05:26,192][run.py][line:172][INFO] Epoch: 18, train_loss: 0.5164, train_acc: 83.92, train_fscore: 83.63, valid_loss: 2.6062, valid_acc: 37.2, valid_fscore: 36.49, test_loss: 2.5338, test_acc: 39.01, test_fscore: 37.76, time: 6.75 sec
[2022-06-11 07:05:33,867][run.py][line:172][INFO] Epoch: 19, train_loss: 0.4829, train_acc: 84.79, train_fscore: 84.51, valid_loss: 2.7536, valid_acc: 38.1, valid_fscore: 37.65, test_loss: 2.7013, test_acc: 38.63, test_fscore: 37.25, time: 7.67 sec
[2022-06-11 07:05:40,247][run.py][line:172][INFO] Epoch: 20, train_loss: 0.474, train_acc: 85.27, train_fscore: 85.04, valid_loss: 2.8825, valid_acc: 37.05, valid_fscore: 37.02, test_loss: 2.7775, test_acc: 37.65, test_fscore: 37.18, time: 6.38 sec
[2022-06-11 07:05:47,999][run.py][line:172][INFO] Epoch: 21, train_loss: 0.4404, train_acc: 85.88, train_fscore: 85.65, valid_loss: 3.1248, valid_acc: 36.76, valid_fscore: 37.4, test_loss: 2.9945, test_acc: 38.7, test_fscore: 38.46, time: 7.75 sec
[2022-06-11 07:05:57,785][run.py][line:172][INFO] Epoch: 22, train_loss: 0.4105, train_acc: 87.18, train_fscore: 87.0, valid_loss: 3.0768, valid_acc: 37.43, valid_fscore: 36.61, test_loss: 2.9841, test_acc: 38.18, test_fscore: 36.47, time: 9.79 sec
[2022-06-11 07:06:05,965][run.py][line:172][INFO] Epoch: 23, train_loss: 0.3844, train_acc: 87.81, train_fscore: 87.65, valid_loss: 3.1551, valid_acc: 35.94, valid_fscore: 35.89, test_loss: 2.9506, test_acc: 37.73, test_fscore: 36.67, time: 8.18 sec
[2022-06-11 07:06:14,649][run.py][line:172][INFO] Epoch: 24, train_loss: 0.3615, train_acc: 88.92, train_fscore: 88.8, valid_loss: 3.448, valid_acc: 38.24, valid_fscore: 37.37, test_loss: 3.0934, test_acc: 38.55, test_fscore: 36.88, time: 8.68 sec
[2022-06-11 07:06:23,822][run.py][line:172][INFO] Epoch: 25, train_loss: 0.3378, train_acc: 89.18, train_fscore: 89.06, valid_loss: 3.6382, valid_acc: 37.8, valid_fscore: 36.79, test_loss: 3.4236, test_acc: 38.33, test_fscore: 36.68, time: 9.17 sec
[2022-06-11 07:06:32,207][run.py][line:172][INFO] Epoch: 26, train_loss: 0.2952, train_acc: 90.42, train_fscore: 90.33, valid_loss: 3.5443, valid_acc: 36.01, valid_fscore: 36.28, test_loss: 3.3701, test_acc: 37.8, test_fscore: 37.29, time: 8.38 sec
[2022-06-11 07:06:38,241][run.py][line:172][INFO] Epoch: 27, train_loss: 0.2828, train_acc: 91.04, train_fscore: 90.97, valid_loss: 3.6759, valid_acc: 36.24, valid_fscore: 36.79, test_loss: 3.5309, test_acc: 37.05, test_fscore: 36.74, time: 6.03 sec
[2022-06-11 07:06:45,231][run.py][line:172][INFO] Epoch: 28, train_loss: 0.2595, train_acc: 91.48, train_fscore: 91.42, valid_loss: 3.9714, valid_acc: 34.67, valid_fscore: 34.91, test_loss: 3.6022, test_acc: 36.75, test_fscore: 36.04, time: 6.99 sec
[2022-06-11 07:06:54,606][run.py][line:172][INFO] Epoch: 29, train_loss: 0.2434, train_acc: 91.95, train_fscore: 91.9, valid_loss: 4.2008, valid_acc: 36.38, valid_fscore: 36.81, test_loss: 3.8537, test_acc: 37.5, test_fscore: 37.05, time: 9.37 sec
[2022-06-11 07:07:02,712][run.py][line:172][INFO] Epoch: 30, train_loss: 0.2393, train_acc: 92.57, train_fscore: 92.52, valid_loss: 4.4934, valid_acc: 35.86, valid_fscore: 36.07, test_loss: 4.0524, test_acc: 36.9, test_fscore: 36.49, time: 8.11 sec
[2022-06-11 07:07:09,266][run.py][line:172][INFO] Epoch: 31, train_loss: 0.2183, train_acc: 93.03, train_fscore: 93.0, valid_loss: 4.8544, valid_acc: 36.53, valid_fscore: 36.23, test_loss: 4.3617, test_acc: 37.8, test_fscore: 36.85, time: 6.55 sec
[2022-06-11 07:07:14,173][run.py][line:172][INFO] Epoch: 32, train_loss: 0.2066, train_acc: 93.17, train_fscore: 93.15, valid_loss: 4.3112, valid_acc: 36.61, valid_fscore: 36.73, test_loss: 4.0567, test_acc: 37.65, test_fscore: 37.14, time: 4.91 sec
[2022-06-11 07:07:18,871][run.py][line:172][INFO] Epoch: 33, train_loss: 0.2104, train_acc: 93.25, train_fscore: 93.21, valid_loss: 4.6382, valid_acc: 37.57, valid_fscore: 37.35, test_loss: 4.3994, test_acc: 38.63, test_fscore: 37.75, time: 4.7 sec
[2022-06-11 07:07:23,826][run.py][line:172][INFO] Epoch: 34, train_loss: 0.1823, train_acc: 94.07, train_fscore: 94.04, valid_loss: 4.9241, valid_acc: 35.49, valid_fscore: 35.55, test_loss: 4.4678, test_acc: 38.55, test_fscore: 37.46, time: 4.95 sec
[2022-06-11 07:07:28,266][run.py][line:172][INFO] Epoch: 35, train_loss: 0.1944, train_acc: 93.89, train_fscore: 93.86, valid_loss: 4.6986, valid_acc: 35.86, valid_fscore: 36.32, test_loss: 4.2791, test_acc: 38.78, test_fscore: 38.54, time: 4.44 sec
[2022-06-11 07:07:32,594][run.py][line:172][INFO] Epoch: 36, train_loss: 0.168, train_acc: 94.67, train_fscore: 94.65, valid_loss: 5.4071, valid_acc: 36.01, valid_fscore: 36.42, test_loss: 4.8877, test_acc: 36.75, test_fscore: 36.45, time: 4.33 sec
[2022-06-11 07:07:37,177][run.py][line:172][INFO] Epoch: 37, train_loss: 0.1596, train_acc: 94.93, train_fscore: 94.91, valid_loss: 5.6804, valid_acc: 36.61, valid_fscore: 36.65, test_loss: 5.2631, test_acc: 37.95, test_fscore: 37.3, time: 4.58 sec
[2022-06-11 07:07:42,748][run.py][line:172][INFO] Epoch: 38, train_loss: 0.151, train_acc: 95.28, train_fscore: 95.27, valid_loss: 5.2838, valid_acc: 37.05, valid_fscore: 36.98, test_loss: 4.9081, test_acc: 35.99, test_fscore: 34.92, time: 5.57 sec
[2022-06-11 07:07:52,225][run.py][line:172][INFO] Epoch: 39, train_loss: 0.163, train_acc: 94.75, train_fscore: 94.73, valid_loss: 5.1576, valid_acc: 38.24, valid_fscore: 38.17, test_loss: 4.9087, test_acc: 38.25, test_fscore: 37.62, time: 9.48 sec
[2022-06-11 07:08:01,717][run.py][line:172][INFO] Epoch: 40, train_loss: 0.1637, train_acc: 94.77, train_fscore: 94.75, valid_loss: 5.0686, valid_acc: 36.16, valid_fscore: 36.5, test_loss: 4.9542, test_acc: 36.67, test_fscore: 36.2, time: 9.49 sec
[2022-06-11 07:08:10,597][run.py][line:172][INFO] Epoch: 41, train_loss: 0.1439, train_acc: 95.06, train_fscore: 95.04, valid_loss: 5.1303, valid_acc: 35.42, valid_fscore: 35.42, test_loss: 5.0725, test_acc: 37.73, test_fscore: 36.73, time: 8.88 sec
[2022-06-11 07:08:17,953][run.py][line:172][INFO] Epoch: 42, train_loss: 0.1329, train_acc: 95.95, train_fscore: 95.94, valid_loss: 5.6557, valid_acc: 35.86, valid_fscore: 35.93, test_loss: 5.4996, test_acc: 37.2, test_fscore: 36.79, time: 7.36 sec
[2022-06-11 07:08:25,216][run.py][line:172][INFO] Epoch: 43, train_loss: 0.132, train_acc: 95.78, train_fscore: 95.77, valid_loss: 5.6415, valid_acc: 35.94, valid_fscore: 36.2, test_loss: 5.2193, test_acc: 38.55, test_fscore: 37.94, time: 7.26 sec
[2022-06-11 07:08:30,740][run.py][line:172][INFO] Epoch: 44, train_loss: 0.1221, train_acc: 96.14, train_fscore: 96.13, valid_loss: 5.3705, valid_acc: 36.16, valid_fscore: 36.53, test_loss: 5.0702, test_acc: 36.22, test_fscore: 35.79, time: 5.52 sec
[2022-06-11 07:08:37,496][run.py][line:172][INFO] Epoch: 45, train_loss: 0.1218, train_acc: 95.88, train_fscore: 95.88, valid_loss: 5.5886, valid_acc: 36.53, valid_fscore: 36.43, test_loss: 5.3482, test_acc: 37.05, test_fscore: 36.19, time: 6.76 sec
[2022-06-11 07:08:46,509][run.py][line:172][INFO] Epoch: 46, train_loss: 0.122, train_acc: 96.12, train_fscore: 96.12, valid_loss: 5.5741, valid_acc: 36.09, valid_fscore: 36.13, test_loss: 5.3235, test_acc: 37.05, test_fscore: 36.22, time: 9.01 sec
[2022-06-11 07:08:54,273][run.py][line:172][INFO] Epoch: 47, train_loss: 0.1213, train_acc: 96.23, train_fscore: 96.22, valid_loss: 5.7739, valid_acc: 37.87, valid_fscore: 37.9, test_loss: 5.5001, test_acc: 36.14, test_fscore: 35.51, time: 7.76 sec
[2022-06-11 07:09:03,367][run.py][line:172][INFO] Epoch: 48, train_loss: 0.1222, train_acc: 96.15, train_fscore: 96.15, valid_loss: 5.3397, valid_acc: 37.2, valid_fscore: 37.09, test_loss: 5.1282, test_acc: 38.25, test_fscore: 37.28, time: 9.09 sec
[2022-06-11 07:09:13,042][run.py][line:172][INFO] Epoch: 49, train_loss: 0.1365, train_acc: 95.76, train_fscore: 95.75, valid_loss: 5.2421, valid_acc: 36.53, valid_fscore: 36.51, test_loss: 5.2153, test_acc: 37.35, test_fscore: 36.88, time: 9.68 sec
[2022-06-11 07:09:20,383][run.py][line:172][INFO] Epoch: 50, train_loss: 0.1163, train_acc: 96.24, train_fscore: 96.23, valid_loss: 5.8304, valid_acc: 36.98, valid_fscore: 37.0, test_loss: 5.5901, test_acc: 38.03, test_fscore: 37.27, time: 7.34 sec
[2022-06-11 07:09:20,383][run.py][line:184][INFO] finish training!
[2022-06-11 07:09:20,383][run.py][line:200][INFO] Best F-Score based on validation:37.9
[2022-06-11 07:09:20,383][run.py][line:201][INFO] Best F-Score based on test:38.94
