[2022-06-11 07:55:47,339][run.py][line:117][INFO] start training on GPU 0!
[2022-06-11 07:55:47,339][run.py][line:118][INFO] Namespace(bert_model_dir='', bert_tokenizer_dir='', bert_dim=1024, hidden_dim=300, gnn_hidden_dim=300, code_dim=192, feat_dim=1024, mlp_layers=2, gnn_layers=1, emb_dim=1024, attn_type='rgcn', no_rel_attn=False, max_sent_len=200, no_cuda=False, dataset_name='EmoryNLP', windowp=3, windowf=0, withvae=True, max_grad_norm=5.0, lr=0.0003, dropout=0.3, batch_size=8, epochs=60, tensorboard=False, nodal_att_type=None, cuda=True)
[2022-06-11 07:55:59,817][run.py][line:172][INFO] Epoch: 1, train_loss: 1.2599, train_acc: 52.74, train_fscore: 45.28, valid_loss: 2.0854, valid_acc: 37.43, valid_fscore: 34.75, test_loss: 1.9881, test_acc: 39.01, test_fscore: 35.45, time: 6.17 sec
[2022-06-11 07:56:06,826][run.py][line:172][INFO] Epoch: 2, train_loss: 0.9229, train_acc: 72.03, train_fscore: 69.67, valid_loss: 2.0016, valid_acc: 41.0, valid_fscore: 38.73, test_loss: 1.9358, test_acc: 39.76, test_fscore: 36.91, time: 7.01 sec
[2022-06-11 07:56:11,651][run.py][line:172][INFO] Epoch: 3, train_loss: 0.8918, train_acc: 73.13, train_fscore: 71.46, valid_loss: 1.9507, valid_acc: 40.7, valid_fscore: 38.78, test_loss: 1.9629, test_acc: 40.66, test_fscore: 38.25, time: 4.83 sec
[2022-06-11 07:56:18,186][run.py][line:172][INFO] Epoch: 4, train_loss: 0.8807, train_acc: 73.68, train_fscore: 72.56, valid_loss: 2.1069, valid_acc: 38.24, valid_fscore: 38.82, test_loss: 2.0119, test_acc: 38.78, test_fscore: 38.15, time: 6.53 sec
[2022-06-11 07:56:26,012][run.py][line:172][INFO] Epoch: 5, train_loss: 0.8544, train_acc: 74.21, train_fscore: 73.18, valid_loss: 2.0362, valid_acc: 39.81, valid_fscore: 39.0, test_loss: 2.0381, test_acc: 38.55, test_fscore: 37.17, time: 7.83 sec
[2022-06-11 07:56:33,454][run.py][line:172][INFO] Epoch: 6, train_loss: 0.8421, train_acc: 74.07, train_fscore: 73.14, valid_loss: 1.9489, valid_acc: 39.66, valid_fscore: 39.22, test_loss: 1.8961, test_acc: 38.25, test_fscore: 37.33, time: 7.44 sec
[2022-06-11 07:56:42,420][run.py][line:172][INFO] Epoch: 7, train_loss: 0.8331, train_acc: 74.8, train_fscore: 73.92, valid_loss: 1.9604, valid_acc: 38.02, valid_fscore: 37.55, test_loss: 1.9058, test_acc: 39.46, test_fscore: 38.23, time: 8.97 sec
[2022-06-11 07:56:53,268][run.py][line:172][INFO] Epoch: 8, train_loss: 0.8259, train_acc: 74.98, train_fscore: 74.27, valid_loss: 1.9977, valid_acc: 39.06, valid_fscore: 38.45, test_loss: 1.9374, test_acc: 39.76, test_fscore: 38.43, time: 10.85 sec
[2022-06-11 07:56:59,926][run.py][line:172][INFO] Epoch: 9, train_loss: 0.809, train_acc: 75.32, train_fscore: 74.39, valid_loss: 2.094, valid_acc: 38.54, valid_fscore: 38.25, test_loss: 2.0155, test_acc: 39.53, test_fscore: 38.07, time: 6.66 sec
[2022-06-11 07:57:05,434][run.py][line:172][INFO] Epoch: 10, train_loss: 0.7819, train_acc: 76.37, train_fscore: 75.68, valid_loss: 1.9976, valid_acc: 39.96, valid_fscore: 38.86, test_loss: 1.9588, test_acc: 39.61, test_fscore: 37.25, time: 5.51 sec
[2022-06-11 07:57:10,879][run.py][line:172][INFO] Epoch: 11, train_loss: 0.7632, train_acc: 76.58, train_fscore: 75.88, valid_loss: 2.0967, valid_acc: 38.84, valid_fscore: 37.92, test_loss: 2.0218, test_acc: 40.14, test_fscore: 38.54, time: 5.45 sec
[2022-06-11 07:57:16,060][run.py][line:172][INFO] Epoch: 12, train_loss: 0.7419, train_acc: 77.73, train_fscore: 77.14, valid_loss: 2.1496, valid_acc: 39.21, valid_fscore: 38.45, test_loss: 2.0995, test_acc: 40.29, test_fscore: 38.98, time: 5.18 sec
[2022-06-11 07:57:25,144][run.py][line:172][INFO] Epoch: 13, train_loss: 0.7228, train_acc: 78.1, train_fscore: 77.53, valid_loss: 2.0134, valid_acc: 37.87, valid_fscore: 37.71, test_loss: 1.9768, test_acc: 39.01, test_fscore: 37.74, time: 9.08 sec
[2022-06-11 07:57:34,123][run.py][line:172][INFO] Epoch: 14, train_loss: 0.6952, train_acc: 78.74, train_fscore: 78.22, valid_loss: 2.1558, valid_acc: 39.66, valid_fscore: 38.6, test_loss: 2.0807, test_acc: 40.36, test_fscore: 38.15, time: 8.98 sec
[2022-06-11 07:57:44,060][run.py][line:172][INFO] Epoch: 15, train_loss: 0.6689, train_acc: 79.64, train_fscore: 79.07, valid_loss: 2.3572, valid_acc: 37.65, valid_fscore: 37.76, test_loss: 2.2502, test_acc: 39.01, test_fscore: 37.94, time: 9.94 sec
[2022-06-11 07:57:50,125][run.py][line:172][INFO] Epoch: 16, train_loss: 0.636, train_acc: 80.43, train_fscore: 80.03, valid_loss: 2.478, valid_acc: 39.58, valid_fscore: 38.59, test_loss: 2.3903, test_acc: 39.83, test_fscore: 37.88, time: 6.07 sec
[2022-06-11 07:57:54,169][run.py][line:172][INFO] Epoch: 17, train_loss: 0.605, train_acc: 80.89, train_fscore: 80.44, valid_loss: 2.5368, valid_acc: 36.46, valid_fscore: 36.09, test_loss: 2.4085, test_acc: 38.25, test_fscore: 37.37, time: 4.04 sec
[2022-06-11 07:57:58,120][run.py][line:172][INFO] Epoch: 18, train_loss: 0.555, train_acc: 82.17, train_fscore: 81.83, valid_loss: 2.5408, valid_acc: 38.02, valid_fscore: 36.9, test_loss: 2.3987, test_acc: 39.31, test_fscore: 37.59, time: 3.95 sec
[2022-06-11 07:58:02,763][run.py][line:172][INFO] Epoch: 19, train_loss: 0.4967, train_acc: 84.48, train_fscore: 84.2, valid_loss: 2.7751, valid_acc: 38.02, valid_fscore: 37.62, test_loss: 2.7192, test_acc: 38.33, test_fscore: 37.37, time: 4.64 sec
[2022-06-11 07:58:09,128][run.py][line:172][INFO] Epoch: 20, train_loss: 0.501, train_acc: 83.99, train_fscore: 83.67, valid_loss: 2.8922, valid_acc: 35.94, valid_fscore: 35.18, test_loss: 2.7807, test_acc: 38.93, test_fscore: 37.75, time: 6.36 sec
[2022-06-11 07:58:16,610][run.py][line:172][INFO] Epoch: 21, train_loss: 0.4682, train_acc: 85.04, train_fscore: 84.78, valid_loss: 3.0914, valid_acc: 37.2, valid_fscore: 37.59, test_loss: 3.0349, test_acc: 39.01, test_fscore: 38.82, time: 7.48 sec
[2022-06-11 07:58:23,891][run.py][line:172][INFO] Epoch: 22, train_loss: 0.4249, train_acc: 86.76, train_fscore: 86.56, valid_loss: 2.8416, valid_acc: 38.84, valid_fscore: 37.1, test_loss: 2.7859, test_acc: 38.4, test_fscore: 35.99, time: 7.28 sec
[2022-06-11 07:58:28,943][run.py][line:172][INFO] Epoch: 23, train_loss: 0.4039, train_acc: 87.11, train_fscore: 86.89, valid_loss: 3.2743, valid_acc: 37.35, valid_fscore: 37.02, test_loss: 3.0867, test_acc: 38.93, test_fscore: 38.36, time: 5.05 sec
[2022-06-11 07:58:33,255][run.py][line:172][INFO] Epoch: 24, train_loss: 0.3652, train_acc: 88.27, train_fscore: 88.1, valid_loss: 3.2494, valid_acc: 36.46, valid_fscore: 36.23, test_loss: 3.0276, test_acc: 38.48, test_fscore: 37.7, time: 4.31 sec
[2022-06-11 07:58:41,230][run.py][line:172][INFO] Epoch: 25, train_loss: 0.3531, train_acc: 88.58, train_fscore: 88.43, valid_loss: 3.5304, valid_acc: 37.43, valid_fscore: 36.89, test_loss: 3.4113, test_acc: 38.78, test_fscore: 37.77, time: 7.98 sec
[2022-06-11 07:58:49,492][run.py][line:172][INFO] Epoch: 26, train_loss: 0.3174, train_acc: 89.83, train_fscore: 89.72, valid_loss: 3.8145, valid_acc: 36.09, valid_fscore: 36.22, test_loss: 3.8381, test_acc: 37.2, test_fscore: 36.77, time: 8.26 sec
[2022-06-11 07:58:55,037][run.py][line:172][INFO] Epoch: 27, train_loss: 0.2865, train_acc: 90.79, train_fscore: 90.71, valid_loss: 3.8477, valid_acc: 34.82, valid_fscore: 34.73, test_loss: 3.6324, test_acc: 37.12, test_fscore: 36.93, time: 5.54 sec
[2022-06-11 07:59:02,797][run.py][line:172][INFO] Epoch: 28, train_loss: 0.3052, train_acc: 90.24, train_fscore: 90.13, valid_loss: 3.7254, valid_acc: 36.53, valid_fscore: 36.33, test_loss: 3.5844, test_acc: 38.18, test_fscore: 37.43, time: 7.76 sec
[2022-06-11 07:59:09,809][run.py][line:172][INFO] Epoch: 29, train_loss: 0.2531, train_acc: 91.73, train_fscore: 91.65, valid_loss: 4.0549, valid_acc: 36.53, valid_fscore: 36.78, test_loss: 4.0704, test_acc: 37.2, test_fscore: 37.19, time: 7.01 sec
[2022-06-11 07:59:17,850][run.py][line:172][INFO] Epoch: 30, train_loss: 0.2639, train_acc: 91.45, train_fscore: 91.36, valid_loss: 4.2219, valid_acc: 36.31, valid_fscore: 36.39, test_loss: 4.0868, test_acc: 36.6, test_fscore: 36.38, time: 8.04 sec
[2022-06-11 07:59:25,394][run.py][line:172][INFO] Epoch: 31, train_loss: 0.2244, train_acc: 92.69, train_fscore: 92.64, valid_loss: 4.5196, valid_acc: 35.86, valid_fscore: 35.95, test_loss: 4.5356, test_acc: 36.14, test_fscore: 35.89, time: 7.54 sec
[2022-06-11 07:59:33,919][run.py][line:172][INFO] Epoch: 32, train_loss: 0.2102, train_acc: 93.03, train_fscore: 92.99, valid_loss: 4.6985, valid_acc: 36.38, valid_fscore: 36.52, test_loss: 4.6109, test_acc: 37.12, test_fscore: 37.06, time: 8.52 sec
[2022-06-11 07:59:43,677][run.py][line:172][INFO] Epoch: 33, train_loss: 0.194, train_acc: 93.93, train_fscore: 93.9, valid_loss: 4.6821, valid_acc: 35.79, valid_fscore: 35.47, test_loss: 4.6875, test_acc: 36.82, test_fscore: 36.12, time: 9.76 sec
[2022-06-11 07:59:52,946][run.py][line:172][INFO] Epoch: 34, train_loss: 0.2022, train_acc: 93.5, train_fscore: 93.45, valid_loss: 4.6733, valid_acc: 35.04, valid_fscore: 34.61, test_loss: 4.5981, test_acc: 37.5, test_fscore: 36.37, time: 9.27 sec
[2022-06-11 08:00:02,210][run.py][line:172][INFO] Epoch: 35, train_loss: 0.1976, train_acc: 93.57, train_fscore: 93.53, valid_loss: 4.7857, valid_acc: 35.64, valid_fscore: 35.41, test_loss: 4.6576, test_acc: 37.05, test_fscore: 36.49, time: 9.26 sec
[2022-06-11 08:00:07,713][run.py][line:172][INFO] Epoch: 36, train_loss: 0.1886, train_acc: 93.65, train_fscore: 93.61, valid_loss: 5.7104, valid_acc: 36.01, valid_fscore: 36.3, test_loss: 5.3753, test_acc: 36.9, test_fscore: 36.65, time: 5.5 sec
[2022-06-11 08:00:13,919][run.py][line:172][INFO] Epoch: 37, train_loss: 0.15, train_acc: 95.32, train_fscore: 95.3, valid_loss: 5.5481, valid_acc: 35.19, valid_fscore: 34.82, test_loss: 5.3726, test_acc: 39.01, test_fscore: 38.11, time: 6.21 sec
[2022-06-11 08:00:23,005][run.py][line:172][INFO] Epoch: 38, train_loss: 0.155, train_acc: 95.11, train_fscore: 95.09, valid_loss: 5.7069, valid_acc: 36.53, valid_fscore: 36.38, test_loss: 5.4154, test_acc: 36.97, test_fscore: 36.46, time: 9.09 sec
[2022-06-11 08:00:28,807][run.py][line:172][INFO] Epoch: 39, train_loss: 0.1665, train_acc: 94.55, train_fscore: 94.53, valid_loss: 5.6385, valid_acc: 36.09, valid_fscore: 36.17, test_loss: 5.7565, test_acc: 36.97, test_fscore: 36.35, time: 5.8 sec
[2022-06-11 08:00:35,655][run.py][line:172][INFO] Epoch: 40, train_loss: 0.1585, train_acc: 94.94, train_fscore: 94.92, valid_loss: 5.3757, valid_acc: 37.2, valid_fscore: 36.49, test_loss: 5.3, test_acc: 37.05, test_fscore: 36.06, time: 6.85 sec
[2022-06-11 08:00:42,611][run.py][line:172][INFO] Epoch: 41, train_loss: 0.1246, train_acc: 96.04, train_fscore: 96.03, valid_loss: 5.6988, valid_acc: 34.97, valid_fscore: 35.03, test_loss: 5.6913, test_acc: 37.12, test_fscore: 36.59, time: 6.96 sec
[2022-06-11 08:00:50,918][run.py][line:172][INFO] Epoch: 42, train_loss: 0.1282, train_acc: 95.85, train_fscore: 95.84, valid_loss: 5.9732, valid_acc: 37.13, valid_fscore: 37.01, test_loss: 6.1331, test_acc: 36.97, test_fscore: 36.72, time: 8.31 sec
[2022-06-11 08:01:00,348][run.py][line:172][INFO] Epoch: 43, train_loss: 0.138, train_acc: 95.5, train_fscore: 95.49, valid_loss: 6.0465, valid_acc: 35.19, valid_fscore: 35.56, test_loss: 5.7918, test_acc: 36.45, test_fscore: 36.32, time: 9.43 sec
[2022-06-11 08:01:06,563][run.py][line:172][INFO] Epoch: 44, train_loss: 0.1339, train_acc: 95.7, train_fscore: 95.69, valid_loss: 6.1522, valid_acc: 35.49, valid_fscore: 35.32, test_loss: 6.2282, test_acc: 36.82, test_fscore: 36.12, time: 6.21 sec
[2022-06-11 08:01:14,934][run.py][line:172][INFO] Epoch: 45, train_loss: 0.1085, train_acc: 96.47, train_fscore: 96.46, valid_loss: 6.6556, valid_acc: 35.42, valid_fscore: 35.18, test_loss: 6.5253, test_acc: 37.65, test_fscore: 37.05, time: 8.37 sec
[2022-06-11 08:01:22,592][run.py][line:172][INFO] Epoch: 46, train_loss: 0.1, train_acc: 96.65, train_fscore: 96.64, valid_loss: 6.8312, valid_acc: 36.46, valid_fscore: 36.34, test_loss: 6.7064, test_acc: 36.67, test_fscore: 36.03, time: 7.66 sec
[2022-06-11 08:01:32,428][run.py][line:172][INFO] Epoch: 47, train_loss: 0.1071, train_acc: 96.76, train_fscore: 96.75, valid_loss: 6.6644, valid_acc: 35.42, valid_fscore: 36.05, test_loss: 6.4908, test_acc: 37.42, test_fscore: 37.48, time: 9.84 sec
[2022-06-11 08:01:41,633][run.py][line:172][INFO] Epoch: 48, train_loss: 0.1158, train_acc: 96.48, train_fscore: 96.47, valid_loss: 6.2234, valid_acc: 35.27, valid_fscore: 35.63, test_loss: 6.0293, test_acc: 36.52, test_fscore: 36.18, time: 9.2 sec
[2022-06-11 08:01:50,870][run.py][line:172][INFO] Epoch: 49, train_loss: 0.102, train_acc: 96.82, train_fscore: 96.81, valid_loss: 6.2116, valid_acc: 35.94, valid_fscore: 36.31, test_loss: 6.4458, test_acc: 36.45, test_fscore: 36.32, time: 9.24 sec
[2022-06-11 08:02:01,437][run.py][line:172][INFO] Epoch: 50, train_loss: 0.0981, train_acc: 96.73, train_fscore: 96.72, valid_loss: 6.3605, valid_acc: 36.38, valid_fscore: 36.2, test_loss: 6.4436, test_acc: 37.27, test_fscore: 36.33, time: 10.57 sec
[2022-06-11 08:02:10,215][run.py][line:172][INFO] Epoch: 51, train_loss: 0.1202, train_acc: 96.27, train_fscore: 96.26, valid_loss: 5.9508, valid_acc: 35.94, valid_fscore: 36.29, test_loss: 5.8326, test_acc: 35.47, test_fscore: 35.18, time: 8.78 sec
[2022-06-11 08:02:14,136][run.py][line:172][INFO] Epoch: 52, train_loss: 0.0965, train_acc: 96.95, train_fscore: 96.94, valid_loss: 6.6901, valid_acc: 36.16, valid_fscore: 35.93, test_loss: 6.995, test_acc: 36.52, test_fscore: 35.77, time: 3.92 sec
[2022-06-11 08:02:18,811][run.py][line:172][INFO] Epoch: 53, train_loss: 0.0815, train_acc: 97.47, train_fscore: 97.47, valid_loss: 6.5952, valid_acc: 36.31, valid_fscore: 36.56, test_loss: 6.5231, test_acc: 36.6, test_fscore: 36.28, time: 4.67 sec
[2022-06-11 08:02:23,528][run.py][line:172][INFO] Epoch: 54, train_loss: 0.0933, train_acc: 97.15, train_fscore: 97.15, valid_loss: 6.4569, valid_acc: 35.71, valid_fscore: 36.13, test_loss: 6.5181, test_acc: 36.82, test_fscore: 36.72, time: 4.72 sec
[2022-06-11 08:02:30,608][run.py][line:172][INFO] Epoch: 55, train_loss: 0.1004, train_acc: 96.98, train_fscore: 96.97, valid_loss: 6.4476, valid_acc: 36.53, valid_fscore: 36.81, test_loss: 6.5786, test_acc: 36.6, test_fscore: 36.34, time: 7.08 sec
[2022-06-11 08:02:39,331][run.py][line:172][INFO] Epoch: 56, train_loss: 0.099, train_acc: 97.05, train_fscore: 97.05, valid_loss: 6.0332, valid_acc: 36.01, valid_fscore: 36.29, test_loss: 6.1981, test_acc: 37.58, test_fscore: 37.2, time: 8.72 sec
[2022-06-11 08:02:44,543][run.py][line:172][INFO] Epoch: 57, train_loss: 0.0904, train_acc: 97.15, train_fscore: 97.15, valid_loss: 6.3314, valid_acc: 36.24, valid_fscore: 36.41, test_loss: 6.3417, test_acc: 36.97, test_fscore: 36.61, time: 5.21 sec
[2022-06-11 08:02:48,514][run.py][line:172][INFO] Epoch: 58, train_loss: 0.0813, train_acc: 97.35, train_fscore: 97.35, valid_loss: 6.8306, valid_acc: 35.42, valid_fscore: 35.42, test_loss: 7.003, test_acc: 37.05, test_fscore: 36.27, time: 3.97 sec
[2022-06-11 08:02:53,127][run.py][line:172][INFO] Epoch: 59, train_loss: 0.0788, train_acc: 97.54, train_fscore: 97.54, valid_loss: 6.5537, valid_acc: 36.61, valid_fscore: 36.54, test_loss: 6.5987, test_acc: 37.05, test_fscore: 36.47, time: 4.61 sec
[2022-06-11 08:02:58,614][run.py][line:172][INFO] Epoch: 60, train_loss: 0.0836, train_acc: 97.35, train_fscore: 97.35, valid_loss: 6.8172, valid_acc: 36.09, valid_fscore: 36.2, test_loss: 6.4821, test_acc: 36.82, test_fscore: 36.38, time: 5.49 sec
[2022-06-11 08:02:58,615][run.py][line:184][INFO] finish training!
[2022-06-11 08:02:58,615][run.py][line:200][INFO] Best F-Score based on validation:37.33
[2022-06-11 08:02:58,615][run.py][line:201][INFO] Best F-Score based on test:38.98
