[2022-06-11 14:39:29,160][run.py][line:117][INFO] start training on GPU 0!
[2022-06-11 14:39:29,160][run.py][line:118][INFO] Namespace(bert_model_dir='', bert_tokenizer_dir='', bert_dim=1024, hidden_dim=300, gnn_hidden_dim=300, code_dim=192, feat_dim=1024, mlp_layers=2, gnn_layers=1, emb_dim=1024, attn_type='rgcn', no_rel_attn=False, max_sent_len=200, no_cuda=False, dataset_name='EmoryNLP', windowp=3, windowf=0, withvae=True, max_grad_norm=5.0, lr=0.0006, dropout=0.9, batch_size=8, epochs=50, tensorboard=False, nodal_att_type=None, cuda=True)
[2022-06-11 14:39:45,298][run.py][line:172][INFO] Epoch: 1, train_loss: 1.4418, train_acc: 46.95, train_fscore: 39.44, valid_loss: 1.9413, valid_acc: 35.34, valid_fscore: 31.17, test_loss: 1.8891, test_acc: 33.89, test_fscore: 28.67, time: 9.86 sec
[2022-06-11 14:39:53,322][run.py][line:172][INFO] Epoch: 2, train_loss: 1.2423, train_acc: 58.44, train_fscore: 50.82, valid_loss: 1.8974, valid_acc: 39.36, valid_fscore: 34.46, test_loss: 1.8329, test_acc: 39.83, test_fscore: 33.43, time: 8.02 sec
[2022-06-11 14:40:00,238][run.py][line:172][INFO] Epoch: 3, train_loss: 1.1566, train_acc: 63.37, train_fscore: 57.34, valid_loss: 1.8415, valid_acc: 38.17, valid_fscore: 34.11, test_loss: 1.8356, test_acc: 39.91, test_fscore: 34.53, time: 6.92 sec
[2022-06-11 14:40:05,187][run.py][line:172][INFO] Epoch: 4, train_loss: 1.1303, train_acc: 64.17, train_fscore: 59.67, valid_loss: 1.8803, valid_acc: 36.46, valid_fscore: 35.17, test_loss: 1.8315, test_acc: 38.55, test_fscore: 35.59, time: 4.95 sec
[2022-06-11 14:40:09,027][run.py][line:172][INFO] Epoch: 5, train_loss: 1.0864, train_acc: 65.54, train_fscore: 61.76, valid_loss: 1.9395, valid_acc: 36.53, valid_fscore: 35.89, test_loss: 1.9379, test_acc: 37.95, test_fscore: 35.59, time: 3.84 sec
[2022-06-11 14:40:12,881][run.py][line:172][INFO] Epoch: 6, train_loss: 1.0781, train_acc: 67.02, train_fscore: 64.37, valid_loss: 1.8496, valid_acc: 36.76, valid_fscore: 37.02, test_loss: 1.7713, test_acc: 39.08, test_fscore: 37.86, time: 3.84 sec
[2022-06-11 14:40:17,044][run.py][line:172][INFO] Epoch: 7, train_loss: 1.0539, train_acc: 68.55, train_fscore: 66.42, valid_loss: 1.9318, valid_acc: 36.9, valid_fscore: 36.61, test_loss: 1.8689, test_acc: 38.48, test_fscore: 36.78, time: 4.16 sec
[2022-06-11 14:40:21,001][run.py][line:172][INFO] Epoch: 8, train_loss: 1.0381, train_acc: 68.76, train_fscore: 66.78, valid_loss: 2.0362, valid_acc: 36.09, valid_fscore: 36.07, test_loss: 1.9271, test_acc: 37.35, test_fscore: 35.9, time: 3.96 sec
[2022-06-11 14:40:24,807][run.py][line:172][INFO] Epoch: 9, train_loss: 1.0265, train_acc: 70.05, train_fscore: 68.42, valid_loss: 1.9682, valid_acc: 36.68, valid_fscore: 37.14, test_loss: 1.8688, test_acc: 39.53, test_fscore: 39.04, time: 3.81 sec
[2022-06-11 14:40:28,747][run.py][line:172][INFO] Epoch: 10, train_loss: 1.0052, train_acc: 70.55, train_fscore: 68.33, valid_loss: 1.823, valid_acc: 38.02, valid_fscore: 37.59, test_loss: 1.7637, test_acc: 38.4, test_fscore: 36.39, time: 3.94 sec
[2022-06-11 14:40:32,567][run.py][line:172][INFO] Epoch: 11, train_loss: 1.0033, train_acc: 70.91, train_fscore: 68.72, valid_loss: 2.0354, valid_acc: 37.35, valid_fscore: 36.78, test_loss: 1.9275, test_acc: 38.33, test_fscore: 36.54, time: 3.82 sec
[2022-06-11 14:40:36,036][run.py][line:172][INFO] Epoch: 12, train_loss: 1.0022, train_acc: 71.09, train_fscore: 69.03, valid_loss: 1.9068, valid_acc: 37.57, valid_fscore: 36.85, test_loss: 1.8695, test_acc: 37.88, test_fscore: 35.61, time: 3.47 sec
[2022-06-11 14:40:39,420][run.py][line:172][INFO] Epoch: 13, train_loss: 0.999, train_acc: 71.2, train_fscore: 69.41, valid_loss: 1.8572, valid_acc: 36.38, valid_fscore: 36.09, test_loss: 1.8229, test_acc: 38.18, test_fscore: 36.55, time: 3.38 sec
[2022-06-11 14:40:42,797][run.py][line:172][INFO] Epoch: 14, train_loss: 0.9765, train_acc: 71.73, train_fscore: 69.95, valid_loss: 1.8883, valid_acc: 39.06, valid_fscore: 38.16, test_loss: 1.8241, test_acc: 39.76, test_fscore: 37.42, time: 3.38 sec
[2022-06-11 14:40:46,181][run.py][line:172][INFO] Epoch: 15, train_loss: 0.9902, train_acc: 71.36, train_fscore: 69.57, valid_loss: 1.9558, valid_acc: 39.06, valid_fscore: 37.69, test_loss: 1.9101, test_acc: 39.46, test_fscore: 36.63, time: 3.38 sec
[2022-06-11 14:40:49,575][run.py][line:172][INFO] Epoch: 16, train_loss: 0.9775, train_acc: 71.72, train_fscore: 70.27, valid_loss: 1.8892, valid_acc: 38.47, valid_fscore: 38.07, test_loss: 1.8308, test_acc: 39.23, test_fscore: 37.56, time: 3.39 sec
[2022-06-11 14:40:52,965][run.py][line:172][INFO] Epoch: 17, train_loss: 0.9644, train_acc: 71.75, train_fscore: 70.26, valid_loss: 1.9923, valid_acc: 38.1, valid_fscore: 37.21, test_loss: 1.9505, test_acc: 38.4, test_fscore: 36.59, time: 3.39 sec
[2022-06-11 14:40:56,312][run.py][line:172][INFO] Epoch: 18, train_loss: 0.9607, train_acc: 71.79, train_fscore: 69.98, valid_loss: 2.0455, valid_acc: 37.05, valid_fscore: 37.5, test_loss: 1.9644, test_acc: 37.58, test_fscore: 36.8, time: 3.35 sec
[2022-06-11 14:41:02,331][run.py][line:172][INFO] Epoch: 19, train_loss: 0.9338, train_acc: 72.48, train_fscore: 70.54, valid_loss: 1.9068, valid_acc: 38.99, valid_fscore: 37.4, test_loss: 1.8874, test_acc: 39.23, test_fscore: 36.52, time: 6.02 sec
[2022-06-11 14:41:10,061][run.py][line:172][INFO] Epoch: 20, train_loss: 0.9524, train_acc: 72.79, train_fscore: 71.15, valid_loss: 2.0656, valid_acc: 38.69, valid_fscore: 37.55, test_loss: 2.0063, test_acc: 38.03, test_fscore: 36.02, time: 7.73 sec
[2022-06-11 14:41:17,746][run.py][line:172][INFO] Epoch: 21, train_loss: 0.9223, train_acc: 72.77, train_fscore: 71.27, valid_loss: 1.9036, valid_acc: 36.68, valid_fscore: 36.81, test_loss: 1.8643, test_acc: 36.6, test_fscore: 35.78, time: 7.69 sec
[2022-06-11 14:41:25,448][run.py][line:172][INFO] Epoch: 22, train_loss: 0.9157, train_acc: 72.52, train_fscore: 70.6, valid_loss: 1.8737, valid_acc: 38.47, valid_fscore: 37.1, test_loss: 1.8903, test_acc: 39.16, test_fscore: 37.09, time: 7.7 sec
[2022-06-11 14:41:33,280][run.py][line:172][INFO] Epoch: 23, train_loss: 0.9017, train_acc: 72.9, train_fscore: 71.34, valid_loss: 1.988, valid_acc: 38.02, valid_fscore: 37.54, test_loss: 1.9094, test_acc: 37.95, test_fscore: 36.67, time: 7.83 sec
[2022-06-11 14:41:41,413][run.py][line:172][INFO] Epoch: 24, train_loss: 0.8791, train_acc: 73.55, train_fscore: 71.68, valid_loss: 2.1404, valid_acc: 37.95, valid_fscore: 36.84, test_loss: 2.0723, test_acc: 39.16, test_fscore: 37.22, time: 8.13 sec
[2022-06-11 14:41:49,494][run.py][line:172][INFO] Epoch: 25, train_loss: 0.8578, train_acc: 74.18, train_fscore: 72.28, valid_loss: 2.1829, valid_acc: 37.87, valid_fscore: 36.5, test_loss: 2.1304, test_acc: 39.16, test_fscore: 36.85, time: 8.08 sec
[2022-06-11 14:41:54,720][run.py][line:172][INFO] Epoch: 26, train_loss: 0.8606, train_acc: 73.92, train_fscore: 72.39, valid_loss: 2.1431, valid_acc: 37.05, valid_fscore: 36.88, test_loss: 2.111, test_acc: 38.7, test_fscore: 37.7, time: 5.23 sec
[2022-06-11 14:41:58,780][run.py][line:172][INFO] Epoch: 27, train_loss: 0.8486, train_acc: 74.61, train_fscore: 72.98, valid_loss: 2.0756, valid_acc: 38.39, valid_fscore: 37.98, test_loss: 2.0665, test_acc: 37.5, test_fscore: 36.16, time: 4.06 sec
[2022-06-11 14:42:03,274][run.py][line:172][INFO] Epoch: 28, train_loss: 0.8462, train_acc: 74.31, train_fscore: 72.28, valid_loss: 2.2097, valid_acc: 38.69, valid_fscore: 37.74, test_loss: 2.1219, test_acc: 38.4, test_fscore: 36.63, time: 4.49 sec
[2022-06-11 14:42:06,680][run.py][line:172][INFO] Epoch: 29, train_loss: 0.801, train_acc: 75.05, train_fscore: 73.65, valid_loss: 2.2567, valid_acc: 38.02, valid_fscore: 37.4, test_loss: 2.2566, test_acc: 37.8, test_fscore: 36.31, time: 3.41 sec
[2022-06-11 14:42:13,500][run.py][line:172][INFO] Epoch: 30, train_loss: 0.8116, train_acc: 74.9, train_fscore: 73.45, valid_loss: 2.3932, valid_acc: 37.65, valid_fscore: 36.62, test_loss: 2.3566, test_acc: 38.78, test_fscore: 37.07, time: 6.82 sec
[2022-06-11 14:42:21,535][run.py][line:172][INFO] Epoch: 31, train_loss: 0.7917, train_acc: 75.75, train_fscore: 74.44, valid_loss: 2.6542, valid_acc: 37.65, valid_fscore: 37.18, test_loss: 2.6269, test_acc: 37.2, test_fscore: 36.0, time: 8.03 sec
[2022-06-11 14:42:29,347][run.py][line:172][INFO] Epoch: 32, train_loss: 0.7789, train_acc: 75.58, train_fscore: 74.52, valid_loss: 2.2477, valid_acc: 38.32, valid_fscore: 37.14, test_loss: 2.2634, test_acc: 38.03, test_fscore: 36.18, time: 7.81 sec
[2022-06-11 14:42:37,254][run.py][line:172][INFO] Epoch: 33, train_loss: 0.7647, train_acc: 76.14, train_fscore: 74.87, valid_loss: 2.4473, valid_acc: 38.02, valid_fscore: 37.66, test_loss: 2.3789, test_acc: 38.93, test_fscore: 38.01, time: 7.91 sec
[2022-06-11 14:42:45,021][run.py][line:172][INFO] Epoch: 34, train_loss: 0.7262, train_acc: 76.47, train_fscore: 75.43, valid_loss: 2.5929, valid_acc: 35.94, valid_fscore: 36.49, test_loss: 2.4849, test_acc: 38.18, test_fscore: 37.54, time: 7.77 sec
[2022-06-11 14:42:52,832][run.py][line:172][INFO] Epoch: 35, train_loss: 0.7436, train_acc: 76.7, train_fscore: 75.69, valid_loss: 2.6658, valid_acc: 38.24, valid_fscore: 37.42, test_loss: 2.6767, test_acc: 38.48, test_fscore: 37.04, time: 7.81 sec
[2022-06-11 14:43:00,596][run.py][line:172][INFO] Epoch: 36, train_loss: 0.7318, train_acc: 76.64, train_fscore: 75.69, valid_loss: 3.1914, valid_acc: 36.53, valid_fscore: 36.27, test_loss: 2.9931, test_acc: 38.55, test_fscore: 36.8, time: 7.76 sec
[2022-06-11 14:43:08,376][run.py][line:172][INFO] Epoch: 37, train_loss: 0.6971, train_acc: 77.12, train_fscore: 76.28, valid_loss: 2.9526, valid_acc: 38.91, valid_fscore: 38.1, test_loss: 2.8783, test_acc: 37.8, test_fscore: 36.45, time: 7.78 sec
[2022-06-11 14:43:14,648][run.py][line:172][INFO] Epoch: 38, train_loss: 0.6848, train_acc: 77.45, train_fscore: 76.51, valid_loss: 3.1308, valid_acc: 36.16, valid_fscore: 35.53, test_loss: 3.0015, test_acc: 37.88, test_fscore: 36.27, time: 6.27 sec
[2022-06-11 14:43:18,353][run.py][line:172][INFO] Epoch: 39, train_loss: 0.6739, train_acc: 77.61, train_fscore: 76.86, valid_loss: 3.085, valid_acc: 35.71, valid_fscore: 35.94, test_loss: 2.9952, test_acc: 37.65, test_fscore: 36.96, time: 3.71 sec
[2022-06-11 14:43:22,161][run.py][line:172][INFO] Epoch: 40, train_loss: 0.6906, train_acc: 78.35, train_fscore: 77.66, valid_loss: 3.6681, valid_acc: 37.8, valid_fscore: 37.52, test_loss: 3.4446, test_acc: 38.1, test_fscore: 36.97, time: 3.81 sec
[2022-06-11 14:43:25,982][run.py][line:172][INFO] Epoch: 41, train_loss: 0.6617, train_acc: 78.51, train_fscore: 77.96, valid_loss: 3.3126, valid_acc: 36.83, valid_fscore: 36.62, test_loss: 3.2229, test_acc: 38.4, test_fscore: 37.48, time: 3.82 sec
[2022-06-11 14:43:29,834][run.py][line:172][INFO] Epoch: 42, train_loss: 0.6372, train_acc: 79.53, train_fscore: 78.94, valid_loss: 3.751, valid_acc: 37.87, valid_fscore: 36.72, test_loss: 3.6895, test_acc: 39.31, test_fscore: 37.63, time: 3.85 sec
[2022-06-11 14:43:33,621][run.py][line:172][INFO] Epoch: 43, train_loss: 0.6254, train_acc: 79.54, train_fscore: 78.76, valid_loss: 3.1677, valid_acc: 37.05, valid_fscore: 36.13, test_loss: 3.1189, test_acc: 37.2, test_fscore: 35.41, time: 3.79 sec
[2022-06-11 14:43:37,948][run.py][line:172][INFO] Epoch: 44, train_loss: 0.6096, train_acc: 79.78, train_fscore: 79.27, valid_loss: 3.4539, valid_acc: 36.68, valid_fscore: 37.15, test_loss: 3.4829, test_acc: 38.78, test_fscore: 38.59, time: 4.33 sec
[2022-06-11 14:43:44,291][run.py][line:172][INFO] Epoch: 45, train_loss: 0.5998, train_acc: 80.42, train_fscore: 79.71, valid_loss: 3.4683, valid_acc: 37.2, valid_fscore: 36.37, test_loss: 3.4735, test_acc: 38.7, test_fscore: 37.21, time: 6.34 sec
[2022-06-11 14:43:48,138][run.py][line:172][INFO] Epoch: 46, train_loss: 0.5748, train_acc: 80.77, train_fscore: 80.18, valid_loss: 3.6786, valid_acc: 35.57, valid_fscore: 35.6, test_loss: 3.5442, test_acc: 37.27, test_fscore: 36.54, time: 3.85 sec
[2022-06-11 14:43:51,790][run.py][line:172][INFO] Epoch: 47, train_loss: 0.57, train_acc: 80.85, train_fscore: 80.45, valid_loss: 4.0302, valid_acc: 36.01, valid_fscore: 36.23, test_loss: 3.9059, test_acc: 38.1, test_fscore: 37.08, time: 3.65 sec
[2022-06-11 14:43:58,206][run.py][line:172][INFO] Epoch: 48, train_loss: 0.548, train_acc: 82.03, train_fscore: 81.46, valid_loss: 3.8591, valid_acc: 35.86, valid_fscore: 36.08, test_loss: 3.7762, test_acc: 38.18, test_fscore: 37.61, time: 6.42 sec
[2022-06-11 14:44:05,412][run.py][line:172][INFO] Epoch: 49, train_loss: 0.5668, train_acc: 81.47, train_fscore: 80.89, valid_loss: 3.9717, valid_acc: 35.12, valid_fscore: 35.6, test_loss: 4.0156, test_acc: 38.48, test_fscore: 38.17, time: 7.21 sec
[2022-06-11 14:44:11,908][run.py][line:172][INFO] Epoch: 50, train_loss: 0.5365, train_acc: 82.02, train_fscore: 81.61, valid_loss: 3.6555, valid_acc: 36.38, valid_fscore: 36.15, test_loss: 3.801, test_acc: 38.1, test_fscore: 37.34, time: 6.5 sec
[2022-06-11 14:44:11,908][run.py][line:184][INFO] finish training!
[2022-06-11 14:44:11,908][run.py][line:200][INFO] Best F-Score based on validation:37.42
[2022-06-11 14:44:11,908][run.py][line:201][INFO] Best F-Score based on test:39.04
