[2022-06-11 14:04:26,463][run.py][line:117][INFO] start training on GPU 0!
[2022-06-11 14:04:26,464][run.py][line:118][INFO] Namespace(bert_model_dir='', bert_tokenizer_dir='', bert_dim=1024, hidden_dim=300, gnn_hidden_dim=300, code_dim=192, feat_dim=1024, mlp_layers=2, gnn_layers=1, emb_dim=1024, attn_type='rgcn', no_rel_attn=False, max_sent_len=200, no_cuda=False, dataset_name='EmoryNLP', windowp=3, windowf=0, withvae=True, max_grad_norm=5.0, lr=0.0001, dropout=0.9, batch_size=8, epochs=100, tensorboard=False, nodal_att_type=None, cuda=True)
[2022-06-11 14:04:40,873][run.py][line:172][INFO] Epoch: 1, train_loss: 1.6932, train_acc: 30.41, train_fscore: 18.13, valid_loss: 1.7589, valid_acc: 31.62, valid_fscore: 22.71, test_loss: 1.7848, test_acc: 33.13, test_fscore: 22.62, time: 8.01 sec
[2022-06-11 14:04:47,806][run.py][line:172][INFO] Epoch: 2, train_loss: 1.3495, train_acc: 50.71, train_fscore: 42.95, valid_loss: 1.8154, valid_acc: 36.98, valid_fscore: 31.14, test_loss: 1.8135, test_acc: 35.92, test_fscore: 29.2, time: 6.93 sec
[2022-06-11 14:04:56,208][run.py][line:172][INFO] Epoch: 3, train_loss: 1.2509, train_acc: 57.1, train_fscore: 49.49, valid_loss: 1.769, valid_acc: 37.57, valid_fscore: 31.2, test_loss: 1.7434, test_acc: 37.2, test_fscore: 29.78, time: 8.4 sec
[2022-06-11 14:05:02,966][run.py][line:172][INFO] Epoch: 4, train_loss: 1.1954, train_acc: 59.43, train_fscore: 51.22, valid_loss: 1.8457, valid_acc: 40.62, valid_fscore: 34.6, test_loss: 1.8066, test_acc: 39.91, test_fscore: 32.69, time: 6.76 sec
[2022-06-11 14:05:10,407][run.py][line:172][INFO] Epoch: 5, train_loss: 1.1303, train_acc: 63.15, train_fscore: 54.95, valid_loss: 1.8204, valid_acc: 39.73, valid_fscore: 34.23, test_loss: 1.8431, test_acc: 40.21, test_fscore: 32.98, time: 7.44 sec
[2022-06-11 14:05:18,281][run.py][line:172][INFO] Epoch: 6, train_loss: 1.0899, train_acc: 64.26, train_fscore: 57.01, valid_loss: 1.863, valid_acc: 39.29, valid_fscore: 34.23, test_loss: 1.8107, test_acc: 39.53, test_fscore: 32.84, time: 7.87 sec
[2022-06-11 14:05:25,977][run.py][line:172][INFO] Epoch: 7, train_loss: 1.0643, train_acc: 65.53, train_fscore: 59.05, valid_loss: 1.8393, valid_acc: 39.96, valid_fscore: 36.93, test_loss: 1.8009, test_acc: 40.21, test_fscore: 36.04, time: 7.69 sec
[2022-06-11 14:05:30,836][run.py][line:172][INFO] Epoch: 8, train_loss: 1.0566, train_acc: 67.57, train_fscore: 63.06, valid_loss: 1.9182, valid_acc: 39.73, valid_fscore: 36.97, test_loss: 1.8537, test_acc: 39.76, test_fscore: 35.82, time: 4.86 sec
[2022-06-11 14:05:37,490][run.py][line:172][INFO] Epoch: 9, train_loss: 1.0328, train_acc: 69.07, train_fscore: 65.32, valid_loss: 1.8386, valid_acc: 39.36, valid_fscore: 38.15, test_loss: 1.7843, test_acc: 39.76, test_fscore: 37.43, time: 6.65 sec
[2022-06-11 14:05:46,646][run.py][line:172][INFO] Epoch: 10, train_loss: 1.0255, train_acc: 69.76, train_fscore: 66.68, valid_loss: 1.8667, valid_acc: 38.84, valid_fscore: 37.87, test_loss: 1.809, test_acc: 40.06, test_fscore: 38.04, time: 9.16 sec
[2022-06-11 14:05:52,497][run.py][line:172][INFO] Epoch: 11, train_loss: 1.0028, train_acc: 70.08, train_fscore: 67.28, valid_loss: 1.9383, valid_acc: 37.05, valid_fscore: 36.77, test_loss: 1.8662, test_acc: 38.4, test_fscore: 36.98, time: 5.85 sec
[2022-06-11 14:05:59,116][run.py][line:172][INFO] Epoch: 12, train_loss: 1.0054, train_acc: 70.3, train_fscore: 67.82, valid_loss: 1.855, valid_acc: 36.76, valid_fscore: 36.73, test_loss: 1.8206, test_acc: 38.1, test_fscore: 36.89, time: 6.62 sec
[2022-06-11 14:06:07,293][run.py][line:172][INFO] Epoch: 13, train_loss: 0.9941, train_acc: 70.94, train_fscore: 68.47, valid_loss: 1.8543, valid_acc: 36.24, valid_fscore: 36.53, test_loss: 1.8213, test_acc: 37.35, test_fscore: 36.26, time: 8.18 sec
[2022-06-11 14:06:14,340][run.py][line:172][INFO] Epoch: 14, train_loss: 0.9848, train_acc: 71.16, train_fscore: 69.28, valid_loss: 1.8396, valid_acc: 36.61, valid_fscore: 37.32, test_loss: 1.7832, test_acc: 38.03, test_fscore: 37.32, time: 7.05 sec
[2022-06-11 14:06:23,907][run.py][line:172][INFO] Epoch: 15, train_loss: 0.9883, train_acc: 70.89, train_fscore: 69.08, valid_loss: 1.9044, valid_acc: 36.76, valid_fscore: 37.02, test_loss: 1.8342, test_acc: 38.63, test_fscore: 37.64, time: 9.57 sec
[2022-06-11 14:06:31,219][run.py][line:172][INFO] Epoch: 16, train_loss: 0.9734, train_acc: 71.66, train_fscore: 70.11, valid_loss: 1.8788, valid_acc: 36.31, valid_fscore: 36.93, test_loss: 1.8173, test_acc: 37.8, test_fscore: 36.84, time: 7.31 sec
[2022-06-11 14:06:35,243][run.py][line:172][INFO] Epoch: 17, train_loss: 0.9616, train_acc: 72.05, train_fscore: 70.08, valid_loss: 1.8984, valid_acc: 35.64, valid_fscore: 36.27, test_loss: 1.8289, test_acc: 38.1, test_fscore: 37.44, time: 4.02 sec
[2022-06-11 14:06:40,579][run.py][line:172][INFO] Epoch: 18, train_loss: 0.954, train_acc: 72.27, train_fscore: 70.3, valid_loss: 1.8774, valid_acc: 36.98, valid_fscore: 37.56, test_loss: 1.8461, test_acc: 38.86, test_fscore: 38.45, time: 5.34 sec
[2022-06-11 14:06:45,765][run.py][line:172][INFO] Epoch: 19, train_loss: 0.9518, train_acc: 72.16, train_fscore: 70.41, valid_loss: 1.844, valid_acc: 37.28, valid_fscore: 37.52, test_loss: 1.8304, test_acc: 37.73, test_fscore: 36.77, time: 5.19 sec
[2022-06-11 14:06:51,133][run.py][line:172][INFO] Epoch: 20, train_loss: 0.9546, train_acc: 72.49, train_fscore: 70.62, valid_loss: 1.8633, valid_acc: 36.68, valid_fscore: 37.13, test_loss: 1.8255, test_acc: 38.1, test_fscore: 37.73, time: 5.37 sec
[2022-06-11 14:06:57,242][run.py][line:172][INFO] Epoch: 21, train_loss: 0.9393, train_acc: 72.66, train_fscore: 70.77, valid_loss: 1.9292, valid_acc: 36.16, valid_fscore: 36.79, test_loss: 1.8594, test_acc: 38.55, test_fscore: 38.01, time: 6.11 sec
[2022-06-11 14:07:02,675][run.py][line:172][INFO] Epoch: 22, train_loss: 0.9348, train_acc: 72.83, train_fscore: 71.17, valid_loss: 1.8229, valid_acc: 36.61, valid_fscore: 36.71, test_loss: 1.8052, test_acc: 37.65, test_fscore: 36.93, time: 5.43 sec
[2022-06-11 14:07:11,648][run.py][line:172][INFO] Epoch: 23, train_loss: 0.923, train_acc: 73.13, train_fscore: 71.03, valid_loss: 1.934, valid_acc: 34.75, valid_fscore: 36.07, test_loss: 1.8612, test_acc: 36.9, test_fscore: 37.3, time: 8.97 sec
[2022-06-11 14:07:17,768][run.py][line:172][INFO] Epoch: 24, train_loss: 0.9177, train_acc: 72.72, train_fscore: 70.89, valid_loss: 1.9845, valid_acc: 36.38, valid_fscore: 37.05, test_loss: 1.9127, test_acc: 38.25, test_fscore: 37.66, time: 6.12 sec
[2022-06-11 14:07:23,364][run.py][line:172][INFO] Epoch: 25, train_loss: 0.9162, train_acc: 73.23, train_fscore: 71.17, valid_loss: 1.9167, valid_acc: 36.76, valid_fscore: 36.99, test_loss: 1.863, test_acc: 37.05, test_fscore: 36.12, time: 5.6 sec
[2022-06-11 14:07:30,592][run.py][line:172][INFO] Epoch: 26, train_loss: 0.8944, train_acc: 73.39, train_fscore: 71.5, valid_loss: 1.9603, valid_acc: 35.71, valid_fscore: 36.04, test_loss: 1.911, test_acc: 37.27, test_fscore: 36.62, time: 7.23 sec
[2022-06-11 14:07:35,911][run.py][line:172][INFO] Epoch: 27, train_loss: 0.9136, train_acc: 73.53, train_fscore: 71.59, valid_loss: 1.9298, valid_acc: 36.61, valid_fscore: 37.28, test_loss: 1.8949, test_acc: 36.75, test_fscore: 36.56, time: 5.32 sec
[2022-06-11 14:07:39,730][run.py][line:172][INFO] Epoch: 28, train_loss: 0.8886, train_acc: 73.71, train_fscore: 72.02, valid_loss: 2.0291, valid_acc: 36.61, valid_fscore: 36.89, test_loss: 1.9682, test_acc: 36.97, test_fscore: 36.07, time: 3.82 sec
[2022-06-11 14:07:43,386][run.py][line:172][INFO] Epoch: 29, train_loss: 0.8777, train_acc: 74.1, train_fscore: 72.22, valid_loss: 1.9331, valid_acc: 36.31, valid_fscore: 37.05, test_loss: 1.8851, test_acc: 36.52, test_fscore: 36.25, time: 3.66 sec
[2022-06-11 14:07:50,967][run.py][line:172][INFO] Epoch: 30, train_loss: 0.87, train_acc: 74.06, train_fscore: 72.49, valid_loss: 2.004, valid_acc: 36.76, valid_fscore: 37.19, test_loss: 1.926, test_acc: 37.95, test_fscore: 37.43, time: 7.58 sec
[2022-06-11 14:07:58,560][run.py][line:172][INFO] Epoch: 31, train_loss: 0.8706, train_acc: 74.42, train_fscore: 72.72, valid_loss: 1.9638, valid_acc: 37.87, valid_fscore: 38.02, test_loss: 1.9765, test_acc: 37.95, test_fscore: 36.86, time: 7.59 sec
[2022-06-11 14:08:06,506][run.py][line:172][INFO] Epoch: 32, train_loss: 0.8689, train_acc: 74.3, train_fscore: 72.86, valid_loss: 1.9644, valid_acc: 35.79, valid_fscore: 36.54, test_loss: 1.9218, test_acc: 37.12, test_fscore: 36.85, time: 7.95 sec
[2022-06-11 14:08:14,520][run.py][line:172][INFO] Epoch: 33, train_loss: 0.8608, train_acc: 74.95, train_fscore: 73.64, valid_loss: 1.9596, valid_acc: 36.01, valid_fscore: 36.47, test_loss: 1.9624, test_acc: 37.42, test_fscore: 36.88, time: 8.01 sec
[2022-06-11 14:08:19,439][run.py][line:172][INFO] Epoch: 34, train_loss: 0.832, train_acc: 74.84, train_fscore: 73.46, valid_loss: 2.0276, valid_acc: 36.31, valid_fscore: 37.45, test_loss: 2.0055, test_acc: 37.35, test_fscore: 37.37, time: 4.92 sec
[2022-06-11 14:08:23,480][run.py][line:172][INFO] Epoch: 35, train_loss: 0.839, train_acc: 75.34, train_fscore: 73.95, valid_loss: 2.0002, valid_acc: 36.83, valid_fscore: 37.62, test_loss: 2.0151, test_acc: 36.82, test_fscore: 36.25, time: 4.04 sec
[2022-06-11 14:08:27,496][run.py][line:172][INFO] Epoch: 36, train_loss: 0.8337, train_acc: 75.42, train_fscore: 73.86, valid_loss: 2.1767, valid_acc: 35.42, valid_fscore: 36.52, test_loss: 2.0755, test_acc: 37.2, test_fscore: 37.23, time: 4.02 sec
[2022-06-11 14:08:32,322][run.py][line:172][INFO] Epoch: 37, train_loss: 0.8117, train_acc: 75.88, train_fscore: 74.64, valid_loss: 2.026, valid_acc: 36.31, valid_fscore: 37.36, test_loss: 2.0307, test_acc: 36.37, test_fscore: 36.5, time: 4.83 sec
[2022-06-11 14:08:37,038][run.py][line:172][INFO] Epoch: 38, train_loss: 0.8068, train_acc: 76.4, train_fscore: 74.94, valid_loss: 2.0539, valid_acc: 37.2, valid_fscore: 38.27, test_loss: 1.9902, test_acc: 37.42, test_fscore: 37.56, time: 4.72 sec
[2022-06-11 14:08:41,024][run.py][line:172][INFO] Epoch: 39, train_loss: 0.7959, train_acc: 75.92, train_fscore: 74.8, valid_loss: 2.0578, valid_acc: 36.9, valid_fscore: 37.75, test_loss: 2.0326, test_acc: 38.63, test_fscore: 38.37, time: 3.99 sec
[2022-06-11 14:08:45,747][run.py][line:172][INFO] Epoch: 40, train_loss: 0.7906, train_acc: 76.73, train_fscore: 75.8, valid_loss: 2.0847, valid_acc: 36.24, valid_fscore: 37.16, test_loss: 2.0369, test_acc: 37.42, test_fscore: 37.05, time: 4.72 sec
[2022-06-11 14:08:49,861][run.py][line:172][INFO] Epoch: 41, train_loss: 0.7751, train_acc: 76.79, train_fscore: 75.64, valid_loss: 2.0973, valid_acc: 34.45, valid_fscore: 35.71, test_loss: 2.0877, test_acc: 37.73, test_fscore: 37.8, time: 4.11 sec
[2022-06-11 14:08:53,917][run.py][line:172][INFO] Epoch: 42, train_loss: 0.7703, train_acc: 77.1, train_fscore: 75.95, valid_loss: 2.1629, valid_acc: 35.79, valid_fscore: 36.86, test_loss: 2.1332, test_acc: 37.65, test_fscore: 37.73, time: 4.06 sec
[2022-06-11 14:08:58,424][run.py][line:172][INFO] Epoch: 43, train_loss: 0.7562, train_acc: 77.13, train_fscore: 75.87, valid_loss: 2.3008, valid_acc: 36.09, valid_fscore: 36.72, test_loss: 2.2004, test_acc: 38.33, test_fscore: 38.03, time: 4.51 sec
[2022-06-11 14:09:02,765][run.py][line:172][INFO] Epoch: 44, train_loss: 0.7604, train_acc: 76.96, train_fscore: 75.91, valid_loss: 2.1122, valid_acc: 35.86, valid_fscore: 36.75, test_loss: 2.1062, test_acc: 37.2, test_fscore: 36.92, time: 4.34 sec
[2022-06-11 14:09:08,251][run.py][line:172][INFO] Epoch: 45, train_loss: 0.7391, train_acc: 78.24, train_fscore: 77.43, valid_loss: 2.3124, valid_acc: 36.61, valid_fscore: 37.48, test_loss: 2.2281, test_acc: 38.86, test_fscore: 38.81, time: 5.49 sec
[2022-06-11 14:09:14,129][run.py][line:172][INFO] Epoch: 46, train_loss: 0.7226, train_acc: 78.25, train_fscore: 77.41, valid_loss: 2.2901, valid_acc: 34.0, valid_fscore: 35.92, test_loss: 2.209, test_acc: 35.99, test_fscore: 36.77, time: 5.88 sec
[2022-06-11 14:09:22,115][run.py][line:172][INFO] Epoch: 47, train_loss: 0.7109, train_acc: 78.52, train_fscore: 77.94, valid_loss: 2.3524, valid_acc: 36.53, valid_fscore: 37.94, test_loss: 2.2941, test_acc: 38.1, test_fscore: 38.26, time: 7.99 sec
[2022-06-11 14:09:27,508][run.py][line:172][INFO] Epoch: 48, train_loss: 0.7034, train_acc: 78.98, train_fscore: 78.21, valid_loss: 2.2313, valid_acc: 35.64, valid_fscore: 36.7, test_loss: 2.1967, test_acc: 37.65, test_fscore: 37.58, time: 5.39 sec
[2022-06-11 14:09:33,011][run.py][line:172][INFO] Epoch: 49, train_loss: 0.7017, train_acc: 78.68, train_fscore: 77.98, valid_loss: 2.2486, valid_acc: 35.57, valid_fscore: 36.9, test_loss: 2.2484, test_acc: 37.2, test_fscore: 37.36, time: 5.5 sec
[2022-06-11 14:09:38,853][run.py][line:172][INFO] Epoch: 50, train_loss: 0.6758, train_acc: 79.66, train_fscore: 79.1, valid_loss: 2.3776, valid_acc: 35.04, valid_fscore: 36.91, test_loss: 2.3133, test_acc: 36.82, test_fscore: 37.74, time: 5.84 sec
[2022-06-11 14:09:43,238][run.py][line:172][INFO] Epoch: 51, train_loss: 0.6938, train_acc: 78.61, train_fscore: 77.74, valid_loss: 2.4462, valid_acc: 35.64, valid_fscore: 37.36, test_loss: 2.4119, test_acc: 38.18, test_fscore: 38.81, time: 4.38 sec
[2022-06-11 14:09:47,134][run.py][line:172][INFO] Epoch: 52, train_loss: 0.6707, train_acc: 79.7, train_fscore: 78.95, valid_loss: 2.4089, valid_acc: 33.41, valid_fscore: 35.42, test_loss: 2.3329, test_acc: 36.67, test_fscore: 37.47, time: 3.9 sec
[2022-06-11 14:09:54,527][run.py][line:172][INFO] Epoch: 53, train_loss: 0.6609, train_acc: 79.68, train_fscore: 79.3, valid_loss: 2.5107, valid_acc: 35.42, valid_fscore: 36.8, test_loss: 2.415, test_acc: 37.35, test_fscore: 37.39, time: 7.39 sec
[2022-06-11 14:09:58,950][run.py][line:172][INFO] Epoch: 54, train_loss: 0.6366, train_acc: 80.49, train_fscore: 80.04, valid_loss: 2.5442, valid_acc: 35.71, valid_fscore: 37.37, test_loss: 2.4975, test_acc: 37.27, test_fscore: 37.79, time: 4.42 sec
[2022-06-11 14:10:03,669][run.py][line:172][INFO] Epoch: 55, train_loss: 0.6397, train_acc: 80.32, train_fscore: 79.85, valid_loss: 2.5641, valid_acc: 35.27, valid_fscore: 36.79, test_loss: 2.5038, test_acc: 36.75, test_fscore: 37.16, time: 4.72 sec
[2022-06-11 14:10:08,210][run.py][line:172][INFO] Epoch: 56, train_loss: 0.6207, train_acc: 80.6, train_fscore: 80.16, valid_loss: 2.6588, valid_acc: 34.67, valid_fscore: 35.89, test_loss: 2.6528, test_acc: 37.73, test_fscore: 37.72, time: 4.54 sec
[2022-06-11 14:10:13,103][run.py][line:172][INFO] Epoch: 57, train_loss: 0.6281, train_acc: 80.9, train_fscore: 80.39, valid_loss: 2.607, valid_acc: 36.61, valid_fscore: 37.34, test_loss: 2.6188, test_acc: 39.68, test_fscore: 39.14, time: 4.89 sec
[2022-06-11 14:10:19,337][run.py][line:172][INFO] Epoch: 58, train_loss: 0.6003, train_acc: 81.0, train_fscore: 80.51, valid_loss: 2.6801, valid_acc: 36.46, valid_fscore: 37.9, test_loss: 2.671, test_acc: 37.95, test_fscore: 38.32, time: 6.23 sec
[2022-06-11 14:10:24,021][run.py][line:172][INFO] Epoch: 59, train_loss: 0.5909, train_acc: 81.31, train_fscore: 80.86, valid_loss: 2.8153, valid_acc: 34.97, valid_fscore: 36.14, test_loss: 2.773, test_acc: 38.1, test_fscore: 38.05, time: 4.68 sec
[2022-06-11 14:10:29,823][run.py][line:172][INFO] Epoch: 60, train_loss: 0.5991, train_acc: 81.62, train_fscore: 81.25, valid_loss: 2.6915, valid_acc: 34.23, valid_fscore: 36.1, test_loss: 2.6006, test_acc: 36.22, test_fscore: 36.85, time: 5.8 sec
[2022-06-11 14:10:38,640][run.py][line:172][INFO] Epoch: 61, train_loss: 0.5903, train_acc: 81.48, train_fscore: 81.04, valid_loss: 2.6104, valid_acc: 34.15, valid_fscore: 35.8, test_loss: 2.5352, test_acc: 36.67, test_fscore: 37.21, time: 8.82 sec
[2022-06-11 14:10:44,190][run.py][line:172][INFO] Epoch: 62, train_loss: 0.5712, train_acc: 82.52, train_fscore: 82.05, valid_loss: 2.8451, valid_acc: 34.08, valid_fscore: 35.54, test_loss: 2.7694, test_acc: 37.2, test_fscore: 37.4, time: 5.55 sec
[2022-06-11 14:10:48,311][run.py][line:172][INFO] Epoch: 63, train_loss: 0.5612, train_acc: 82.13, train_fscore: 81.88, valid_loss: 3.0224, valid_acc: 35.94, valid_fscore: 37.33, test_loss: 2.9884, test_acc: 37.35, test_fscore: 37.72, time: 4.12 sec
[2022-06-11 14:10:53,809][run.py][line:172][INFO] Epoch: 64, train_loss: 0.5536, train_acc: 82.59, train_fscore: 82.31, valid_loss: 2.8287, valid_acc: 34.3, valid_fscore: 35.95, test_loss: 2.8567, test_acc: 37.73, test_fscore: 38.13, time: 5.5 sec
[2022-06-11 14:11:00,918][run.py][line:172][INFO] Epoch: 65, train_loss: 0.5317, train_acc: 83.08, train_fscore: 82.8, valid_loss: 3.1144, valid_acc: 35.34, valid_fscore: 36.46, test_loss: 3.1236, test_acc: 38.63, test_fscore: 38.5, time: 7.11 sec
[2022-06-11 14:11:08,371][run.py][line:172][INFO] Epoch: 66, train_loss: 0.5255, train_acc: 83.19, train_fscore: 82.9, valid_loss: 2.9472, valid_acc: 34.45, valid_fscore: 36.14, test_loss: 2.89, test_acc: 35.69, test_fscore: 36.35, time: 7.45 sec
[2022-06-11 14:11:16,184][run.py][line:172][INFO] Epoch: 67, train_loss: 0.525, train_acc: 83.42, train_fscore: 83.24, valid_loss: 3.2155, valid_acc: 34.6, valid_fscore: 36.1, test_loss: 3.244, test_acc: 35.84, test_fscore: 36.28, time: 7.81 sec
[2022-06-11 14:11:24,558][run.py][line:172][INFO] Epoch: 68, train_loss: 0.525, train_acc: 83.45, train_fscore: 83.28, valid_loss: 3.2661, valid_acc: 34.9, valid_fscore: 36.51, test_loss: 3.1983, test_acc: 37.2, test_fscore: 37.54, time: 8.37 sec
[2022-06-11 14:11:35,567][run.py][line:172][INFO] Epoch: 69, train_loss: 0.5093, train_acc: 83.85, train_fscore: 83.63, valid_loss: 3.3046, valid_acc: 32.66, valid_fscore: 34.39, test_loss: 3.2178, test_acc: 35.92, test_fscore: 36.36, time: 11.01 sec
[2022-06-11 14:11:45,629][run.py][line:172][INFO] Epoch: 70, train_loss: 0.4963, train_acc: 84.27, train_fscore: 84.12, valid_loss: 3.2601, valid_acc: 31.99, valid_fscore: 33.65, test_loss: 3.321, test_acc: 36.14, test_fscore: 36.57, time: 10.06 sec
[2022-06-11 14:11:55,416][run.py][line:172][INFO] Epoch: 71, train_loss: 0.4976, train_acc: 84.07, train_fscore: 83.89, valid_loss: 3.4564, valid_acc: 34.6, valid_fscore: 36.39, test_loss: 3.409, test_acc: 35.69, test_fscore: 36.32, time: 9.79 sec
[2022-06-11 14:12:03,701][run.py][line:172][INFO] Epoch: 72, train_loss: 0.4803, train_acc: 84.88, train_fscore: 84.8, valid_loss: 3.4339, valid_acc: 34.97, valid_fscore: 36.65, test_loss: 3.5553, test_acc: 36.75, test_fscore: 37.22, time: 8.29 sec
[2022-06-11 14:12:13,037][run.py][line:172][INFO] Epoch: 73, train_loss: 0.4807, train_acc: 84.65, train_fscore: 84.45, valid_loss: 3.7379, valid_acc: 34.15, valid_fscore: 35.76, test_loss: 3.8065, test_acc: 37.2, test_fscore: 37.43, time: 9.34 sec
[2022-06-11 14:12:22,144][run.py][line:172][INFO] Epoch: 74, train_loss: 0.4751, train_acc: 85.08, train_fscore: 85.02, valid_loss: 3.6353, valid_acc: 34.75, valid_fscore: 36.14, test_loss: 3.7352, test_acc: 38.03, test_fscore: 38.34, time: 9.11 sec
[2022-06-11 14:12:33,585][run.py][line:172][INFO] Epoch: 75, train_loss: 0.4594, train_acc: 84.96, train_fscore: 84.85, valid_loss: 3.5903, valid_acc: 34.52, valid_fscore: 36.08, test_loss: 3.5836, test_acc: 37.5, test_fscore: 37.76, time: 11.44 sec
[2022-06-11 14:12:41,872][run.py][line:172][INFO] Epoch: 76, train_loss: 0.4586, train_acc: 85.63, train_fscore: 85.53, valid_loss: 3.5305, valid_acc: 33.71, valid_fscore: 35.65, test_loss: 3.7188, test_acc: 36.3, test_fscore: 37.09, time: 8.29 sec
[2022-06-11 14:12:47,774][run.py][line:172][INFO] Epoch: 77, train_loss: 0.459, train_acc: 85.3, train_fscore: 85.27, valid_loss: 3.7658, valid_acc: 33.26, valid_fscore: 35.16, test_loss: 3.7769, test_acc: 35.69, test_fscore: 36.54, time: 5.9 sec
[2022-06-11 14:12:51,841][run.py][line:172][INFO] Epoch: 78, train_loss: 0.4412, train_acc: 85.83, train_fscore: 85.68, valid_loss: 4.017, valid_acc: 35.12, valid_fscore: 36.86, test_loss: 4.0244, test_acc: 35.99, test_fscore: 36.81, time: 4.07 sec
[2022-06-11 14:12:57,424][run.py][line:172][INFO] Epoch: 79, train_loss: 0.4212, train_acc: 86.17, train_fscore: 86.12, valid_loss: 3.8999, valid_acc: 34.0, valid_fscore: 35.6, test_loss: 4.0066, test_acc: 36.52, test_fscore: 36.92, time: 5.58 sec
[2022-06-11 14:13:06,296][run.py][line:172][INFO] Epoch: 80, train_loss: 0.4266, train_acc: 86.3, train_fscore: 86.25, valid_loss: 3.639, valid_acc: 32.22, valid_fscore: 33.89, test_loss: 3.7455, test_acc: 34.86, test_fscore: 35.12, time: 8.87 sec
[2022-06-11 14:13:15,711][run.py][line:172][INFO] Epoch: 81, train_loss: 0.4304, train_acc: 86.72, train_fscore: 86.6, valid_loss: 3.9919, valid_acc: 34.3, valid_fscore: 35.6, test_loss: 4.1276, test_acc: 36.97, test_fscore: 37.16, time: 9.42 sec
[2022-06-11 14:13:23,705][run.py][line:172][INFO] Epoch: 82, train_loss: 0.4248, train_acc: 86.19, train_fscore: 86.08, valid_loss: 4.0961, valid_acc: 35.86, valid_fscore: 37.33, test_loss: 4.2111, test_acc: 36.75, test_fscore: 36.83, time: 7.99 sec
[2022-06-11 14:13:28,102][run.py][line:172][INFO] Epoch: 83, train_loss: 0.4066, train_acc: 87.21, train_fscore: 87.16, valid_loss: 4.0662, valid_acc: 33.56, valid_fscore: 35.4, test_loss: 4.0673, test_acc: 36.3, test_fscore: 36.83, time: 4.4 sec
[2022-06-11 14:13:32,732][run.py][line:172][INFO] Epoch: 84, train_loss: 0.4063, train_acc: 87.03, train_fscore: 86.98, valid_loss: 3.9958, valid_acc: 31.99, valid_fscore: 34.08, test_loss: 4.1048, test_acc: 34.11, test_fscore: 34.87, time: 4.63 sec
[2022-06-11 14:13:37,907][run.py][line:172][INFO] Epoch: 85, train_loss: 0.4014, train_acc: 87.39, train_fscore: 87.33, valid_loss: 4.3884, valid_acc: 34.3, valid_fscore: 35.96, test_loss: 4.4109, test_acc: 36.9, test_fscore: 37.39, time: 5.18 sec
[2022-06-11 14:13:42,530][run.py][line:172][INFO] Epoch: 86, train_loss: 0.3852, train_acc: 87.38, train_fscore: 87.31, valid_loss: 4.9732, valid_acc: 35.57, valid_fscore: 36.96, test_loss: 4.9972, test_acc: 37.12, test_fscore: 37.42, time: 4.62 sec
[2022-06-11 14:13:49,482][run.py][line:172][INFO] Epoch: 87, train_loss: 0.3856, train_acc: 87.39, train_fscore: 87.33, valid_loss: 4.5399, valid_acc: 31.62, valid_fscore: 33.63, test_loss: 4.758, test_acc: 35.92, test_fscore: 36.32, time: 6.95 sec
[2022-06-11 14:13:57,595][run.py][line:172][INFO] Epoch: 88, train_loss: 0.3836, train_acc: 87.63, train_fscore: 87.58, valid_loss: 4.7206, valid_acc: 34.38, valid_fscore: 36.39, test_loss: 4.9446, test_acc: 35.77, test_fscore: 36.52, time: 8.11 sec
[2022-06-11 14:14:05,564][run.py][line:172][INFO] Epoch: 89, train_loss: 0.386, train_acc: 87.42, train_fscore: 87.41, valid_loss: 4.8783, valid_acc: 34.6, valid_fscore: 36.22, test_loss: 5.2384, test_acc: 35.69, test_fscore: 36.26, time: 7.97 sec
[2022-06-11 14:14:13,408][run.py][line:172][INFO] Epoch: 90, train_loss: 0.3671, train_acc: 88.17, train_fscore: 88.1, valid_loss: 4.807, valid_acc: 33.48, valid_fscore: 35.17, test_loss: 4.9813, test_acc: 35.54, test_fscore: 36.0, time: 7.84 sec
[2022-06-11 14:14:20,991][run.py][line:172][INFO] Epoch: 91, train_loss: 0.3633, train_acc: 87.96, train_fscore: 87.97, valid_loss: 5.1651, valid_acc: 34.9, valid_fscore: 36.48, test_loss: 5.4033, test_acc: 34.86, test_fscore: 35.46, time: 7.58 sec
[2022-06-11 14:14:28,820][run.py][line:172][INFO] Epoch: 92, train_loss: 0.3498, train_acc: 88.54, train_fscore: 88.55, valid_loss: 5.5597, valid_acc: 34.75, valid_fscore: 36.28, test_loss: 5.5648, test_acc: 35.69, test_fscore: 35.92, time: 7.83 sec
[2022-06-11 14:14:39,272][run.py][line:172][INFO] Epoch: 93, train_loss: 0.3512, train_acc: 88.93, train_fscore: 88.92, valid_loss: 4.6124, valid_acc: 31.47, valid_fscore: 33.52, test_loss: 4.7238, test_acc: 32.45, test_fscore: 33.28, time: 10.45 sec
[2022-06-11 14:14:50,712][run.py][line:172][INFO] Epoch: 94, train_loss: 0.3473, train_acc: 89.05, train_fscore: 89.07, valid_loss: 5.0241, valid_acc: 33.93, valid_fscore: 35.65, test_loss: 5.1566, test_acc: 35.84, test_fscore: 36.56, time: 11.44 sec
[2022-06-11 14:14:58,061][run.py][line:172][INFO] Epoch: 95, train_loss: 0.3411, train_acc: 88.74, train_fscore: 88.71, valid_loss: 5.281, valid_acc: 34.23, valid_fscore: 35.74, test_loss: 5.4562, test_acc: 34.56, test_fscore: 34.87, time: 7.35 sec
[2022-06-11 14:15:06,026][run.py][line:172][INFO] Epoch: 96, train_loss: 0.3431, train_acc: 89.19, train_fscore: 89.21, valid_loss: 5.2897, valid_acc: 33.26, valid_fscore: 35.21, test_loss: 5.4711, test_acc: 33.58, test_fscore: 34.73, time: 7.96 sec
[2022-06-11 14:15:13,790][run.py][line:172][INFO] Epoch: 97, train_loss: 0.3383, train_acc: 89.49, train_fscore: 89.46, valid_loss: 5.2348, valid_acc: 33.04, valid_fscore: 35.37, test_loss: 5.3296, test_acc: 34.11, test_fscore: 35.06, time: 7.76 sec
[2022-06-11 14:15:21,843][run.py][line:172][INFO] Epoch: 98, train_loss: 0.3374, train_acc: 89.22, train_fscore: 89.2, valid_loss: 5.5428, valid_acc: 34.52, valid_fscore: 36.23, test_loss: 5.8506, test_acc: 35.24, test_fscore: 35.62, time: 8.05 sec
[2022-06-11 14:15:29,504][run.py][line:172][INFO] Epoch: 99, train_loss: 0.3124, train_acc: 90.14, train_fscore: 90.12, valid_loss: 5.6782, valid_acc: 34.0, valid_fscore: 35.68, test_loss: 5.6822, test_acc: 34.41, test_fscore: 34.97, time: 7.66 sec
[2022-06-11 14:15:36,885][run.py][line:172][INFO] Epoch: 100, train_loss: 0.3262, train_acc: 89.84, train_fscore: 89.85, valid_loss: 5.6176, valid_acc: 33.41, valid_fscore: 35.53, test_loss: 5.709, test_acc: 33.58, test_fscore: 34.65, time: 7.38 sec
[2022-06-11 14:15:36,886][run.py][line:184][INFO] finish training!
[2022-06-11 14:15:36,886][run.py][line:200][INFO] Best F-Score based on validation:37.56
[2022-06-11 14:15:36,886][run.py][line:201][INFO] Best F-Score based on test:39.14
