[2022-06-11 07:52:23,148][run.py][line:117][INFO] start training on GPU 0!
[2022-06-11 07:52:23,148][run.py][line:118][INFO] Namespace(bert_model_dir='', bert_tokenizer_dir='', bert_dim=1024, hidden_dim=300, gnn_hidden_dim=300, code_dim=192, feat_dim=1024, mlp_layers=2, gnn_layers=1, emb_dim=1024, attn_type='rgcn', no_rel_attn=False, max_sent_len=200, no_cuda=False, dataset_name='IEMOCAP', windowp=3, windowf=0, withvae=True, max_grad_norm=5.0, lr=0.0002, dropout=0.1, batch_size=32, epochs=70, tensorboard=False, nodal_att_type=None, cuda=True)
[2022-06-11 07:52:34,355][run.py][line:172][INFO] Epoch: 1, train_loss: 1.7905, train_acc: 15.4, train_fscore: 7.61, valid_loss: 1.7853, valid_acc: 16.02, valid_fscore: 4.42, test_loss: 1.7787, test_acc: 23.67, test_fscore: 9.06, time: 4.88 sec
[2022-06-11 07:52:39,053][run.py][line:172][INFO] Epoch: 2, train_loss: 1.7677, train_acc: 26.75, train_fscore: 14.2, valid_loss: 1.7702, valid_acc: 16.02, valid_fscore: 4.42, test_loss: 1.76, test_acc: 23.67, test_fscore: 9.06, time: 4.7 sec
[2022-06-11 07:52:42,287][run.py][line:172][INFO] Epoch: 3, train_loss: 1.7521, train_acc: 24.42, train_fscore: 9.6, valid_loss: 1.7308, valid_acc: 16.02, valid_fscore: 4.42, test_loss: 1.7184, test_acc: 23.67, test_fscore: 9.06, time: 3.23 sec
[2022-06-11 07:52:45,537][run.py][line:172][INFO] Epoch: 4, train_loss: 1.6846, train_acc: 25.72, train_fscore: 12.27, valid_loss: 1.604, valid_acc: 34.8, valid_fscore: 24.1, test_loss: 1.5944, test_acc: 36.19, test_fscore: 24.15, time: 3.25 sec
[2022-06-11 07:52:48,839][run.py][line:172][INFO] Epoch: 5, train_loss: 1.4854, train_acc: 39.6, train_fscore: 27.43, valid_loss: 1.3998, valid_acc: 46.33, valid_fscore: 33.89, test_loss: 1.4098, test_acc: 46.92, test_fscore: 36.67, time: 3.3 sec
[2022-06-11 07:52:53,004][run.py][line:172][INFO] Epoch: 6, train_loss: 1.2425, train_acc: 52.24, train_fscore: 39.78, valid_loss: 1.1825, valid_acc: 44.69, valid_fscore: 33.97, test_loss: 1.1382, test_acc: 51.73, test_fscore: 41.98, time: 4.17 sec
[2022-06-11 07:52:56,511][run.py][line:172][INFO] Epoch: 7, train_loss: 0.871, train_acc: 65.7, train_fscore: 61.91, valid_loss: 1.1453, valid_acc: 65.31, valid_fscore: 62.32, test_loss: 1.3157, test_acc: 61.41, test_fscore: 57.68, time: 3.51 sec
[2022-06-11 07:53:00,944][run.py][line:172][INFO] Epoch: 8, train_loss: 0.7887, train_acc: 72.75, train_fscore: 69.63, valid_loss: 1.2455, valid_acc: 63.37, valid_fscore: 61.66, test_loss: 1.1426, test_acc: 64.98, test_fscore: 61.77, time: 4.43 sec
[2022-06-11 07:53:04,885][run.py][line:172][INFO] Epoch: 9, train_loss: 0.7143, train_acc: 74.65, train_fscore: 73.31, valid_loss: 1.1759, valid_acc: 62.24, valid_fscore: 61.0, test_loss: 1.1706, test_acc: 62.95, test_fscore: 61.7, time: 3.94 sec
[2022-06-11 07:53:14,447][run.py][line:172][INFO] Epoch: 10, train_loss: 0.7023, train_acc: 74.61, train_fscore: 74.32, valid_loss: 1.2623, valid_acc: 60.61, valid_fscore: 59.81, test_loss: 1.1401, test_acc: 66.21, test_fscore: 64.24, time: 9.56 sec
[2022-06-11 07:53:24,243][run.py][line:172][INFO] Epoch: 11, train_loss: 0.6941, train_acc: 75.68, train_fscore: 73.27, valid_loss: 1.0118, valid_acc: 62.76, valid_fscore: 60.63, test_loss: 1.1312, test_acc: 60.42, test_fscore: 57.69, time: 9.8 sec
[2022-06-11 07:53:29,886][run.py][line:172][INFO] Epoch: 12, train_loss: 0.6531, train_acc: 74.61, train_fscore: 71.87, valid_loss: 1.1012, valid_acc: 62.65, valid_fscore: 61.46, test_loss: 1.0259, test_acc: 65.78, test_fscore: 63.46, time: 5.64 sec
[2022-06-11 07:53:33,122][run.py][line:172][INFO] Epoch: 13, train_loss: 0.6058, train_acc: 77.23, train_fscore: 75.14, valid_loss: 0.9746, valid_acc: 65.82, valid_fscore: 63.95, test_loss: 0.9683, test_acc: 66.09, test_fscore: 63.42, time: 3.24 sec
[2022-06-11 07:53:36,315][run.py][line:172][INFO] Epoch: 14, train_loss: 0.5758, train_acc: 77.65, train_fscore: 75.73, valid_loss: 1.07, valid_acc: 63.78, valid_fscore: 63.11, test_loss: 0.9784, test_acc: 67.2, test_fscore: 65.26, time: 3.19 sec
[2022-06-11 07:53:39,610][run.py][line:172][INFO] Epoch: 15, train_loss: 0.5738, train_acc: 79.53, train_fscore: 78.84, valid_loss: 1.0507, valid_acc: 64.69, valid_fscore: 64.83, test_loss: 0.9978, test_acc: 66.09, test_fscore: 65.49, time: 3.29 sec
[2022-06-11 07:53:43,478][run.py][line:172][INFO] Epoch: 16, train_loss: 0.5792, train_acc: 81.23, train_fscore: 81.1, valid_loss: 1.0906, valid_acc: 63.98, valid_fscore: 64.17, test_loss: 0.9983, test_acc: 66.34, test_fscore: 65.85, time: 3.87 sec
[2022-06-11 07:53:53,211][run.py][line:172][INFO] Epoch: 17, train_loss: 0.5818, train_acc: 82.02, train_fscore: 81.92, valid_loss: 1.2309, valid_acc: 60.82, valid_fscore: 61.47, test_loss: 1.0192, test_acc: 65.29, test_fscore: 65.02, time: 9.73 sec
[2022-06-11 07:54:02,737][run.py][line:172][INFO] Epoch: 18, train_loss: 0.4983, train_acc: 83.19, train_fscore: 83.14, valid_loss: 1.0356, valid_acc: 64.08, valid_fscore: 63.84, test_loss: 1.0534, test_acc: 63.07, test_fscore: 62.85, time: 9.53 sec
[2022-06-11 07:54:12,381][run.py][line:172][INFO] Epoch: 19, train_loss: 0.5737, train_acc: 81.65, train_fscore: 81.56, valid_loss: 1.1039, valid_acc: 63.47, valid_fscore: 63.9, test_loss: 1.0506, test_acc: 66.21, test_fscore: 65.91, time: 9.64 sec
[2022-06-11 07:54:19,621][run.py][line:172][INFO] Epoch: 20, train_loss: 0.527, train_acc: 82.75, train_fscore: 82.7, valid_loss: 1.1689, valid_acc: 61.53, valid_fscore: 62.26, test_loss: 0.9955, test_acc: 66.95, test_fscore: 67.09, time: 7.24 sec
[2022-06-11 07:54:23,304][run.py][line:172][INFO] Epoch: 21, train_loss: 0.5341, train_acc: 83.05, train_fscore: 83.07, valid_loss: 1.0402, valid_acc: 66.12, valid_fscore: 66.38, test_loss: 0.9758, test_acc: 65.66, test_fscore: 65.83, time: 3.68 sec
[2022-06-11 07:54:26,584][run.py][line:172][INFO] Epoch: 22, train_loss: 0.4784, train_acc: 83.72, train_fscore: 83.69, valid_loss: 1.0948, valid_acc: 63.06, valid_fscore: 63.6, test_loss: 1.0204, test_acc: 65.97, test_fscore: 65.78, time: 3.28 sec
[2022-06-11 07:54:30,058][run.py][line:172][INFO] Epoch: 23, train_loss: 0.506, train_acc: 83.24, train_fscore: 83.11, valid_loss: 1.1142, valid_acc: 63.47, valid_fscore: 63.97, test_loss: 0.992, test_acc: 67.94, test_fscore: 67.85, time: 3.47 sec
[2022-06-11 07:54:33,572][run.py][line:172][INFO] Epoch: 24, train_loss: 0.4637, train_acc: 83.78, train_fscore: 83.73, valid_loss: 1.1042, valid_acc: 64.49, valid_fscore: 64.98, test_loss: 0.9885, test_acc: 66.77, test_fscore: 66.94, time: 3.51 sec
[2022-06-11 07:54:37,031][run.py][line:172][INFO] Epoch: 25, train_loss: 0.4667, train_acc: 83.84, train_fscore: 83.88, valid_loss: 1.1183, valid_acc: 64.18, valid_fscore: 64.76, test_loss: 1.0663, test_acc: 65.6, test_fscore: 65.72, time: 3.46 sec
[2022-06-11 07:54:40,747][run.py][line:172][INFO] Epoch: 26, train_loss: 0.5118, train_acc: 83.47, train_fscore: 83.48, valid_loss: 1.1639, valid_acc: 64.69, valid_fscore: 65.22, test_loss: 1.0305, test_acc: 67.57, test_fscore: 67.43, time: 3.72 sec
[2022-06-11 07:54:44,135][run.py][line:172][INFO] Epoch: 27, train_loss: 0.4961, train_acc: 83.78, train_fscore: 83.67, valid_loss: 1.0793, valid_acc: 64.59, valid_fscore: 64.93, test_loss: 1.0214, test_acc: 65.6, test_fscore: 65.55, time: 3.39 sec
[2022-06-11 07:54:47,562][run.py][line:172][INFO] Epoch: 28, train_loss: 0.4385, train_acc: 83.93, train_fscore: 83.9, valid_loss: 1.1231, valid_acc: 63.37, valid_fscore: 63.69, test_loss: 0.9854, test_acc: 67.14, test_fscore: 67.17, time: 3.43 sec
[2022-06-11 07:54:50,831][run.py][line:172][INFO] Epoch: 29, train_loss: 0.4827, train_acc: 83.76, train_fscore: 83.74, valid_loss: 1.1124, valid_acc: 63.78, valid_fscore: 64.52, test_loss: 0.9659, test_acc: 67.51, test_fscore: 67.61, time: 3.27 sec
[2022-06-11 07:54:54,165][run.py][line:172][INFO] Epoch: 30, train_loss: 0.4531, train_acc: 84.47, train_fscore: 84.46, valid_loss: 1.0521, valid_acc: 65.0, valid_fscore: 65.43, test_loss: 1.017, test_acc: 65.66, test_fscore: 65.8, time: 3.33 sec
[2022-06-11 07:54:57,517][run.py][line:172][INFO] Epoch: 31, train_loss: 0.4393, train_acc: 84.24, train_fscore: 84.25, valid_loss: 1.1469, valid_acc: 63.27, valid_fscore: 63.88, test_loss: 1.0225, test_acc: 67.32, test_fscore: 67.27, time: 3.35 sec
[2022-06-11 07:55:05,390][run.py][line:172][INFO] Epoch: 32, train_loss: 0.4486, train_acc: 84.72, train_fscore: 84.7, valid_loss: 1.1715, valid_acc: 63.57, valid_fscore: 64.16, test_loss: 1.0102, test_acc: 67.69, test_fscore: 67.77, time: 7.87 sec
[2022-06-11 07:55:11,676][run.py][line:172][INFO] Epoch: 33, train_loss: 0.4166, train_acc: 84.41, train_fscore: 84.42, valid_loss: 1.1167, valid_acc: 63.98, valid_fscore: 64.51, test_loss: 1.0568, test_acc: 66.34, test_fscore: 66.33, time: 6.29 sec
[2022-06-11 07:55:14,993][run.py][line:172][INFO] Epoch: 34, train_loss: 0.4493, train_acc: 84.68, train_fscore: 84.67, valid_loss: 1.1734, valid_acc: 63.27, valid_fscore: 64.01, test_loss: 1.0658, test_acc: 67.39, test_fscore: 67.37, time: 3.32 sec
[2022-06-11 07:55:19,806][run.py][line:172][INFO] Epoch: 35, train_loss: 0.4481, train_acc: 84.55, train_fscore: 84.56, valid_loss: 1.1428, valid_acc: 63.67, valid_fscore: 64.42, test_loss: 1.0258, test_acc: 67.32, test_fscore: 67.39, time: 4.81 sec
[2022-06-11 07:55:23,160][run.py][line:172][INFO] Epoch: 36, train_loss: 0.4593, train_acc: 84.91, train_fscore: 84.92, valid_loss: 1.1293, valid_acc: 63.06, valid_fscore: 63.63, test_loss: 1.015, test_acc: 66.95, test_fscore: 66.86, time: 3.35 sec
[2022-06-11 07:55:26,841][run.py][line:172][INFO] Epoch: 37, train_loss: 0.477, train_acc: 84.91, train_fscore: 84.83, valid_loss: 1.1408, valid_acc: 63.16, valid_fscore: 64.03, test_loss: 1.0626, test_acc: 66.58, test_fscore: 66.47, time: 3.68 sec
[2022-06-11 07:55:36,525][run.py][line:172][INFO] Epoch: 38, train_loss: 0.4901, train_acc: 83.72, train_fscore: 83.74, valid_loss: 1.1378, valid_acc: 62.76, valid_fscore: 63.58, test_loss: 1.0048, test_acc: 67.63, test_fscore: 67.71, time: 9.68 sec
[2022-06-11 07:55:46,177][run.py][line:172][INFO] Epoch: 39, train_loss: 0.4634, train_acc: 84.16, train_fscore: 84.07, valid_loss: 1.1049, valid_acc: 64.29, valid_fscore: 64.39, test_loss: 0.9737, test_acc: 66.46, test_fscore: 66.33, time: 9.65 sec
[2022-06-11 07:55:55,913][run.py][line:172][INFO] Epoch: 40, train_loss: 0.4432, train_acc: 84.68, train_fscore: 84.64, valid_loss: 1.1044, valid_acc: 63.78, valid_fscore: 64.41, test_loss: 1.0515, test_acc: 67.82, test_fscore: 67.65, time: 9.74 sec
[2022-06-11 07:56:05,835][run.py][line:172][INFO] Epoch: 41, train_loss: 0.452, train_acc: 84.51, train_fscore: 84.5, valid_loss: 1.1466, valid_acc: 63.67, valid_fscore: 64.56, test_loss: 1.0518, test_acc: 66.46, test_fscore: 66.54, time: 9.92 sec
[2022-06-11 07:56:10,191][run.py][line:172][INFO] Epoch: 42, train_loss: 0.467, train_acc: 84.87, train_fscore: 84.93, valid_loss: 1.1138, valid_acc: 63.47, valid_fscore: 63.97, test_loss: 0.9807, test_acc: 67.94, test_fscore: 68.08, time: 4.36 sec
[2022-06-11 07:56:13,574][run.py][line:172][INFO] Epoch: 43, train_loss: 0.448, train_acc: 84.99, train_fscore: 84.97, valid_loss: 1.1159, valid_acc: 63.47, valid_fscore: 63.99, test_loss: 1.0112, test_acc: 67.39, test_fscore: 67.28, time: 3.38 sec
[2022-06-11 07:56:16,894][run.py][line:172][INFO] Epoch: 44, train_loss: 0.4506, train_acc: 85.22, train_fscore: 85.19, valid_loss: 1.0842, valid_acc: 64.69, valid_fscore: 65.28, test_loss: 1.0403, test_acc: 66.52, test_fscore: 66.6, time: 3.32 sec
[2022-06-11 07:56:22,452][run.py][line:172][INFO] Epoch: 45, train_loss: 0.4167, train_acc: 84.62, train_fscore: 84.66, valid_loss: 1.1248, valid_acc: 63.47, valid_fscore: 64.23, test_loss: 1.0257, test_acc: 66.77, test_fscore: 66.9, time: 5.56 sec
[2022-06-11 07:56:29,184][run.py][line:172][INFO] Epoch: 46, train_loss: 0.4052, train_acc: 84.62, train_fscore: 84.66, valid_loss: 1.1915, valid_acc: 62.96, valid_fscore: 63.65, test_loss: 1.0543, test_acc: 67.57, test_fscore: 67.42, time: 6.73 sec
[2022-06-11 07:56:37,765][run.py][line:172][INFO] Epoch: 47, train_loss: 0.387, train_acc: 84.87, train_fscore: 84.82, valid_loss: 1.1584, valid_acc: 65.31, valid_fscore: 65.74, test_loss: 1.1067, test_acc: 66.09, test_fscore: 65.67, time: 8.58 sec
[2022-06-11 07:56:43,305][run.py][line:172][INFO] Epoch: 48, train_loss: 0.4427, train_acc: 84.43, train_fscore: 84.36, valid_loss: 1.1797, valid_acc: 63.37, valid_fscore: 63.95, test_loss: 1.0328, test_acc: 65.6, test_fscore: 65.66, time: 5.54 sec
[2022-06-11 07:56:52,959][run.py][line:172][INFO] Epoch: 49, train_loss: 0.4385, train_acc: 83.8, train_fscore: 83.8, valid_loss: 1.1358, valid_acc: 64.29, valid_fscore: 64.65, test_loss: 1.0224, test_acc: 66.09, test_fscore: 66.24, time: 9.65 sec
[2022-06-11 07:56:58,666][run.py][line:172][INFO] Epoch: 50, train_loss: 0.4543, train_acc: 84.01, train_fscore: 84.06, valid_loss: 1.1439, valid_acc: 63.98, valid_fscore: 64.48, test_loss: 1.0572, test_acc: 66.58, test_fscore: 66.36, time: 5.71 sec
[2022-06-11 07:57:02,165][run.py][line:172][INFO] Epoch: 51, train_loss: 0.4667, train_acc: 84.93, train_fscore: 84.85, valid_loss: 1.087, valid_acc: 64.49, valid_fscore: 64.87, test_loss: 0.9975, test_acc: 68.06, test_fscore: 67.95, time: 3.5 sec
[2022-06-11 07:57:05,925][run.py][line:172][INFO] Epoch: 52, train_loss: 0.427, train_acc: 85.04, train_fscore: 85.03, valid_loss: 1.1393, valid_acc: 62.76, valid_fscore: 63.54, test_loss: 0.9839, test_acc: 67.45, test_fscore: 67.61, time: 3.76 sec
[2022-06-11 07:57:12,066][run.py][line:172][INFO] Epoch: 53, train_loss: 0.4754, train_acc: 84.78, train_fscore: 84.82, valid_loss: 1.0904, valid_acc: 64.69, valid_fscore: 65.47, test_loss: 0.9926, test_acc: 66.77, test_fscore: 66.97, time: 6.14 sec
[2022-06-11 07:57:21,712][run.py][line:172][INFO] Epoch: 54, train_loss: 0.4326, train_acc: 84.41, train_fscore: 84.51, valid_loss: 1.1542, valid_acc: 63.57, valid_fscore: 64.06, test_loss: 1.0221, test_acc: 67.76, test_fscore: 67.34, time: 9.65 sec
[2022-06-11 07:57:31,389][run.py][line:172][INFO] Epoch: 55, train_loss: 0.4105, train_acc: 85.43, train_fscore: 85.35, valid_loss: 1.1026, valid_acc: 63.78, valid_fscore: 64.13, test_loss: 0.9958, test_acc: 67.2, test_fscore: 67.04, time: 9.68 sec
[2022-06-11 07:57:37,150][run.py][line:172][INFO] Epoch: 56, train_loss: 0.4209, train_acc: 84.99, train_fscore: 84.99, valid_loss: 1.1722, valid_acc: 63.47, valid_fscore: 64.16, test_loss: 1.0361, test_acc: 67.57, test_fscore: 67.61, time: 5.76 sec
[2022-06-11 07:57:40,457][run.py][line:172][INFO] Epoch: 57, train_loss: 0.4042, train_acc: 85.39, train_fscore: 85.37, valid_loss: 1.1764, valid_acc: 64.18, valid_fscore: 65.08, test_loss: 1.1008, test_acc: 67.14, test_fscore: 67.14, time: 3.31 sec
[2022-06-11 07:57:43,783][run.py][line:172][INFO] Epoch: 58, train_loss: 0.4069, train_acc: 85.75, train_fscore: 85.77, valid_loss: 1.0991, valid_acc: 65.31, valid_fscore: 65.81, test_loss: 1.0471, test_acc: 67.51, test_fscore: 67.52, time: 3.33 sec
[2022-06-11 07:57:48,446][run.py][line:172][INFO] Epoch: 59, train_loss: 0.4198, train_acc: 85.2, train_fscore: 85.21, valid_loss: 1.2572, valid_acc: 63.27, valid_fscore: 64.14, test_loss: 1.109, test_acc: 66.03, test_fscore: 65.93, time: 4.66 sec
[2022-06-11 07:57:51,585][run.py][line:172][INFO] Epoch: 60, train_loss: 0.4216, train_acc: 85.08, train_fscore: 85.07, valid_loss: 1.1034, valid_acc: 65.1, valid_fscore: 65.62, test_loss: 1.0606, test_acc: 66.28, test_fscore: 66.4, time: 3.14 sec
[2022-06-11 07:57:54,715][run.py][line:172][INFO] Epoch: 61, train_loss: 0.4483, train_acc: 84.76, train_fscore: 84.83, valid_loss: 1.2131, valid_acc: 62.55, valid_fscore: 63.17, test_loss: 1.0219, test_acc: 67.02, test_fscore: 67.04, time: 3.13 sec
[2022-06-11 07:57:57,829][run.py][line:172][INFO] Epoch: 62, train_loss: 0.4526, train_acc: 85.04, train_fscore: 84.95, valid_loss: 1.1166, valid_acc: 64.39, valid_fscore: 64.87, test_loss: 1.0234, test_acc: 68.0, test_fscore: 67.9, time: 3.11 sec
[2022-06-11 07:58:01,475][run.py][line:172][INFO] Epoch: 63, train_loss: 0.3785, train_acc: 85.89, train_fscore: 85.9, valid_loss: 1.0424, valid_acc: 64.59, valid_fscore: 65.05, test_loss: 1.0024, test_acc: 67.2, test_fscore: 67.09, time: 3.65 sec
[2022-06-11 07:58:04,690][run.py][line:172][INFO] Epoch: 64, train_loss: 0.4088, train_acc: 85.64, train_fscore: 85.65, valid_loss: 1.1983, valid_acc: 63.16, valid_fscore: 64.11, test_loss: 1.0359, test_acc: 67.14, test_fscore: 67.12, time: 3.22 sec
[2022-06-11 07:58:08,093][run.py][line:172][INFO] Epoch: 65, train_loss: 0.3905, train_acc: 85.6, train_fscore: 85.58, valid_loss: 1.1187, valid_acc: 64.59, valid_fscore: 65.18, test_loss: 1.034, test_acc: 67.57, test_fscore: 67.51, time: 3.4 sec
[2022-06-11 07:58:12,364][run.py][line:172][INFO] Epoch: 66, train_loss: 0.3939, train_acc: 86.5, train_fscore: 86.49, valid_loss: 1.1423, valid_acc: 64.8, valid_fscore: 65.3, test_loss: 1.053, test_acc: 67.63, test_fscore: 67.48, time: 4.27 sec
[2022-06-11 07:58:15,779][run.py][line:172][INFO] Epoch: 67, train_loss: 0.3815, train_acc: 85.71, train_fscore: 85.72, valid_loss: 1.2309, valid_acc: 63.78, valid_fscore: 64.44, test_loss: 1.0702, test_acc: 66.77, test_fscore: 66.82, time: 3.41 sec
[2022-06-11 07:58:22,622][run.py][line:172][INFO] Epoch: 68, train_loss: 0.4492, train_acc: 85.73, train_fscore: 85.69, valid_loss: 1.1704, valid_acc: 63.78, valid_fscore: 64.29, test_loss: 1.0617, test_acc: 67.32, test_fscore: 67.36, time: 6.84 sec
[2022-06-11 07:58:26,022][run.py][line:172][INFO] Epoch: 69, train_loss: 0.415, train_acc: 85.43, train_fscore: 85.48, valid_loss: 1.098, valid_acc: 64.49, valid_fscore: 65.28, test_loss: 1.0592, test_acc: 66.15, test_fscore: 66.19, time: 3.4 sec
[2022-06-11 07:58:29,437][run.py][line:172][INFO] Epoch: 70, train_loss: 0.4063, train_acc: 85.43, train_fscore: 85.5, valid_loss: 1.0916, valid_acc: 63.27, valid_fscore: 63.82, test_loss: 1.0037, test_acc: 68.0, test_fscore: 67.66, time: 3.41 sec
[2022-06-11 07:58:29,437][run.py][line:184][INFO] finish training!
[2022-06-11 07:58:29,438][run.py][line:200][INFO] Best F-Score based on validation:65.83
[2022-06-11 07:58:29,438][run.py][line:201][INFO] Best F-Score based on test:68.08
