[2022-06-11 12:03:47,936][run.py][line:117][INFO] start training on GPU 0!
[2022-06-11 12:03:47,936][run.py][line:118][INFO] Namespace(bert_model_dir='', bert_tokenizer_dir='', bert_dim=1024, hidden_dim=300, gnn_hidden_dim=300, code_dim=192, feat_dim=1024, mlp_layers=2, gnn_layers=1, emb_dim=1024, attn_type='rgcn', no_rel_attn=False, max_sent_len=200, no_cuda=False, dataset_name='IEMOCAP', windowp=3, windowf=0, withvae=True, max_grad_norm=5.0, lr=0.0006, dropout=0.6, batch_size=32, epochs=50, tensorboard=False, nodal_att_type=None, cuda=True)
[2022-06-11 12:03:58,824][run.py][line:172][INFO] Epoch: 1, train_loss: 1.7826, train_acc: 19.11, train_fscore: 17.73, valid_loss: 1.7511, valid_acc: 16.02, valid_fscore: 4.42, test_loss: 1.7432, test_acc: 23.67, test_fscore: 9.06, time: 4.44 sec
[2022-06-11 12:04:02,130][run.py][line:172][INFO] Epoch: 2, train_loss: 1.6192, train_acc: 26.87, train_fscore: 15.32, valid_loss: 1.852, valid_acc: 16.02, valid_fscore: 4.42, test_loss: 1.7595, test_acc: 23.67, test_fscore: 9.06, time: 3.31 sec
[2022-06-11 12:04:10,889][run.py][line:172][INFO] Epoch: 3, train_loss: 1.533, train_acc: 37.23, train_fscore: 28.16, valid_loss: 1.3378, valid_acc: 44.8, valid_fscore: 31.74, test_loss: 1.2954, test_acc: 48.4, test_fscore: 37.01, time: 8.76 sec
[2022-06-11 12:04:20,314][run.py][line:172][INFO] Epoch: 4, train_loss: 1.1754, train_acc: 48.83, train_fscore: 38.29, valid_loss: 1.2063, valid_acc: 46.94, valid_fscore: 37.91, test_loss: 1.2205, test_acc: 52.28, test_fscore: 45.61, time: 9.43 sec
[2022-06-11 12:04:24,881][run.py][line:172][INFO] Epoch: 5, train_loss: 0.9684, train_acc: 58.54, train_fscore: 55.15, valid_loss: 1.2971, valid_acc: 61.22, valid_fscore: 57.8, test_loss: 1.2248, test_acc: 63.69, test_fscore: 60.17, time: 4.57 sec
[2022-06-11 12:04:28,195][run.py][line:172][INFO] Epoch: 6, train_loss: 0.8216, train_acc: 68.59, train_fscore: 66.22, valid_loss: 1.2837, valid_acc: 59.08, valid_fscore: 56.77, test_loss: 1.169, test_acc: 62.02, test_fscore: 58.47, time: 3.31 sec
[2022-06-11 12:04:31,669][run.py][line:172][INFO] Epoch: 7, train_loss: 0.7323, train_acc: 72.83, train_fscore: 69.3, valid_loss: 1.0076, valid_acc: 65.82, valid_fscore: 63.27, test_loss: 1.1311, test_acc: 65.17, test_fscore: 62.15, time: 3.47 sec
[2022-06-11 12:04:34,953][run.py][line:172][INFO] Epoch: 8, train_loss: 0.6912, train_acc: 74.72, train_fscore: 71.82, valid_loss: 1.134, valid_acc: 62.04, valid_fscore: 60.35, test_loss: 1.0127, test_acc: 65.97, test_fscore: 62.83, time: 3.28 sec
[2022-06-11 12:04:38,922][run.py][line:172][INFO] Epoch: 9, train_loss: 0.6606, train_acc: 76.22, train_fscore: 73.33, valid_loss: 1.0521, valid_acc: 63.98, valid_fscore: 64.22, test_loss: 1.0345, test_acc: 64.8, test_fscore: 64.5, time: 3.97 sec
[2022-06-11 12:04:48,403][run.py][line:172][INFO] Epoch: 10, train_loss: 0.6336, train_acc: 77.67, train_fscore: 77.87, valid_loss: 1.1598, valid_acc: 63.57, valid_fscore: 61.82, test_loss: 0.9751, test_acc: 66.52, test_fscore: 63.55, time: 9.48 sec
[2022-06-11 12:04:57,543][run.py][line:172][INFO] Epoch: 11, train_loss: 0.6737, train_acc: 76.62, train_fscore: 74.02, valid_loss: 1.0923, valid_acc: 64.39, valid_fscore: 64.61, test_loss: 1.0791, test_acc: 63.44, test_fscore: 62.67, time: 9.14 sec
[2022-06-11 12:05:01,035][run.py][line:172][INFO] Epoch: 12, train_loss: 0.6441, train_acc: 79.26, train_fscore: 79.28, valid_loss: 1.0714, valid_acc: 64.8, valid_fscore: 64.62, test_loss: 0.9597, test_acc: 66.15, test_fscore: 66.01, time: 3.49 sec
[2022-06-11 12:05:05,428][run.py][line:172][INFO] Epoch: 13, train_loss: 0.6129, train_acc: 82.0, train_fscore: 81.93, valid_loss: 1.096, valid_acc: 65.1, valid_fscore: 65.08, test_loss: 1.0168, test_acc: 65.78, test_fscore: 65.14, time: 4.39 sec
[2022-06-11 12:05:15,018][run.py][line:172][INFO] Epoch: 14, train_loss: 0.5524, train_acc: 82.17, train_fscore: 82.1, valid_loss: 1.097, valid_acc: 64.18, valid_fscore: 64.54, test_loss: 1.0235, test_acc: 66.46, test_fscore: 66.62, time: 9.59 sec
[2022-06-11 12:05:19,642][run.py][line:172][INFO] Epoch: 15, train_loss: 0.5388, train_acc: 83.32, train_fscore: 83.34, valid_loss: 1.0806, valid_acc: 64.9, valid_fscore: 65.2, test_loss: 1.026, test_acc: 66.09, test_fscore: 66.15, time: 4.62 sec
[2022-06-11 12:05:23,022][run.py][line:172][INFO] Epoch: 16, train_loss: 0.5522, train_acc: 81.94, train_fscore: 81.87, valid_loss: 1.1989, valid_acc: 62.76, valid_fscore: 63.29, test_loss: 1.0835, test_acc: 66.21, test_fscore: 66.06, time: 3.38 sec
[2022-06-11 12:05:26,448][run.py][line:172][INFO] Epoch: 17, train_loss: 0.5826, train_acc: 82.08, train_fscore: 81.9, valid_loss: 1.1218, valid_acc: 63.67, valid_fscore: 63.86, test_loss: 0.9632, test_acc: 67.45, test_fscore: 67.29, time: 3.43 sec
[2022-06-11 12:05:29,599][run.py][line:172][INFO] Epoch: 18, train_loss: 0.521, train_acc: 83.05, train_fscore: 82.98, valid_loss: 1.0389, valid_acc: 66.53, valid_fscore: 66.64, test_loss: 0.9936, test_acc: 66.03, test_fscore: 66.07, time: 3.15 sec
[2022-06-11 12:05:32,967][run.py][line:172][INFO] Epoch: 19, train_loss: 0.5799, train_acc: 83.72, train_fscore: 83.68, valid_loss: 1.2252, valid_acc: 65.0, valid_fscore: 65.59, test_loss: 1.1734, test_acc: 66.21, test_fscore: 66.09, time: 3.37 sec
[2022-06-11 12:05:36,345][run.py][line:172][INFO] Epoch: 20, train_loss: 0.5109, train_acc: 83.88, train_fscore: 83.91, valid_loss: 1.1373, valid_acc: 65.2, valid_fscore: 65.32, test_loss: 1.0312, test_acc: 67.45, test_fscore: 67.4, time: 3.38 sec
[2022-06-11 12:05:40,380][run.py][line:172][INFO] Epoch: 21, train_loss: 0.5168, train_acc: 84.11, train_fscore: 84.08, valid_loss: 1.0706, valid_acc: 63.88, valid_fscore: 64.43, test_loss: 0.9678, test_acc: 67.08, test_fscore: 67.12, time: 4.03 sec
[2022-06-11 12:05:43,935][run.py][line:172][INFO] Epoch: 22, train_loss: 0.4842, train_acc: 84.2, train_fscore: 84.13, valid_loss: 1.0921, valid_acc: 64.8, valid_fscore: 65.38, test_loss: 1.0531, test_acc: 66.83, test_fscore: 66.94, time: 3.55 sec
[2022-06-11 12:05:50,416][run.py][line:172][INFO] Epoch: 23, train_loss: 0.4888, train_acc: 84.91, train_fscore: 84.92, valid_loss: 1.2153, valid_acc: 63.98, valid_fscore: 64.35, test_loss: 1.0834, test_acc: 68.43, test_fscore: 68.29, time: 6.48 sec
[2022-06-11 12:05:59,112][run.py][line:172][INFO] Epoch: 24, train_loss: 0.4658, train_acc: 84.47, train_fscore: 84.38, valid_loss: 1.1356, valid_acc: 66.12, valid_fscore: 66.32, test_loss: 1.055, test_acc: 67.88, test_fscore: 68.02, time: 8.7 sec
[2022-06-11 12:06:02,703][run.py][line:172][INFO] Epoch: 25, train_loss: 0.5001, train_acc: 83.82, train_fscore: 83.92, valid_loss: 1.1998, valid_acc: 63.67, valid_fscore: 64.37, test_loss: 1.0832, test_acc: 66.65, test_fscore: 66.55, time: 3.59 sec
[2022-06-11 12:06:10,171][run.py][line:172][INFO] Epoch: 26, train_loss: 0.5376, train_acc: 83.88, train_fscore: 83.81, valid_loss: 1.12, valid_acc: 63.88, valid_fscore: 64.16, test_loss: 1.0277, test_acc: 67.26, test_fscore: 67.12, time: 7.47 sec
[2022-06-11 12:06:13,803][run.py][line:172][INFO] Epoch: 27, train_loss: 0.4934, train_acc: 84.81, train_fscore: 84.79, valid_loss: 1.163, valid_acc: 64.39, valid_fscore: 65.15, test_loss: 1.0688, test_acc: 65.17, test_fscore: 65.27, time: 3.63 sec
[2022-06-11 12:06:19,782][run.py][line:172][INFO] Epoch: 28, train_loss: 0.4603, train_acc: 84.01, train_fscore: 84.03, valid_loss: 1.1255, valid_acc: 63.88, valid_fscore: 64.29, test_loss: 1.0377, test_acc: 67.32, test_fscore: 67.23, time: 5.98 sec
[2022-06-11 12:06:23,931][run.py][line:172][INFO] Epoch: 29, train_loss: 0.4822, train_acc: 84.51, train_fscore: 84.49, valid_loss: 1.106, valid_acc: 65.1, valid_fscore: 65.52, test_loss: 1.0577, test_acc: 66.77, test_fscore: 66.7, time: 4.15 sec
[2022-06-11 12:06:28,424][run.py][line:172][INFO] Epoch: 30, train_loss: 0.4718, train_acc: 84.93, train_fscore: 84.87, valid_loss: 1.1554, valid_acc: 65.1, valid_fscore: 65.75, test_loss: 1.1655, test_acc: 66.03, test_fscore: 65.94, time: 4.49 sec
[2022-06-11 12:06:32,499][run.py][line:172][INFO] Epoch: 31, train_loss: 0.4593, train_acc: 84.68, train_fscore: 84.69, valid_loss: 1.1747, valid_acc: 64.49, valid_fscore: 64.91, test_loss: 1.1007, test_acc: 66.77, test_fscore: 66.77, time: 4.07 sec
[2022-06-11 12:06:36,465][run.py][line:172][INFO] Epoch: 32, train_loss: 0.472, train_acc: 84.66, train_fscore: 84.67, valid_loss: 1.218, valid_acc: 64.29, valid_fscore: 64.85, test_loss: 1.1414, test_acc: 66.83, test_fscore: 66.72, time: 3.97 sec
[2022-06-11 12:06:40,016][run.py][line:172][INFO] Epoch: 33, train_loss: 0.4118, train_acc: 85.56, train_fscore: 85.52, valid_loss: 1.2002, valid_acc: 64.49, valid_fscore: 65.15, test_loss: 1.1428, test_acc: 67.32, test_fscore: 67.09, time: 3.55 sec
[2022-06-11 12:06:43,668][run.py][line:172][INFO] Epoch: 34, train_loss: 0.4378, train_acc: 85.45, train_fscore: 85.45, valid_loss: 1.2043, valid_acc: 63.47, valid_fscore: 64.23, test_loss: 1.1321, test_acc: 66.83, test_fscore: 66.7, time: 3.65 sec
[2022-06-11 12:06:47,316][run.py][line:172][INFO] Epoch: 35, train_loss: 0.4548, train_acc: 85.33, train_fscore: 85.28, valid_loss: 1.0652, valid_acc: 66.12, valid_fscore: 66.13, test_loss: 1.065, test_acc: 66.83, test_fscore: 66.64, time: 3.65 sec
[2022-06-11 12:06:50,875][run.py][line:172][INFO] Epoch: 36, train_loss: 0.4506, train_acc: 85.29, train_fscore: 85.29, valid_loss: 1.2684, valid_acc: 63.88, valid_fscore: 64.46, test_loss: 1.1599, test_acc: 66.46, test_fscore: 66.38, time: 3.56 sec
[2022-06-11 12:06:54,342][run.py][line:172][INFO] Epoch: 37, train_loss: 0.465, train_acc: 85.62, train_fscore: 85.6, valid_loss: 1.1991, valid_acc: 66.53, valid_fscore: 66.75, test_loss: 1.2079, test_acc: 66.58, test_fscore: 66.5, time: 3.47 sec
[2022-06-11 12:06:57,804][run.py][line:172][INFO] Epoch: 38, train_loss: 0.4715, train_acc: 84.93, train_fscore: 84.92, valid_loss: 1.2285, valid_acc: 64.49, valid_fscore: 64.83, test_loss: 1.1389, test_acc: 66.34, test_fscore: 66.24, time: 3.46 sec
[2022-06-11 12:07:01,230][run.py][line:172][INFO] Epoch: 39, train_loss: 0.436, train_acc: 85.16, train_fscore: 85.1, valid_loss: 1.1814, valid_acc: 64.9, valid_fscore: 65.23, test_loss: 1.0359, test_acc: 67.26, test_fscore: 67.27, time: 3.43 sec
[2022-06-11 12:07:04,670][run.py][line:172][INFO] Epoch: 40, train_loss: 0.4153, train_acc: 85.71, train_fscore: 85.71, valid_loss: 1.2971, valid_acc: 64.08, valid_fscore: 64.79, test_loss: 1.2236, test_acc: 66.65, test_fscore: 66.67, time: 3.44 sec
[2022-06-11 12:07:08,185][run.py][line:172][INFO] Epoch: 41, train_loss: 0.4441, train_acc: 85.81, train_fscore: 85.79, valid_loss: 1.1684, valid_acc: 64.08, valid_fscore: 64.52, test_loss: 1.0742, test_acc: 67.39, test_fscore: 67.36, time: 3.51 sec
[2022-06-11 12:07:11,816][run.py][line:172][INFO] Epoch: 42, train_loss: 0.4676, train_acc: 85.85, train_fscore: 85.84, valid_loss: 1.1286, valid_acc: 65.2, valid_fscore: 65.67, test_loss: 1.0159, test_acc: 68.25, test_fscore: 68.42, time: 3.63 sec
[2022-06-11 12:07:18,691][run.py][line:172][INFO] Epoch: 43, train_loss: 0.4412, train_acc: 85.58, train_fscore: 85.61, valid_loss: 1.1798, valid_acc: 64.08, valid_fscore: 64.71, test_loss: 1.0794, test_acc: 67.32, test_fscore: 67.47, time: 6.87 sec
[2022-06-11 12:07:22,501][run.py][line:172][INFO] Epoch: 44, train_loss: 0.4538, train_acc: 86.25, train_fscore: 86.21, valid_loss: 1.2039, valid_acc: 65.41, valid_fscore: 65.88, test_loss: 1.1718, test_acc: 67.45, test_fscore: 67.44, time: 3.81 sec
[2022-06-11 12:07:26,221][run.py][line:172][INFO] Epoch: 45, train_loss: 0.4048, train_acc: 85.56, train_fscore: 85.62, valid_loss: 1.2023, valid_acc: 64.08, valid_fscore: 64.65, test_loss: 1.153, test_acc: 66.65, test_fscore: 66.67, time: 3.72 sec
[2022-06-11 12:07:33,672][run.py][line:172][INFO] Epoch: 46, train_loss: 0.371, train_acc: 86.29, train_fscore: 86.25, valid_loss: 1.2401, valid_acc: 64.49, valid_fscore: 65.0, test_loss: 1.1511, test_acc: 65.91, test_fscore: 65.93, time: 7.45 sec
[2022-06-11 12:07:42,638][run.py][line:172][INFO] Epoch: 47, train_loss: 0.3654, train_acc: 86.25, train_fscore: 86.23, valid_loss: 1.2228, valid_acc: 65.71, valid_fscore: 66.04, test_loss: 1.1944, test_acc: 66.46, test_fscore: 66.42, time: 8.97 sec
[2022-06-11 12:07:46,462][run.py][line:172][INFO] Epoch: 48, train_loss: 0.3969, train_acc: 86.58, train_fscore: 86.57, valid_loss: 1.2833, valid_acc: 65.51, valid_fscore: 65.99, test_loss: 1.2191, test_acc: 66.71, test_fscore: 66.75, time: 3.82 sec
[2022-06-11 12:07:49,991][run.py][line:172][INFO] Epoch: 49, train_loss: 0.3824, train_acc: 87.07, train_fscore: 87.05, valid_loss: 1.2432, valid_acc: 66.33, valid_fscore: 66.73, test_loss: 1.2371, test_acc: 66.71, test_fscore: 66.58, time: 3.53 sec
[2022-06-11 12:07:54,573][run.py][line:172][INFO] Epoch: 50, train_loss: 0.3901, train_acc: 85.94, train_fscore: 85.87, valid_loss: 1.3237, valid_acc: 62.65, valid_fscore: 62.91, test_loss: 1.2361, test_acc: 65.29, test_fscore: 65.04, time: 4.58 sec
[2022-06-11 12:07:54,573][run.py][line:184][INFO] finish training!
[2022-06-11 12:07:54,573][run.py][line:200][INFO] Best F-Score based on validation:66.5
[2022-06-11 12:07:54,573][run.py][line:201][INFO] Best F-Score based on test:68.42
