[2022-06-11 11:20:52,718][run.py][line:117][INFO] start training on GPU 0!
[2022-06-11 11:20:52,718][run.py][line:118][INFO] Namespace(bert_model_dir='', bert_tokenizer_dir='', bert_dim=1024, hidden_dim=300, gnn_hidden_dim=300, code_dim=192, feat_dim=1024, mlp_layers=2, gnn_layers=1, emb_dim=1024, attn_type='rgcn', no_rel_attn=False, max_sent_len=200, no_cuda=False, dataset_name='IEMOCAP', windowp=3, windowf=0, withvae=True, max_grad_norm=5.0, lr=0.0006, dropout=0.5, batch_size=32, epochs=50, tensorboard=False, nodal_att_type=None, cuda=True)
[2022-06-11 11:21:07,140][run.py][line:172][INFO] Epoch: 1, train_loss: 1.7824, train_acc: 19.42, train_fscore: 18.0, valid_loss: 1.7509, valid_acc: 16.02, valid_fscore: 4.42, test_loss: 1.743, test_acc: 23.67, test_fscore: 9.06, time: 9.06 sec
[2022-06-11 11:21:10,757][run.py][line:172][INFO] Epoch: 2, train_loss: 1.624, train_acc: 27.46, train_fscore: 15.82, valid_loss: 1.7874, valid_acc: 16.02, valid_fscore: 4.42, test_loss: 1.708, test_acc: 23.67, test_fscore: 9.06, time: 3.62 sec
[2022-06-11 11:21:14,320][run.py][line:172][INFO] Epoch: 3, train_loss: 1.4901, train_acc: 39.03, train_fscore: 29.83, valid_loss: 1.2881, valid_acc: 44.49, valid_fscore: 32.25, test_loss: 1.2445, test_acc: 50.06, test_fscore: 38.89, time: 3.56 sec
[2022-06-11 11:21:17,974][run.py][line:172][INFO] Epoch: 4, train_loss: 1.1012, train_acc: 51.76, train_fscore: 41.79, valid_loss: 1.2371, valid_acc: 62.04, valid_fscore: 59.68, test_loss: 1.3603, test_acc: 58.75, test_fscore: 55.89, time: 3.65 sec
[2022-06-11 11:21:21,314][run.py][line:172][INFO] Epoch: 5, train_loss: 0.9567, train_acc: 63.21, train_fscore: 60.24, valid_loss: 1.2442, valid_acc: 64.49, valid_fscore: 62.08, test_loss: 1.1536, test_acc: 64.92, test_fscore: 61.66, time: 3.34 sec
[2022-06-11 11:21:26,777][run.py][line:172][INFO] Epoch: 6, train_loss: 0.7802, train_acc: 72.35, train_fscore: 69.48, valid_loss: 1.2228, valid_acc: 60.41, valid_fscore: 58.6, test_loss: 1.1084, test_acc: 64.06, test_fscore: 60.89, time: 5.46 sec
[2022-06-11 11:21:30,363][run.py][line:172][INFO] Epoch: 7, train_loss: 0.7247, train_acc: 73.65, train_fscore: 70.85, valid_loss: 1.0204, valid_acc: 64.39, valid_fscore: 62.19, test_loss: 1.0814, test_acc: 64.8, test_fscore: 61.86, time: 3.59 sec
[2022-06-11 11:21:35,921][run.py][line:172][INFO] Epoch: 8, train_loss: 0.6895, train_acc: 74.68, train_fscore: 71.76, valid_loss: 1.0445, valid_acc: 65.0, valid_fscore: 62.77, test_loss: 0.9849, test_acc: 66.83, test_fscore: 63.62, time: 5.56 sec
[2022-06-11 11:21:39,258][run.py][line:172][INFO] Epoch: 9, train_loss: 0.6528, train_acc: 77.02, train_fscore: 74.2, valid_loss: 1.1013, valid_acc: 63.37, valid_fscore: 63.75, test_loss: 1.022, test_acc: 65.04, test_fscore: 63.99, time: 3.34 sec
[2022-06-11 11:21:42,454][run.py][line:172][INFO] Epoch: 10, train_loss: 0.6147, train_acc: 78.32, train_fscore: 78.44, valid_loss: 1.1258, valid_acc: 64.8, valid_fscore: 64.3, test_loss: 1.0028, test_acc: 65.84, test_fscore: 64.15, time: 3.2 sec
[2022-06-11 11:21:45,843][run.py][line:172][INFO] Epoch: 11, train_loss: 0.6348, train_acc: 79.93, train_fscore: 79.3, valid_loss: 1.0918, valid_acc: 65.61, valid_fscore: 65.8, test_loss: 1.1035, test_acc: 64.49, test_fscore: 64.53, time: 3.39 sec
[2022-06-11 11:21:50,741][run.py][line:172][INFO] Epoch: 12, train_loss: 0.6113, train_acc: 79.97, train_fscore: 79.9, valid_loss: 1.1068, valid_acc: 65.31, valid_fscore: 65.34, test_loss: 0.9777, test_acc: 66.83, test_fscore: 66.57, time: 4.9 sec
[2022-06-11 11:21:59,013][run.py][line:172][INFO] Epoch: 13, train_loss: 0.611, train_acc: 82.02, train_fscore: 81.97, valid_loss: 1.0574, valid_acc: 64.69, valid_fscore: 64.84, test_loss: 1.0501, test_acc: 65.72, test_fscore: 65.16, time: 8.27 sec
[2022-06-11 11:22:05,982][run.py][line:172][INFO] Epoch: 14, train_loss: 0.529, train_acc: 82.75, train_fscore: 82.74, valid_loss: 1.1112, valid_acc: 64.59, valid_fscore: 65.0, test_loss: 1.0492, test_acc: 67.02, test_fscore: 67.12, time: 6.97 sec
[2022-06-11 11:22:09,367][run.py][line:172][INFO] Epoch: 15, train_loss: 0.5285, train_acc: 83.11, train_fscore: 83.08, valid_loss: 1.0895, valid_acc: 64.49, valid_fscore: 64.92, test_loss: 1.0343, test_acc: 65.91, test_fscore: 65.99, time: 3.39 sec
[2022-06-11 11:22:17,977][run.py][line:172][INFO] Epoch: 16, train_loss: 0.5335, train_acc: 82.57, train_fscore: 82.51, valid_loss: 1.0957, valid_acc: 65.0, valid_fscore: 65.1, test_loss: 1.0323, test_acc: 66.34, test_fscore: 66.25, time: 8.61 sec
[2022-06-11 11:22:21,538][run.py][line:172][INFO] Epoch: 17, train_loss: 0.5452, train_acc: 83.4, train_fscore: 83.38, valid_loss: 1.0875, valid_acc: 64.39, valid_fscore: 64.77, test_loss: 0.99, test_acc: 65.97, test_fscore: 65.64, time: 3.56 sec
[2022-06-11 11:22:24,729][run.py][line:172][INFO] Epoch: 18, train_loss: 0.503, train_acc: 83.34, train_fscore: 83.26, valid_loss: 1.0648, valid_acc: 64.9, valid_fscore: 64.8, test_loss: 0.9649, test_acc: 67.26, test_fscore: 67.25, time: 3.19 sec
[2022-06-11 11:22:33,840][run.py][line:172][INFO] Epoch: 19, train_loss: 0.5357, train_acc: 83.65, train_fscore: 83.64, valid_loss: 1.1338, valid_acc: 63.88, valid_fscore: 64.44, test_loss: 1.0111, test_acc: 66.95, test_fscore: 66.92, time: 9.11 sec
[2022-06-11 11:22:37,551][run.py][line:172][INFO] Epoch: 20, train_loss: 0.5013, train_acc: 84.24, train_fscore: 84.22, valid_loss: 1.0346, valid_acc: 64.29, valid_fscore: 64.55, test_loss: 0.9618, test_acc: 67.76, test_fscore: 67.82, time: 3.71 sec
[2022-06-11 11:22:41,170][run.py][line:172][INFO] Epoch: 21, train_loss: 0.4977, train_acc: 83.99, train_fscore: 84.02, valid_loss: 1.1141, valid_acc: 63.57, valid_fscore: 64.01, test_loss: 1.0063, test_acc: 65.78, test_fscore: 65.61, time: 3.62 sec
[2022-06-11 11:22:44,383][run.py][line:172][INFO] Epoch: 22, train_loss: 0.4488, train_acc: 84.14, train_fscore: 84.05, valid_loss: 1.1566, valid_acc: 64.29, valid_fscore: 64.83, test_loss: 1.0839, test_acc: 66.52, test_fscore: 66.67, time: 3.21 sec
[2022-06-11 11:22:47,846][run.py][line:172][INFO] Epoch: 23, train_loss: 0.4713, train_acc: 84.74, train_fscore: 84.81, valid_loss: 1.2576, valid_acc: 63.57, valid_fscore: 63.89, test_loss: 1.1072, test_acc: 66.65, test_fscore: 66.49, time: 3.46 sec
[2022-06-11 11:22:51,329][run.py][line:172][INFO] Epoch: 24, train_loss: 0.4695, train_acc: 84.05, train_fscore: 83.9, valid_loss: 1.1274, valid_acc: 63.47, valid_fscore: 63.87, test_loss: 1.0512, test_acc: 67.2, test_fscore: 67.31, time: 3.48 sec
[2022-06-11 11:22:54,789][run.py][line:172][INFO] Epoch: 25, train_loss: 0.5138, train_acc: 83.63, train_fscore: 83.76, valid_loss: 1.1744, valid_acc: 62.96, valid_fscore: 63.76, test_loss: 1.0212, test_acc: 67.69, test_fscore: 67.72, time: 3.46 sec
[2022-06-11 11:23:00,509][run.py][line:172][INFO] Epoch: 26, train_loss: 0.5355, train_acc: 83.59, train_fscore: 83.52, valid_loss: 1.1344, valid_acc: 64.29, valid_fscore: 64.62, test_loss: 1.053, test_acc: 65.6, test_fscore: 65.5, time: 5.72 sec
[2022-06-11 11:23:09,142][run.py][line:172][INFO] Epoch: 27, train_loss: 0.5114, train_acc: 83.26, train_fscore: 83.19, valid_loss: 1.1631, valid_acc: 64.49, valid_fscore: 65.07, test_loss: 1.0402, test_acc: 67.94, test_fscore: 68.01, time: 8.63 sec
[2022-06-11 11:23:12,791][run.py][line:172][INFO] Epoch: 28, train_loss: 0.4354, train_acc: 85.01, train_fscore: 85.02, valid_loss: 1.1438, valid_acc: 63.06, valid_fscore: 63.71, test_loss: 1.0318, test_acc: 66.95, test_fscore: 67.08, time: 3.65 sec
[2022-06-11 11:23:16,223][run.py][line:172][INFO] Epoch: 29, train_loss: 0.4478, train_acc: 85.2, train_fscore: 85.26, valid_loss: 1.0888, valid_acc: 63.88, valid_fscore: 64.23, test_loss: 1.0526, test_acc: 66.77, test_fscore: 66.84, time: 3.43 sec
[2022-06-11 11:23:19,548][run.py][line:172][INFO] Epoch: 30, train_loss: 0.4627, train_acc: 85.08, train_fscore: 85.07, valid_loss: 1.2, valid_acc: 62.76, valid_fscore: 63.43, test_loss: 1.1031, test_acc: 68.06, test_fscore: 68.02, time: 3.32 sec
[2022-06-11 11:23:22,853][run.py][line:172][INFO] Epoch: 31, train_loss: 0.4219, train_acc: 85.5, train_fscore: 85.48, valid_loss: 1.109, valid_acc: 65.2, valid_fscore: 65.39, test_loss: 1.0739, test_acc: 67.02, test_fscore: 67.06, time: 3.3 sec
[2022-06-11 11:23:26,150][run.py][line:172][INFO] Epoch: 32, train_loss: 0.443, train_acc: 85.14, train_fscore: 85.18, valid_loss: 1.3201, valid_acc: 62.04, valid_fscore: 62.62, test_loss: 1.1877, test_acc: 66.03, test_fscore: 65.94, time: 3.3 sec
[2022-06-11 11:23:30,561][run.py][line:172][INFO] Epoch: 33, train_loss: 0.4053, train_acc: 85.04, train_fscore: 84.96, valid_loss: 1.1752, valid_acc: 64.29, valid_fscore: 64.56, test_loss: 1.1167, test_acc: 66.89, test_fscore: 66.87, time: 4.41 sec
[2022-06-11 11:23:33,893][run.py][line:172][INFO] Epoch: 34, train_loss: 0.4195, train_acc: 85.52, train_fscore: 85.49, valid_loss: 1.3199, valid_acc: 61.33, valid_fscore: 62.24, test_loss: 1.161, test_acc: 66.09, test_fscore: 66.21, time: 3.33 sec
[2022-06-11 11:23:37,193][run.py][line:172][INFO] Epoch: 35, train_loss: 0.4354, train_acc: 85.24, train_fscore: 85.25, valid_loss: 1.0828, valid_acc: 64.39, valid_fscore: 64.63, test_loss: 1.0673, test_acc: 66.71, test_fscore: 66.72, time: 3.3 sec
[2022-06-11 11:23:43,852][run.py][line:172][INFO] Epoch: 36, train_loss: 0.4522, train_acc: 84.76, train_fscore: 84.68, valid_loss: 1.3136, valid_acc: 61.73, valid_fscore: 62.46, test_loss: 1.1296, test_acc: 65.72, test_fscore: 65.62, time: 6.66 sec
[2022-06-11 11:23:53,714][run.py][line:172][INFO] Epoch: 37, train_loss: 0.499, train_acc: 84.58, train_fscore: 84.51, valid_loss: 1.117, valid_acc: 66.22, valid_fscore: 66.71, test_loss: 1.1223, test_acc: 66.71, test_fscore: 66.6, time: 9.86 sec
[2022-06-11 11:24:03,067][run.py][line:172][INFO] Epoch: 38, train_loss: 0.5076, train_acc: 83.55, train_fscore: 83.25, valid_loss: 1.1681, valid_acc: 64.9, valid_fscore: 65.14, test_loss: 1.1512, test_acc: 66.03, test_fscore: 64.77, time: 9.35 sec
[2022-06-11 11:24:11,500][run.py][line:172][INFO] Epoch: 39, train_loss: 0.4417, train_acc: 84.32, train_fscore: 84.04, valid_loss: 1.1342, valid_acc: 64.39, valid_fscore: 64.9, test_loss: 1.0529, test_acc: 66.77, test_fscore: 66.62, time: 8.43 sec
[2022-06-11 11:24:15,284][run.py][line:172][INFO] Epoch: 40, train_loss: 0.407, train_acc: 86.12, train_fscore: 86.11, valid_loss: 1.2681, valid_acc: 64.39, valid_fscore: 65.2, test_loss: 1.253, test_acc: 67.26, test_fscore: 67.25, time: 3.78 sec
[2022-06-11 11:24:19,603][run.py][line:172][INFO] Epoch: 41, train_loss: 0.4144, train_acc: 85.98, train_fscore: 85.97, valid_loss: 1.186, valid_acc: 63.78, valid_fscore: 64.04, test_loss: 1.1231, test_acc: 66.95, test_fscore: 66.74, time: 4.32 sec
[2022-06-11 11:24:29,354][run.py][line:172][INFO] Epoch: 42, train_loss: 0.4682, train_acc: 85.83, train_fscore: 85.78, valid_loss: 1.1074, valid_acc: 64.8, valid_fscore: 65.13, test_loss: 1.1171, test_acc: 67.08, test_fscore: 66.9, time: 9.75 sec
[2022-06-11 11:24:36,494][run.py][line:172][INFO] Epoch: 43, train_loss: 0.4229, train_acc: 86.71, train_fscore: 86.7, valid_loss: 1.138, valid_acc: 65.31, valid_fscore: 65.82, test_loss: 1.136, test_acc: 66.89, test_fscore: 66.74, time: 7.14 sec
[2022-06-11 11:24:46,128][run.py][line:172][INFO] Epoch: 44, train_loss: 0.4415, train_acc: 86.58, train_fscore: 86.54, valid_loss: 1.2, valid_acc: 65.82, valid_fscore: 66.19, test_loss: 1.1435, test_acc: 67.82, test_fscore: 67.82, time: 9.63 sec
[2022-06-11 11:24:52,390][run.py][line:172][INFO] Epoch: 45, train_loss: 0.3673, train_acc: 86.69, train_fscore: 86.7, valid_loss: 1.2072, valid_acc: 64.49, valid_fscore: 64.97, test_loss: 1.2033, test_acc: 66.71, test_fscore: 66.6, time: 6.26 sec
[2022-06-11 11:24:55,889][run.py][line:172][INFO] Epoch: 46, train_loss: 0.3513, train_acc: 86.67, train_fscore: 86.66, valid_loss: 1.289, valid_acc: 62.55, valid_fscore: 63.14, test_loss: 1.3178, test_acc: 65.41, test_fscore: 65.37, time: 3.5 sec
[2022-06-11 11:24:59,377][run.py][line:172][INFO] Epoch: 47, train_loss: 0.3425, train_acc: 87.15, train_fscore: 87.13, valid_loss: 1.2057, valid_acc: 64.9, valid_fscore: 65.25, test_loss: 1.2373, test_acc: 66.46, test_fscore: 66.5, time: 3.49 sec
[2022-06-11 11:25:07,333][run.py][line:172][INFO] Epoch: 48, train_loss: 0.3841, train_acc: 86.73, train_fscore: 86.72, valid_loss: 1.3307, valid_acc: 64.39, valid_fscore: 65.1, test_loss: 1.2701, test_acc: 66.28, test_fscore: 66.26, time: 7.96 sec
[2022-06-11 11:25:17,325][run.py][line:172][INFO] Epoch: 49, train_loss: 0.377, train_acc: 86.75, train_fscore: 86.74, valid_loss: 1.2154, valid_acc: 65.1, valid_fscore: 65.26, test_loss: 1.1922, test_acc: 66.71, test_fscore: 66.53, time: 9.99 sec
[2022-06-11 11:25:27,373][run.py][line:172][INFO] Epoch: 50, train_loss: 0.4024, train_acc: 86.14, train_fscore: 86.1, valid_loss: 1.2066, valid_acc: 64.39, valid_fscore: 64.77, test_loss: 1.1379, test_acc: 66.77, test_fscore: 66.51, time: 10.05 sec
[2022-06-11 11:25:27,374][run.py][line:184][INFO] finish training!
[2022-06-11 11:25:27,374][run.py][line:200][INFO] Best F-Score based on validation:66.6
[2022-06-11 11:25:27,374][run.py][line:201][INFO] Best F-Score based on test:68.02
