[2022-06-10 18:35:37,504][run.py][line:117][INFO] start training on GPU 0!
[2022-06-10 18:35:37,504][run.py][line:118][INFO] Namespace(bert_model_dir='', bert_tokenizer_dir='', bert_dim=1024, hidden_dim=300, gnn_hidden_dim=300, code_dim=192, feat_dim=1024, mlp_layers=2, gnn_layers=1, emb_dim=1024, attn_type='rgcn', no_rel_attn=False, max_sent_len=200, no_cuda=False, dataset_name='IEMOCAP', windowp=3, windowf=0, withvae=True, max_grad_norm=5.0, lr=0.0003, dropout=0.5, batch_size=8, epochs=60, tensorboard=False, nodal_att_type=None, cuda=True)
[2022-06-10 18:35:50,173][run.py][line:172][INFO] Epoch: 1, train_loss: 1.7523, train_acc: 25.64, train_fscore: 20.11, valid_loss: 1.5416, valid_acc: 36.02, valid_fscore: 23.39, test_loss: 1.5799, test_acc: 27.31, test_fscore: 16.03, time: 6.02 sec
[2022-06-10 18:35:55,113][run.py][line:172][INFO] Epoch: 2, train_loss: 1.2447, train_acc: 45.73, train_fscore: 41.64, valid_loss: 1.2041, valid_acc: 53.88, valid_fscore: 49.19, test_loss: 1.4035, test_acc: 50.8, test_fscore: 43.86, time: 4.94 sec
[2022-06-10 18:36:06,400][run.py][line:172][INFO] Epoch: 3, train_loss: 0.8562, train_acc: 66.62, train_fscore: 64.57, valid_loss: 1.1905, valid_acc: 62.14, valid_fscore: 59.9, test_loss: 0.9945, test_acc: 65.54, test_fscore: 62.33, time: 11.29 sec
[2022-06-10 18:36:13,613][run.py][line:172][INFO] Epoch: 4, train_loss: 0.7614, train_acc: 71.89, train_fscore: 71.71, valid_loss: 1.0873, valid_acc: 63.27, valid_fscore: 60.9, test_loss: 0.9376, test_acc: 67.08, test_fscore: 63.8, time: 7.21 sec
[2022-06-10 18:36:19,870][run.py][line:172][INFO] Epoch: 5, train_loss: 0.6638, train_acc: 75.91, train_fscore: 72.96, valid_loss: 1.1176, valid_acc: 64.08, valid_fscore: 62.2, test_loss: 1.1072, test_acc: 65.23, test_fscore: 62.36, time: 6.26 sec
[2022-06-10 18:36:25,597][run.py][line:172][INFO] Epoch: 6, train_loss: 0.627, train_acc: 77.35, train_fscore: 75.81, valid_loss: 1.0241, valid_acc: 61.43, valid_fscore: 61.76, test_loss: 0.9567, test_acc: 62.52, test_fscore: 61.8, time: 5.73 sec
[2022-06-10 18:36:33,282][run.py][line:172][INFO] Epoch: 7, train_loss: 0.6023, train_acc: 79.97, train_fscore: 79.77, valid_loss: 1.0815, valid_acc: 64.39, valid_fscore: 64.7, test_loss: 1.0048, test_acc: 66.52, test_fscore: 66.25, time: 7.69 sec
[2022-06-10 18:36:45,381][run.py][line:172][INFO] Epoch: 8, train_loss: 0.5561, train_acc: 82.96, train_fscore: 83.0, valid_loss: 1.1018, valid_acc: 65.31, valid_fscore: 65.26, test_loss: 1.0237, test_acc: 66.21, test_fscore: 65.97, time: 12.1 sec
[2022-06-10 18:36:53,031][run.py][line:172][INFO] Epoch: 9, train_loss: 0.539, train_acc: 83.05, train_fscore: 83.05, valid_loss: 0.9926, valid_acc: 66.02, valid_fscore: 66.14, test_loss: 1.0459, test_acc: 64.43, test_fscore: 64.57, time: 7.65 sec
[2022-06-10 18:37:03,234][run.py][line:172][INFO] Epoch: 10, train_loss: 0.5183, train_acc: 83.68, train_fscore: 83.66, valid_loss: 1.1246, valid_acc: 65.1, valid_fscore: 65.44, test_loss: 0.9821, test_acc: 67.94, test_fscore: 67.98, time: 10.2 sec
[2022-06-10 18:37:09,713][run.py][line:172][INFO] Epoch: 11, train_loss: 0.5122, train_acc: 83.74, train_fscore: 83.74, valid_loss: 1.0535, valid_acc: 64.69, valid_fscore: 64.95, test_loss: 0.9943, test_acc: 66.58, test_fscore: 66.5, time: 6.48 sec
[2022-06-10 18:37:19,183][run.py][line:172][INFO] Epoch: 12, train_loss: 0.4919, train_acc: 83.44, train_fscore: 83.41, valid_loss: 1.0978, valid_acc: 66.53, valid_fscore: 66.61, test_loss: 1.0282, test_acc: 66.15, test_fscore: 66.14, time: 9.47 sec
[2022-06-10 18:37:24,815][run.py][line:172][INFO] Epoch: 13, train_loss: 0.5181, train_acc: 84.03, train_fscore: 84.03, valid_loss: 1.0985, valid_acc: 62.96, valid_fscore: 62.7, test_loss: 1.0595, test_acc: 64.36, test_fscore: 64.24, time: 5.63 sec
[2022-06-10 18:37:29,067][run.py][line:172][INFO] Epoch: 14, train_loss: 0.5039, train_acc: 83.38, train_fscore: 83.4, valid_loss: 1.0862, valid_acc: 65.51, valid_fscore: 65.69, test_loss: 1.0386, test_acc: 66.65, test_fscore: 66.55, time: 4.25 sec
[2022-06-10 18:37:33,292][run.py][line:172][INFO] Epoch: 15, train_loss: 0.4687, train_acc: 84.76, train_fscore: 84.73, valid_loss: 1.1234, valid_acc: 65.1, valid_fscore: 65.76, test_loss: 1.1115, test_acc: 65.72, test_fscore: 65.88, time: 4.23 sec
[2022-06-10 18:37:38,390][run.py][line:172][INFO] Epoch: 16, train_loss: 0.4719, train_acc: 84.43, train_fscore: 84.45, valid_loss: 1.0899, valid_acc: 64.08, valid_fscore: 64.63, test_loss: 0.9548, test_acc: 67.14, test_fscore: 67.25, time: 5.1 sec
[2022-06-10 18:37:45,226][run.py][line:172][INFO] Epoch: 17, train_loss: 0.4571, train_acc: 84.76, train_fscore: 84.78, valid_loss: 1.2398, valid_acc: 64.59, valid_fscore: 64.91, test_loss: 1.0682, test_acc: 66.71, test_fscore: 66.53, time: 6.84 sec
[2022-06-10 18:37:50,002][run.py][line:172][INFO] Epoch: 18, train_loss: 0.4617, train_acc: 84.64, train_fscore: 84.64, valid_loss: 1.2193, valid_acc: 62.65, valid_fscore: 63.22, test_loss: 1.0934, test_acc: 66.34, test_fscore: 65.87, time: 4.78 sec
[2022-06-10 18:37:54,456][run.py][line:172][INFO] Epoch: 19, train_loss: 0.4738, train_acc: 84.68, train_fscore: 84.64, valid_loss: 1.2428, valid_acc: 62.65, valid_fscore: 63.52, test_loss: 1.1883, test_acc: 64.8, test_fscore: 64.82, time: 4.45 sec
[2022-06-10 18:37:58,954][run.py][line:172][INFO] Epoch: 20, train_loss: 0.4602, train_acc: 85.29, train_fscore: 85.3, valid_loss: 1.0928, valid_acc: 63.78, valid_fscore: 64.06, test_loss: 1.0491, test_acc: 66.71, test_fscore: 66.46, time: 4.5 sec
[2022-06-10 18:38:03,251][run.py][line:172][INFO] Epoch: 21, train_loss: 0.4563, train_acc: 85.14, train_fscore: 85.14, valid_loss: 1.2083, valid_acc: 62.35, valid_fscore: 62.92, test_loss: 1.0628, test_acc: 67.51, test_fscore: 67.42, time: 4.3 sec
[2022-06-10 18:38:07,706][run.py][line:172][INFO] Epoch: 22, train_loss: 0.4359, train_acc: 84.7, train_fscore: 84.69, valid_loss: 1.3348, valid_acc: 62.86, valid_fscore: 63.35, test_loss: 1.071, test_acc: 67.69, test_fscore: 67.57, time: 4.45 sec
[2022-06-10 18:38:12,336][run.py][line:172][INFO] Epoch: 23, train_loss: 0.4311, train_acc: 85.98, train_fscore: 85.96, valid_loss: 1.2637, valid_acc: 62.86, valid_fscore: 63.45, test_loss: 1.0033, test_acc: 67.94, test_fscore: 67.91, time: 4.63 sec
[2022-06-10 18:38:16,631][run.py][line:172][INFO] Epoch: 24, train_loss: 0.413, train_acc: 85.91, train_fscore: 85.9, valid_loss: 1.2071, valid_acc: 62.65, valid_fscore: 63.27, test_loss: 1.149, test_acc: 67.32, test_fscore: 67.42, time: 4.3 sec
[2022-06-10 18:38:21,100][run.py][line:172][INFO] Epoch: 25, train_loss: 0.42, train_acc: 85.39, train_fscore: 85.38, valid_loss: 1.0881, valid_acc: 65.82, valid_fscore: 66.19, test_loss: 1.0817, test_acc: 67.51, test_fscore: 67.42, time: 4.47 sec
[2022-06-10 18:38:25,487][run.py][line:172][INFO] Epoch: 26, train_loss: 0.4242, train_acc: 85.5, train_fscore: 85.51, valid_loss: 1.2268, valid_acc: 62.76, valid_fscore: 63.42, test_loss: 1.1478, test_acc: 65.35, test_fscore: 65.43, time: 4.39 sec
[2022-06-10 18:38:30,295][run.py][line:172][INFO] Epoch: 27, train_loss: 0.4228, train_acc: 85.83, train_fscore: 85.84, valid_loss: 1.3036, valid_acc: 62.55, valid_fscore: 63.17, test_loss: 1.1665, test_acc: 66.09, test_fscore: 65.94, time: 4.81 sec
[2022-06-10 18:38:36,224][run.py][line:172][INFO] Epoch: 28, train_loss: 0.4145, train_acc: 85.48, train_fscore: 85.47, valid_loss: 1.255, valid_acc: 62.76, valid_fscore: 63.48, test_loss: 1.1835, test_acc: 66.03, test_fscore: 66.13, time: 5.93 sec
[2022-06-10 18:38:41,486][run.py][line:172][INFO] Epoch: 29, train_loss: 0.4046, train_acc: 86.14, train_fscore: 86.16, valid_loss: 1.2767, valid_acc: 63.57, valid_fscore: 64.37, test_loss: 1.1814, test_acc: 65.97, test_fscore: 65.99, time: 5.26 sec
[2022-06-10 18:38:45,874][run.py][line:172][INFO] Epoch: 30, train_loss: 0.3953, train_acc: 86.63, train_fscore: 86.62, valid_loss: 1.2296, valid_acc: 63.88, valid_fscore: 64.36, test_loss: 1.154, test_acc: 66.65, test_fscore: 66.42, time: 4.39 sec
[2022-06-10 18:38:50,388][run.py][line:172][INFO] Epoch: 31, train_loss: 0.3831, train_acc: 86.65, train_fscore: 86.63, valid_loss: 1.261, valid_acc: 63.16, valid_fscore: 64.01, test_loss: 1.1742, test_acc: 66.77, test_fscore: 66.72, time: 4.51 sec
[2022-06-10 18:38:54,864][run.py][line:172][INFO] Epoch: 32, train_loss: 0.3636, train_acc: 86.98, train_fscore: 86.97, valid_loss: 1.465, valid_acc: 62.35, valid_fscore: 63.14, test_loss: 1.253, test_acc: 66.28, test_fscore: 66.26, time: 4.48 sec
[2022-06-10 18:39:01,169][run.py][line:172][INFO] Epoch: 33, train_loss: 0.3566, train_acc: 87.25, train_fscore: 87.24, valid_loss: 1.4594, valid_acc: 63.06, valid_fscore: 63.78, test_loss: 1.3642, test_acc: 66.95, test_fscore: 66.9, time: 6.3 sec
[2022-06-10 18:39:09,101][run.py][line:172][INFO] Epoch: 34, train_loss: 0.3601, train_acc: 87.0, train_fscore: 87.01, valid_loss: 1.3592, valid_acc: 62.55, valid_fscore: 63.26, test_loss: 1.2265, test_acc: 66.4, test_fscore: 66.31, time: 7.93 sec
[2022-06-10 18:39:20,701][run.py][line:172][INFO] Epoch: 35, train_loss: 0.3443, train_acc: 87.46, train_fscore: 87.44, valid_loss: 1.4291, valid_acc: 64.8, valid_fscore: 65.42, test_loss: 1.3282, test_acc: 66.95, test_fscore: 66.88, time: 11.6 sec
[2022-06-10 18:39:26,738][run.py][line:172][INFO] Epoch: 36, train_loss: 0.3247, train_acc: 87.97, train_fscore: 87.95, valid_loss: 1.5042, valid_acc: 63.06, valid_fscore: 64.0, test_loss: 1.433, test_acc: 64.73, test_fscore: 64.85, time: 6.04 sec
[2022-06-10 18:39:31,035][run.py][line:172][INFO] Epoch: 37, train_loss: 0.3404, train_acc: 87.8, train_fscore: 87.77, valid_loss: 1.5072, valid_acc: 62.65, valid_fscore: 63.37, test_loss: 1.4995, test_acc: 65.72, test_fscore: 65.63, time: 4.3 sec
[2022-06-10 18:39:35,392][run.py][line:172][INFO] Epoch: 38, train_loss: 0.3304, train_acc: 87.94, train_fscore: 87.93, valid_loss: 1.2806, valid_acc: 63.16, valid_fscore: 63.41, test_loss: 1.3413, test_acc: 64.73, test_fscore: 64.67, time: 4.36 sec
[2022-06-10 18:39:39,727][run.py][line:172][INFO] Epoch: 39, train_loss: 0.3444, train_acc: 87.51, train_fscore: 87.5, valid_loss: 1.3788, valid_acc: 62.45, valid_fscore: 62.73, test_loss: 1.3449, test_acc: 63.87, test_fscore: 63.82, time: 4.33 sec
[2022-06-10 18:39:44,254][run.py][line:172][INFO] Epoch: 40, train_loss: 0.327, train_acc: 87.9, train_fscore: 87.87, valid_loss: 1.433, valid_acc: 62.04, valid_fscore: 62.76, test_loss: 1.4206, test_acc: 64.73, test_fscore: 64.8, time: 4.53 sec
[2022-06-10 18:39:53,387][run.py][line:172][INFO] Epoch: 41, train_loss: 0.3128, train_acc: 88.09, train_fscore: 88.1, valid_loss: 1.5558, valid_acc: 63.47, valid_fscore: 64.1, test_loss: 1.4494, test_acc: 67.26, test_fscore: 67.05, time: 9.13 sec
[2022-06-10 18:39:58,983][run.py][line:172][INFO] Epoch: 42, train_loss: 0.3111, train_acc: 88.51, train_fscore: 88.51, valid_loss: 1.4647, valid_acc: 62.86, valid_fscore: 63.38, test_loss: 1.3915, test_acc: 66.28, test_fscore: 66.26, time: 5.6 sec
[2022-06-10 18:40:03,555][run.py][line:172][INFO] Epoch: 43, train_loss: 0.3186, train_acc: 88.97, train_fscore: 88.94, valid_loss: 1.5699, valid_acc: 62.86, valid_fscore: 63.31, test_loss: 1.5272, test_acc: 64.61, test_fscore: 64.56, time: 4.57 sec
[2022-06-10 18:40:07,832][run.py][line:172][INFO] Epoch: 44, train_loss: 0.2918, train_acc: 89.43, train_fscore: 89.4, valid_loss: 1.4772, valid_acc: 63.06, valid_fscore: 63.46, test_loss: 1.3905, test_acc: 65.1, test_fscore: 65.08, time: 4.28 sec
[2022-06-10 18:40:12,139][run.py][line:172][INFO] Epoch: 45, train_loss: 0.2669, train_acc: 90.02, train_fscore: 90.01, valid_loss: 1.5923, valid_acc: 64.18, valid_fscore: 64.63, test_loss: 1.5904, test_acc: 64.18, test_fscore: 64.07, time: 4.31 sec
[2022-06-10 18:40:16,429][run.py][line:172][INFO] Epoch: 46, train_loss: 0.2728, train_acc: 89.6, train_fscore: 89.58, valid_loss: 1.6737, valid_acc: 63.16, valid_fscore: 63.58, test_loss: 1.658, test_acc: 64.43, test_fscore: 64.06, time: 4.29 sec
[2022-06-10 18:40:20,681][run.py][line:172][INFO] Epoch: 47, train_loss: 0.3171, train_acc: 88.55, train_fscore: 88.54, valid_loss: 1.5874, valid_acc: 60.71, valid_fscore: 60.98, test_loss: 1.443, test_acc: 63.63, test_fscore: 63.42, time: 4.25 sec
[2022-06-10 18:40:24,921][run.py][line:172][INFO] Epoch: 48, train_loss: 0.3313, train_acc: 88.17, train_fscore: 88.16, valid_loss: 1.3938, valid_acc: 61.73, valid_fscore: 62.14, test_loss: 1.2707, test_acc: 66.34, test_fscore: 66.21, time: 4.24 sec
[2022-06-10 18:40:29,246][run.py][line:172][INFO] Epoch: 49, train_loss: 0.2898, train_acc: 89.33, train_fscore: 89.33, valid_loss: 1.5756, valid_acc: 62.35, valid_fscore: 62.79, test_loss: 1.4932, test_acc: 65.04, test_fscore: 65.01, time: 4.33 sec
[2022-06-10 18:40:34,366][run.py][line:172][INFO] Epoch: 50, train_loss: 0.2778, train_acc: 90.1, train_fscore: 90.09, valid_loss: 1.5894, valid_acc: 61.84, valid_fscore: 62.43, test_loss: 1.5257, test_acc: 64.92, test_fscore: 64.91, time: 5.12 sec
[2022-06-10 18:40:39,405][run.py][line:172][INFO] Epoch: 51, train_loss: 0.2719, train_acc: 89.83, train_fscore: 89.82, valid_loss: 1.6222, valid_acc: 61.84, valid_fscore: 62.68, test_loss: 1.6009, test_acc: 63.63, test_fscore: 63.59, time: 5.04 sec
[2022-06-10 18:40:43,782][run.py][line:172][INFO] Epoch: 52, train_loss: 0.2645, train_acc: 90.12, train_fscore: 90.09, valid_loss: 1.7529, valid_acc: 60.82, valid_fscore: 61.59, test_loss: 1.6154, test_acc: 64.0, test_fscore: 64.07, time: 4.38 sec
[2022-06-10 18:40:54,173][run.py][line:172][INFO] Epoch: 53, train_loss: 0.2644, train_acc: 90.48, train_fscore: 90.47, valid_loss: 1.6947, valid_acc: 63.27, valid_fscore: 63.69, test_loss: 1.6874, test_acc: 65.47, test_fscore: 65.36, time: 10.39 sec
[2022-06-10 18:41:05,964][run.py][line:172][INFO] Epoch: 54, train_loss: 0.2642, train_acc: 90.67, train_fscore: 90.65, valid_loss: 1.7458, valid_acc: 62.86, valid_fscore: 63.57, test_loss: 1.5217, test_acc: 64.49, test_fscore: 64.59, time: 11.79 sec
[2022-06-10 18:41:18,056][run.py][line:172][INFO] Epoch: 55, train_loss: 0.2613, train_acc: 90.0, train_fscore: 89.99, valid_loss: 1.7626, valid_acc: 61.94, valid_fscore: 62.49, test_loss: 1.6267, test_acc: 65.17, test_fscore: 65.15, time: 12.09 sec
[2022-06-10 18:41:29,958][run.py][line:172][INFO] Epoch: 56, train_loss: 0.2462, train_acc: 90.54, train_fscore: 90.52, valid_loss: 1.8283, valid_acc: 61.02, valid_fscore: 61.73, test_loss: 1.5845, test_acc: 64.18, test_fscore: 64.29, time: 11.9 sec
[2022-06-10 18:41:41,882][run.py][line:172][INFO] Epoch: 57, train_loss: 0.2393, train_acc: 91.42, train_fscore: 91.41, valid_loss: 1.8269, valid_acc: 61.22, valid_fscore: 61.64, test_loss: 1.701, test_acc: 63.38, test_fscore: 63.36, time: 11.92 sec
[2022-06-10 18:41:49,578][run.py][line:172][INFO] Epoch: 58, train_loss: 0.232, train_acc: 91.19, train_fscore: 91.19, valid_loss: 2.1164, valid_acc: 61.63, valid_fscore: 61.96, test_loss: 1.832, test_acc: 64.24, test_fscore: 63.82, time: 7.7 sec
[2022-06-10 18:41:56,924][run.py][line:172][INFO] Epoch: 59, train_loss: 0.2273, train_acc: 91.71, train_fscore: 91.71, valid_loss: 1.884, valid_acc: 60.31, valid_fscore: 61.02, test_loss: 1.7021, test_acc: 65.54, test_fscore: 65.57, time: 7.35 sec
[2022-06-10 18:42:05,376][run.py][line:172][INFO] Epoch: 60, train_loss: 0.1949, train_acc: 92.55, train_fscore: 92.53, valid_loss: 2.162, valid_acc: 62.04, valid_fscore: 62.66, test_loss: 1.9774, test_acc: 64.73, test_fscore: 64.62, time: 8.45 sec
[2022-06-10 18:42:05,376][run.py][line:184][INFO] finish training!
[2022-06-10 18:42:05,376][run.py][line:200][INFO] Best F-Score based on validation:66.14
[2022-06-10 18:42:05,376][run.py][line:201][INFO] Best F-Score based on test:67.98
