[2022-06-11 11:59:57,928][run.py][line:117][INFO] start training on GPU 0!
[2022-06-11 11:59:57,928][run.py][line:118][INFO] Namespace(bert_model_dir='', bert_tokenizer_dir='', bert_dim=1024, hidden_dim=300, gnn_hidden_dim=300, code_dim=192, feat_dim=1024, mlp_layers=2, gnn_layers=1, emb_dim=1024, attn_type='rgcn', no_rel_attn=False, max_sent_len=200, no_cuda=False, dataset_name='MELD', windowp=3, windowf=0, withvae=True, max_grad_norm=5.0, lr=9e-06, dropout=0.1, batch_size=64, epochs=80, tensorboard=False, nodal_att_type=None, cuda=True)
[2022-06-11 12:00:08,444][run.py][line:172][INFO] Epoch: 1, train_loss: 1.9383, train_acc: 5.56, train_fscore: 5.56, valid_loss: 1.9349, valid_acc: 36.25, valid_fscore: 26.96, test_loss: 1.9329, test_acc: 40.96, test_fscore: 32.63, time: 2.95 sec
[2022-06-11 12:00:10,471][run.py][line:172][INFO] Epoch: 2, train_loss: 1.9274, train_acc: 45.96, train_fscore: 30.57, valid_loss: 1.9257, valid_acc: 42.38, valid_fscore: 25.23, test_loss: 1.9218, test_acc: 48.12, test_fscore: 31.27, time: 2.03 sec
[2022-06-11 12:00:14,072][run.py][line:172][INFO] Epoch: 3, train_loss: 1.9151, train_acc: 47.15, train_fscore: 30.22, valid_loss: 1.9159, valid_acc: 42.38, valid_fscore: 25.23, test_loss: 1.9096, test_acc: 48.12, test_fscore: 31.27, time: 3.6 sec
[2022-06-11 12:00:16,147][run.py][line:172][INFO] Epoch: 4, train_loss: 1.9011, train_acc: 47.15, train_fscore: 30.22, valid_loss: 1.903, valid_acc: 42.38, valid_fscore: 25.23, test_loss: 1.8943, test_acc: 48.12, test_fscore: 31.27, time: 2.07 sec
[2022-06-11 12:00:17,841][run.py][line:172][INFO] Epoch: 5, train_loss: 1.8803, train_acc: 47.15, train_fscore: 30.22, valid_loss: 1.883, valid_acc: 42.38, valid_fscore: 25.23, test_loss: 1.8702, test_acc: 48.12, test_fscore: 31.27, time: 1.69 sec
[2022-06-11 12:00:20,708][run.py][line:172][INFO] Epoch: 6, train_loss: 1.8409, train_acc: 47.15, train_fscore: 30.22, valid_loss: 1.8422, valid_acc: 42.38, valid_fscore: 25.23, test_loss: 1.8205, test_acc: 48.12, test_fscore: 31.27, time: 2.87 sec
[2022-06-11 12:00:24,425][run.py][line:172][INFO] Epoch: 7, train_loss: 1.7479, train_acc: 47.15, train_fscore: 30.22, valid_loss: 1.748, valid_acc: 42.38, valid_fscore: 25.23, test_loss: 1.7038, test_acc: 48.12, test_fscore: 31.27, time: 3.72 sec
[2022-06-11 12:00:27,923][run.py][line:172][INFO] Epoch: 8, train_loss: 1.5331, train_acc: 47.15, train_fscore: 30.22, valid_loss: 1.5701, valid_acc: 42.38, valid_fscore: 25.23, test_loss: 1.4923, test_acc: 48.12, test_fscore: 31.27, time: 3.5 sec
[2022-06-11 12:00:29,382][run.py][line:172][INFO] Epoch: 9, train_loss: 1.2645, train_acc: 47.15, train_fscore: 30.22, valid_loss: 1.5505, valid_acc: 42.38, valid_fscore: 25.23, test_loss: 1.4337, test_acc: 48.12, test_fscore: 31.27, time: 1.46 sec
[2022-06-11 12:00:30,986][run.py][line:172][INFO] Epoch: 10, train_loss: 1.136, train_acc: 47.15, train_fscore: 30.22, valid_loss: 1.5859, valid_acc: 42.38, valid_fscore: 25.23, test_loss: 1.4553, test_acc: 48.12, test_fscore: 31.27, time: 1.6 sec
[2022-06-11 12:00:34,619][run.py][line:172][INFO] Epoch: 11, train_loss: 1.0656, train_acc: 47.15, train_fscore: 30.22, valid_loss: 1.6061, valid_acc: 42.38, valid_fscore: 25.23, test_loss: 1.4923, test_acc: 48.12, test_fscore: 31.27, time: 3.63 sec
[2022-06-11 12:00:36,295][run.py][line:172][INFO] Epoch: 12, train_loss: 1.0398, train_acc: 50.72, train_fscore: 36.83, valid_loss: 1.6359, valid_acc: 44.82, valid_fscore: 33.78, test_loss: 1.5152, test_acc: 50.73, test_fscore: 40.39, time: 1.68 sec
[2022-06-11 12:00:38,061][run.py][line:172][INFO] Epoch: 13, train_loss: 1.0025, train_acc: 61.82, train_fscore: 51.04, valid_loss: 1.611, valid_acc: 45.36, valid_fscore: 36.53, test_loss: 1.5092, test_acc: 50.34, test_fscore: 42.31, time: 1.77 sec
[2022-06-11 12:00:39,703][run.py][line:172][INFO] Epoch: 14, train_loss: 0.9252, train_acc: 63.48, train_fscore: 54.26, valid_loss: 1.6067, valid_acc: 45.0, valid_fscore: 37.05, test_loss: 1.4867, test_acc: 50.19, test_fscore: 42.94, time: 1.64 sec
[2022-06-11 12:00:41,502][run.py][line:172][INFO] Epoch: 15, train_loss: 0.8334, train_acc: 63.56, train_fscore: 54.9, valid_loss: 1.6144, valid_acc: 45.18, valid_fscore: 38.12, test_loss: 1.5027, test_acc: 50.08, test_fscore: 43.6, time: 1.8 sec
[2022-06-11 12:00:43,595][run.py][line:172][INFO] Epoch: 16, train_loss: 0.7353, train_acc: 76.33, train_fscore: 72.21, valid_loss: 1.6325, valid_acc: 57.71, valid_fscore: 53.55, test_loss: 1.548, test_acc: 58.89, test_fscore: 55.56, time: 2.09 sec
[2022-06-11 12:00:45,402][run.py][line:172][INFO] Epoch: 17, train_loss: 0.6563, train_acc: 83.36, train_fscore: 79.15, valid_loss: 1.6834, valid_acc: 59.33, valid_fscore: 54.96, test_loss: 1.6043, test_acc: 59.62, test_fscore: 56.47, time: 1.81 sec
[2022-06-11 12:00:46,991][run.py][line:172][INFO] Epoch: 18, train_loss: 0.6, train_acc: 84.36, train_fscore: 79.91, valid_loss: 1.6877, valid_acc: 59.69, valid_fscore: 55.36, test_loss: 1.6389, test_acc: 59.77, test_fscore: 56.7, time: 1.59 sec
[2022-06-11 12:00:50,387][run.py][line:172][INFO] Epoch: 19, train_loss: 0.5522, train_acc: 84.66, train_fscore: 80.31, valid_loss: 1.6625, valid_acc: 59.78, valid_fscore: 55.43, test_loss: 1.6414, test_acc: 59.89, test_fscore: 56.81, time: 3.4 sec
[2022-06-11 12:00:53,396][run.py][line:172][INFO] Epoch: 20, train_loss: 0.5107, train_acc: 84.98, train_fscore: 80.53, valid_loss: 1.6724, valid_acc: 59.42, valid_fscore: 55.07, test_loss: 1.6472, test_acc: 60.15, test_fscore: 57.09, time: 3.01 sec
[2022-06-11 12:00:55,096][run.py][line:172][INFO] Epoch: 21, train_loss: 0.4621, train_acc: 85.09, train_fscore: 80.48, valid_loss: 1.6853, valid_acc: 59.69, valid_fscore: 55.19, test_loss: 1.6644, test_acc: 60.46, test_fscore: 57.32, time: 1.7 sec
[2022-06-11 12:00:56,670][run.py][line:172][INFO] Epoch: 22, train_loss: 0.4218, train_acc: 85.13, train_fscore: 80.5, valid_loss: 1.6882, valid_acc: 59.96, valid_fscore: 55.43, test_loss: 1.6665, test_acc: 60.54, test_fscore: 57.36, time: 1.57 sec
[2022-06-11 12:00:58,210][run.py][line:172][INFO] Epoch: 23, train_loss: 0.3891, train_acc: 85.79, train_fscore: 81.77, valid_loss: 1.6827, valid_acc: 61.23, valid_fscore: 58.09, test_loss: 1.6697, test_acc: 61.46, test_fscore: 59.02, time: 1.54 sec
[2022-06-11 12:00:59,900][run.py][line:172][INFO] Epoch: 24, train_loss: 0.3793, train_acc: 88.5, train_fscore: 85.98, valid_loss: 1.6745, valid_acc: 61.77, valid_fscore: 59.17, test_loss: 1.6945, test_acc: 62.38, test_fscore: 60.49, time: 1.69 sec
[2022-06-11 12:01:01,504][run.py][line:172][INFO] Epoch: 25, train_loss: 0.3758, train_acc: 89.93, train_fscore: 87.77, valid_loss: 1.641, valid_acc: 62.58, valid_fscore: 60.34, test_loss: 1.6607, test_acc: 62.57, test_fscore: 60.93, time: 1.6 sec
[2022-06-11 12:01:03,309][run.py][line:172][INFO] Epoch: 26, train_loss: 0.3488, train_acc: 90.2, train_fscore: 88.15, valid_loss: 1.6277, valid_acc: 62.58, valid_fscore: 60.5, test_loss: 1.6658, test_acc: 62.61, test_fscore: 61.07, time: 1.81 sec
[2022-06-11 12:01:04,989][run.py][line:172][INFO] Epoch: 27, train_loss: 0.3307, train_acc: 90.42, train_fscore: 88.41, valid_loss: 1.6803, valid_acc: 62.76, valid_fscore: 60.82, test_loss: 1.6849, test_acc: 62.64, test_fscore: 61.2, time: 1.68 sec
[2022-06-11 12:01:06,815][run.py][line:172][INFO] Epoch: 28, train_loss: 0.3214, train_acc: 90.51, train_fscore: 88.53, valid_loss: 1.6785, valid_acc: 62.67, valid_fscore: 60.79, test_loss: 1.7068, test_acc: 62.84, test_fscore: 61.47, time: 1.83 sec
[2022-06-11 12:01:08,409][run.py][line:172][INFO] Epoch: 29, train_loss: 0.3094, train_acc: 90.54, train_fscore: 88.6, valid_loss: 1.6569, valid_acc: 62.94, valid_fscore: 61.08, test_loss: 1.7042, test_acc: 62.57, test_fscore: 61.29, time: 1.59 sec
[2022-06-11 12:01:10,424][run.py][line:172][INFO] Epoch: 30, train_loss: 0.3014, train_acc: 90.52, train_fscore: 88.58, valid_loss: 1.6786, valid_acc: 62.94, valid_fscore: 61.08, test_loss: 1.7184, test_acc: 62.64, test_fscore: 61.36, time: 2.02 sec
[2022-06-11 12:01:13,480][run.py][line:172][INFO] Epoch: 31, train_loss: 0.2823, train_acc: 90.63, train_fscore: 88.69, valid_loss: 1.6791, valid_acc: 62.67, valid_fscore: 60.79, test_loss: 1.7338, test_acc: 62.34, test_fscore: 61.07, time: 3.06 sec
[2022-06-11 12:01:14,866][run.py][line:172][INFO] Epoch: 32, train_loss: 0.2741, train_acc: 90.77, train_fscore: 88.83, valid_loss: 1.6884, valid_acc: 62.76, valid_fscore: 60.88, test_loss: 1.7323, test_acc: 62.8, test_fscore: 61.52, time: 1.39 sec
[2022-06-11 12:01:16,300][run.py][line:172][INFO] Epoch: 33, train_loss: 0.2673, train_acc: 90.98, train_fscore: 89.31, valid_loss: 1.679, valid_acc: 62.76, valid_fscore: 61.11, test_loss: 1.7341, test_acc: 62.49, test_fscore: 61.34, time: 1.43 sec
[2022-06-11 12:01:17,949][run.py][line:172][INFO] Epoch: 34, train_loss: 0.2505, train_acc: 92.03, train_fscore: 91.1, valid_loss: 1.6725, valid_acc: 63.12, valid_fscore: 61.83, test_loss: 1.7451, test_acc: 62.87, test_fscore: 61.88, time: 1.65 sec
[2022-06-11 12:01:19,384][run.py][line:172][INFO] Epoch: 35, train_loss: 0.2472, train_acc: 93.6, train_fscore: 93.36, valid_loss: 1.7203, valid_acc: 63.03, valid_fscore: 61.84, test_loss: 1.7808, test_acc: 62.57, test_fscore: 61.79, time: 1.44 sec
[2022-06-11 12:01:21,096][run.py][line:172][INFO] Epoch: 36, train_loss: 0.2367, train_acc: 94.1, train_fscore: 93.96, valid_loss: 1.7301, valid_acc: 63.39, valid_fscore: 62.35, test_loss: 1.7643, test_acc: 62.91, test_fscore: 62.3, time: 1.71 sec
[2022-06-11 12:01:22,560][run.py][line:172][INFO] Epoch: 37, train_loss: 0.2357, train_acc: 94.6, train_fscore: 94.52, valid_loss: 1.713, valid_acc: 63.57, valid_fscore: 62.55, test_loss: 1.7674, test_acc: 63.26, test_fscore: 62.6, time: 1.46 sec
[2022-06-11 12:01:24,049][run.py][line:172][INFO] Epoch: 38, train_loss: 0.237, train_acc: 94.87, train_fscore: 94.79, valid_loss: 1.6948, valid_acc: 63.12, valid_fscore: 62.21, test_loss: 1.7694, test_acc: 62.53, test_fscore: 62.04, time: 1.49 sec
[2022-06-11 12:01:25,782][run.py][line:172][INFO] Epoch: 39, train_loss: 0.2251, train_acc: 95.2, train_fscore: 95.15, valid_loss: 1.7236, valid_acc: 63.39, valid_fscore: 62.34, test_loss: 1.7744, test_acc: 63.56, test_fscore: 62.87, time: 1.73 sec
[2022-06-11 12:01:29,350][run.py][line:172][INFO] Epoch: 40, train_loss: 0.2171, train_acc: 95.17, train_fscore: 95.12, valid_loss: 1.6869, valid_acc: 63.48, valid_fscore: 62.61, test_loss: 1.7466, test_acc: 62.87, test_fscore: 62.4, time: 3.57 sec
[2022-06-11 12:01:33,180][run.py][line:172][INFO] Epoch: 41, train_loss: 0.2105, train_acc: 95.3, train_fscore: 95.25, valid_loss: 1.7245, valid_acc: 63.3, valid_fscore: 62.34, test_loss: 1.7852, test_acc: 63.1, test_fscore: 62.46, time: 3.83 sec
[2022-06-11 12:01:36,945][run.py][line:172][INFO] Epoch: 42, train_loss: 0.2046, train_acc: 95.41, train_fscore: 95.37, valid_loss: 1.654, valid_acc: 63.21, valid_fscore: 62.32, test_loss: 1.7507, test_acc: 62.72, test_fscore: 62.21, time: 3.76 sec
[2022-06-11 12:01:40,063][run.py][line:172][INFO] Epoch: 43, train_loss: 0.2006, train_acc: 95.46, train_fscore: 95.41, valid_loss: 1.6891, valid_acc: 63.39, valid_fscore: 62.5, test_loss: 1.7495, test_acc: 63.18, test_fscore: 62.61, time: 3.12 sec
[2022-06-11 12:01:43,884][run.py][line:172][INFO] Epoch: 44, train_loss: 0.2129, train_acc: 95.42, train_fscore: 95.38, valid_loss: 1.7139, valid_acc: 63.03, valid_fscore: 62.13, test_loss: 1.7689, test_acc: 62.8, test_fscore: 62.3, time: 3.82 sec
[2022-06-11 12:01:46,325][run.py][line:172][INFO] Epoch: 45, train_loss: 0.2039, train_acc: 95.51, train_fscore: 95.47, valid_loss: 1.6544, valid_acc: 63.03, valid_fscore: 62.16, test_loss: 1.7282, test_acc: 62.95, test_fscore: 62.47, time: 2.44 sec
[2022-06-11 12:01:48,374][run.py][line:172][INFO] Epoch: 46, train_loss: 0.1944, train_acc: 95.46, train_fscore: 95.41, valid_loss: 1.6838, valid_acc: 63.21, valid_fscore: 62.26, test_loss: 1.753, test_acc: 63.26, test_fscore: 62.63, time: 2.05 sec
[2022-06-11 12:01:51,923][run.py][line:172][INFO] Epoch: 47, train_loss: 0.2008, train_acc: 95.49, train_fscore: 95.45, valid_loss: 1.6852, valid_acc: 62.94, valid_fscore: 62.09, test_loss: 1.7567, test_acc: 62.76, test_fscore: 62.34, time: 3.55 sec
[2022-06-11 12:01:55,586][run.py][line:172][INFO] Epoch: 48, train_loss: 0.1877, train_acc: 95.6, train_fscore: 95.56, valid_loss: 1.6645, valid_acc: 63.21, valid_fscore: 62.33, test_loss: 1.7392, test_acc: 63.26, test_fscore: 62.74, time: 3.66 sec
[2022-06-11 12:01:59,187][run.py][line:172][INFO] Epoch: 49, train_loss: 0.194, train_acc: 95.52, train_fscore: 95.48, valid_loss: 1.6959, valid_acc: 62.94, valid_fscore: 62.03, test_loss: 1.7673, test_acc: 63.3, test_fscore: 62.75, time: 3.6 sec
[2022-06-11 12:02:02,694][run.py][line:172][INFO] Epoch: 50, train_loss: 0.1895, train_acc: 95.59, train_fscore: 95.55, valid_loss: 1.659, valid_acc: 63.21, valid_fscore: 62.38, test_loss: 1.7509, test_acc: 63.1, test_fscore: 62.64, time: 3.51 sec
[2022-06-11 12:02:06,377][run.py][line:172][INFO] Epoch: 51, train_loss: 0.1814, train_acc: 95.62, train_fscore: 95.59, valid_loss: 1.6714, valid_acc: 63.21, valid_fscore: 62.42, test_loss: 1.7423, test_acc: 62.95, test_fscore: 62.52, time: 3.68 sec
[2022-06-11 12:02:09,145][run.py][line:172][INFO] Epoch: 52, train_loss: 0.1829, train_acc: 95.65, train_fscore: 95.62, valid_loss: 1.6813, valid_acc: 63.57, valid_fscore: 62.67, test_loss: 1.7623, test_acc: 63.37, test_fscore: 62.79, time: 2.77 sec
[2022-06-11 12:02:11,000][run.py][line:172][INFO] Epoch: 53, train_loss: 0.1836, train_acc: 95.62, train_fscore: 95.59, valid_loss: 1.6554, valid_acc: 63.3, valid_fscore: 62.54, test_loss: 1.7536, test_acc: 62.64, test_fscore: 62.3, time: 1.86 sec
[2022-06-11 12:02:12,712][run.py][line:172][INFO] Epoch: 54, train_loss: 0.183, train_acc: 95.65, train_fscore: 95.62, valid_loss: 1.6801, valid_acc: 63.21, valid_fscore: 62.35, test_loss: 1.7548, test_acc: 63.45, test_fscore: 62.96, time: 1.71 sec
[2022-06-11 12:02:14,425][run.py][line:172][INFO] Epoch: 55, train_loss: 0.1784, train_acc: 95.67, train_fscore: 95.64, valid_loss: 1.6581, valid_acc: 63.39, valid_fscore: 62.58, test_loss: 1.7514, test_acc: 63.03, test_fscore: 62.63, time: 1.71 sec
[2022-06-11 12:02:16,006][run.py][line:172][INFO] Epoch: 56, train_loss: 0.1807, train_acc: 95.67, train_fscore: 95.64, valid_loss: 1.6677, valid_acc: 63.12, valid_fscore: 62.34, test_loss: 1.7502, test_acc: 62.84, test_fscore: 62.48, time: 1.58 sec
[2022-06-11 12:02:18,759][run.py][line:172][INFO] Epoch: 57, train_loss: 0.1792, train_acc: 95.77, train_fscore: 95.74, valid_loss: 1.7069, valid_acc: 63.12, valid_fscore: 62.25, test_loss: 1.7745, test_acc: 63.3, test_fscore: 62.76, time: 2.75 sec
[2022-06-11 12:02:22,453][run.py][line:172][INFO] Epoch: 58, train_loss: 0.1756, train_acc: 95.83, train_fscore: 95.81, valid_loss: 1.656, valid_acc: 63.21, valid_fscore: 62.49, test_loss: 1.7525, test_acc: 62.95, test_fscore: 62.71, time: 3.69 sec
[2022-06-11 12:02:26,131][run.py][line:172][INFO] Epoch: 59, train_loss: 0.1771, train_acc: 95.84, train_fscore: 95.82, valid_loss: 1.6791, valid_acc: 63.57, valid_fscore: 62.75, test_loss: 1.7492, test_acc: 63.49, test_fscore: 62.97, time: 3.68 sec
[2022-06-11 12:02:29,804][run.py][line:172][INFO] Epoch: 60, train_loss: 0.1714, train_acc: 95.84, train_fscore: 95.81, valid_loss: 1.6478, valid_acc: 63.03, valid_fscore: 62.26, test_loss: 1.7568, test_acc: 63.03, test_fscore: 62.68, time: 3.67 sec
[2022-06-11 12:02:31,085][run.py][line:172][INFO] Epoch: 61, train_loss: 0.1796, train_acc: 95.75, train_fscore: 95.73, valid_loss: 1.6727, valid_acc: 62.85, valid_fscore: 62.04, test_loss: 1.7506, test_acc: 63.37, test_fscore: 62.93, time: 1.28 sec
[2022-06-11 12:02:32,457][run.py][line:172][INFO] Epoch: 62, train_loss: 0.172, train_acc: 95.91, train_fscore: 95.9, valid_loss: 1.6658, valid_acc: 63.03, valid_fscore: 62.28, test_loss: 1.7549, test_acc: 62.95, test_fscore: 62.68, time: 1.37 sec
[2022-06-11 12:02:33,805][run.py][line:172][INFO] Epoch: 63, train_loss: 0.1773, train_acc: 95.95, train_fscore: 95.93, valid_loss: 1.6747, valid_acc: 63.12, valid_fscore: 62.33, test_loss: 1.7517, test_acc: 62.99, test_fscore: 62.61, time: 1.35 sec
[2022-06-11 12:02:35,139][run.py][line:172][INFO] Epoch: 64, train_loss: 0.1719, train_acc: 95.94, train_fscore: 95.93, valid_loss: 1.6758, valid_acc: 63.12, valid_fscore: 62.35, test_loss: 1.7588, test_acc: 63.56, test_fscore: 63.21, time: 1.33 sec
[2022-06-11 12:02:36,695][run.py][line:172][INFO] Epoch: 65, train_loss: 0.1702, train_acc: 95.92, train_fscore: 95.91, valid_loss: 1.6677, valid_acc: 63.12, valid_fscore: 62.35, test_loss: 1.7581, test_acc: 63.1, test_fscore: 62.74, time: 1.56 sec
[2022-06-11 12:02:38,365][run.py][line:172][INFO] Epoch: 66, train_loss: 0.1746, train_acc: 96.0, train_fscore: 95.98, valid_loss: 1.6562, valid_acc: 63.12, valid_fscore: 62.3, test_loss: 1.7358, test_acc: 63.22, test_fscore: 62.89, time: 1.67 sec
[2022-06-11 12:02:40,169][run.py][line:172][INFO] Epoch: 67, train_loss: 0.1699, train_acc: 95.98, train_fscore: 95.97, valid_loss: 1.6552, valid_acc: 63.21, valid_fscore: 62.38, test_loss: 1.7342, test_acc: 63.1, test_fscore: 62.69, time: 1.8 sec
[2022-06-11 12:02:42,355][run.py][line:172][INFO] Epoch: 68, train_loss: 0.1628, train_acc: 96.05, train_fscore: 96.04, valid_loss: 1.6284, valid_acc: 63.12, valid_fscore: 62.34, test_loss: 1.7382, test_acc: 63.33, test_fscore: 62.91, time: 2.19 sec
[2022-06-11 12:02:46,078][run.py][line:172][INFO] Epoch: 69, train_loss: 0.1635, train_acc: 96.06, train_fscore: 96.05, valid_loss: 1.6524, valid_acc: 63.12, valid_fscore: 62.4, test_loss: 1.7487, test_acc: 62.91, test_fscore: 62.65, time: 3.72 sec
[2022-06-11 12:02:49,755][run.py][line:172][INFO] Epoch: 70, train_loss: 0.1676, train_acc: 96.06, train_fscore: 96.06, valid_loss: 1.678, valid_acc: 62.94, valid_fscore: 62.16, test_loss: 1.7465, test_acc: 63.26, test_fscore: 62.86, time: 3.68 sec
[2022-06-11 12:02:52,845][run.py][line:172][INFO] Epoch: 71, train_loss: 0.1673, train_acc: 96.14, train_fscore: 96.13, valid_loss: 1.6558, valid_acc: 63.21, valid_fscore: 62.46, test_loss: 1.7287, test_acc: 63.1, test_fscore: 62.78, time: 3.09 sec
[2022-06-11 12:02:56,437][run.py][line:172][INFO] Epoch: 72, train_loss: 0.1638, train_acc: 96.03, train_fscore: 96.02, valid_loss: 1.6962, valid_acc: 63.3, valid_fscore: 62.54, test_loss: 1.7535, test_acc: 63.1, test_fscore: 62.74, time: 3.59 sec
[2022-06-11 12:02:58,046][run.py][line:172][INFO] Epoch: 73, train_loss: 0.1639, train_acc: 96.16, train_fscore: 96.16, valid_loss: 1.7173, valid_acc: 63.03, valid_fscore: 62.26, test_loss: 1.7622, test_acc: 63.26, test_fscore: 62.86, time: 1.61 sec
[2022-06-11 12:02:59,391][run.py][line:172][INFO] Epoch: 74, train_loss: 0.1669, train_acc: 96.07, train_fscore: 96.07, valid_loss: 1.6384, valid_acc: 63.3, valid_fscore: 62.57, test_loss: 1.7426, test_acc: 63.1, test_fscore: 62.8, time: 1.34 sec
[2022-06-11 12:03:01,156][run.py][line:172][INFO] Epoch: 75, train_loss: 0.1674, train_acc: 96.12, train_fscore: 96.12, valid_loss: 1.6655, valid_acc: 63.3, valid_fscore: 62.48, test_loss: 1.7362, test_acc: 63.79, test_fscore: 63.37, time: 1.77 sec
[2022-06-11 12:03:04,305][run.py][line:172][INFO] Epoch: 76, train_loss: 0.1646, train_acc: 96.21, train_fscore: 96.21, valid_loss: 1.6403, valid_acc: 63.3, valid_fscore: 62.57, test_loss: 1.7306, test_acc: 63.1, test_fscore: 62.77, time: 3.15 sec
[2022-06-11 12:03:06,086][run.py][line:172][INFO] Epoch: 77, train_loss: 0.1611, train_acc: 96.23, train_fscore: 96.23, valid_loss: 1.6634, valid_acc: 63.21, valid_fscore: 62.47, test_loss: 1.7342, test_acc: 63.22, test_fscore: 62.88, time: 1.78 sec
[2022-06-11 12:03:07,476][run.py][line:172][INFO] Epoch: 78, train_loss: 0.1601, train_acc: 96.15, train_fscore: 96.15, valid_loss: 1.6378, valid_acc: 63.3, valid_fscore: 62.56, test_loss: 1.7308, test_acc: 63.37, test_fscore: 63.0, time: 1.39 sec
[2022-06-11 12:03:09,508][run.py][line:172][INFO] Epoch: 79, train_loss: 0.1573, train_acc: 96.12, train_fscore: 96.13, valid_loss: 1.6469, valid_acc: 63.12, valid_fscore: 62.36, test_loss: 1.7217, test_acc: 63.1, test_fscore: 62.75, time: 2.03 sec
[2022-06-11 12:03:13,105][run.py][line:172][INFO] Epoch: 80, train_loss: 0.1621, train_acc: 96.2, train_fscore: 96.2, valid_loss: 1.6498, valid_acc: 63.21, valid_fscore: 62.45, test_loss: 1.7399, test_acc: 63.18, test_fscore: 62.83, time: 3.6 sec
[2022-06-11 12:03:13,105][run.py][line:184][INFO] finish training!
[2022-06-11 12:03:13,105][run.py][line:200][INFO] Best F-Score based on validation:62.97
[2022-06-11 12:03:13,105][run.py][line:201][INFO] Best F-Score based on test:63.37
