[2022-06-10 18:52:35,290][run.py][line:117][INFO] start training on GPU 0!
[2022-06-10 18:52:35,290][run.py][line:118][INFO] Namespace(bert_model_dir='', bert_tokenizer_dir='', bert_dim=1024, hidden_dim=300, gnn_hidden_dim=300, code_dim=192, feat_dim=1024, mlp_layers=2, gnn_layers=1, emb_dim=1024, attn_type='rgcn', no_rel_attn=False, max_sent_len=200, no_cuda=False, dataset_name='MELD', windowp=3, windowf=0, withvae=True, max_grad_norm=5.0, lr=5e-05, dropout=0.2, batch_size=8, epochs=50, tensorboard=False, nodal_att_type=None, cuda=True)
[2022-06-10 18:52:52,259][run.py][line:172][INFO] Epoch: 1, train_loss: 1.1246, train_acc: 58.51, train_fscore: 51.81, valid_loss: 1.8946, valid_acc: 59.15, valid_fscore: 54.68, test_loss: 1.9602, test_acc: 60.23, test_fscore: 57.12, time: 11.18 sec
[2022-06-10 18:52:59,994][run.py][line:172][INFO] Epoch: 2, train_loss: 0.3179, train_acc: 89.73, train_fscore: 87.98, valid_loss: 1.8663, valid_acc: 62.76, valid_fscore: 61.81, test_loss: 1.988, test_acc: 61.72, test_fscore: 61.07, time: 7.73 sec
[2022-06-10 18:53:05,564][run.py][line:172][INFO] Epoch: 3, train_loss: 0.2249, train_acc: 93.65, train_fscore: 93.55, valid_loss: 1.7239, valid_acc: 62.31, valid_fscore: 61.35, test_loss: 1.815, test_acc: 63.1, test_fscore: 62.41, time: 5.57 sec
[2022-06-10 18:53:15,737][run.py][line:172][INFO] Epoch: 4, train_loss: 0.1982, train_acc: 95.32, train_fscore: 95.33, valid_loss: 1.7209, valid_acc: 63.03, valid_fscore: 62.26, test_loss: 1.8717, test_acc: 62.8, test_fscore: 62.46, time: 10.17 sec
[2022-06-10 18:53:23,745][run.py][line:172][INFO] Epoch: 5, train_loss: 0.1769, train_acc: 96.07, train_fscore: 96.07, valid_loss: 1.6339, valid_acc: 62.67, valid_fscore: 61.99, test_loss: 1.7813, test_acc: 62.99, test_fscore: 62.85, time: 8.01 sec
[2022-06-10 18:53:32,622][run.py][line:172][INFO] Epoch: 6, train_loss: 0.1681, train_acc: 96.1, train_fscore: 96.11, valid_loss: 1.7063, valid_acc: 63.93, valid_fscore: 63.14, test_loss: 1.7982, test_acc: 63.91, test_fscore: 63.46, time: 8.88 sec
[2022-06-10 18:53:41,856][run.py][line:172][INFO] Epoch: 7, train_loss: 0.1641, train_acc: 96.17, train_fscore: 96.18, valid_loss: 1.7496, valid_acc: 63.48, valid_fscore: 62.82, test_loss: 1.9154, test_acc: 63.56, test_fscore: 63.33, time: 9.23 sec
[2022-06-10 18:53:55,474][run.py][line:172][INFO] Epoch: 8, train_loss: 0.1559, train_acc: 96.27, train_fscore: 96.28, valid_loss: 1.8189, valid_acc: 63.39, valid_fscore: 62.89, test_loss: 1.8558, test_acc: 63.37, test_fscore: 63.22, time: 13.62 sec
[2022-06-10 18:54:05,525][run.py][line:172][INFO] Epoch: 9, train_loss: 0.1511, train_acc: 96.27, train_fscore: 96.28, valid_loss: 1.6453, valid_acc: 63.57, valid_fscore: 62.82, test_loss: 1.7615, test_acc: 63.72, test_fscore: 63.21, time: 10.05 sec
[2022-06-10 18:54:15,950][run.py][line:172][INFO] Epoch: 10, train_loss: 0.1484, train_acc: 96.32, train_fscore: 96.33, valid_loss: 1.7315, valid_acc: 62.58, valid_fscore: 62.22, test_loss: 1.8336, test_acc: 62.41, test_fscore: 62.39, time: 10.42 sec
[2022-06-10 18:54:26,688][run.py][line:172][INFO] Epoch: 11, train_loss: 0.1475, train_acc: 96.41, train_fscore: 96.42, valid_loss: 1.8203, valid_acc: 62.85, valid_fscore: 62.28, test_loss: 1.9547, test_acc: 62.76, test_fscore: 62.63, time: 10.74 sec
[2022-06-10 18:54:35,819][run.py][line:172][INFO] Epoch: 12, train_loss: 0.1441, train_acc: 96.51, train_fscore: 96.52, valid_loss: 1.8026, valid_acc: 63.66, valid_fscore: 62.86, test_loss: 1.948, test_acc: 63.6, test_fscore: 63.23, time: 9.13 sec
[2022-06-10 18:54:48,705][run.py][line:172][INFO] Epoch: 13, train_loss: 0.1403, train_acc: 96.48, train_fscore: 96.48, valid_loss: 1.788, valid_acc: 63.75, valid_fscore: 63.15, test_loss: 1.9041, test_acc: 63.72, test_fscore: 63.42, time: 12.89 sec
[2022-06-10 18:54:59,050][run.py][line:172][INFO] Epoch: 14, train_loss: 0.1363, train_acc: 96.56, train_fscore: 96.56, valid_loss: 1.7731, valid_acc: 63.39, valid_fscore: 62.56, test_loss: 1.9136, test_acc: 63.56, test_fscore: 62.92, time: 10.34 sec
[2022-06-10 18:55:05,241][run.py][line:172][INFO] Epoch: 15, train_loss: 0.1311, train_acc: 96.7, train_fscore: 96.7, valid_loss: 1.7331, valid_acc: 62.85, valid_fscore: 62.54, test_loss: 1.8514, test_acc: 61.88, test_fscore: 61.9, time: 6.19 sec
[2022-06-10 18:55:13,998][run.py][line:172][INFO] Epoch: 16, train_loss: 0.1318, train_acc: 96.9, train_fscore: 96.9, valid_loss: 1.9048, valid_acc: 62.94, valid_fscore: 62.39, test_loss: 2.0324, test_acc: 62.99, test_fscore: 62.61, time: 8.76 sec
[2022-06-10 18:55:22,670][run.py][line:172][INFO] Epoch: 17, train_loss: 0.1271, train_acc: 96.76, train_fscore: 96.76, valid_loss: 1.8438, valid_acc: 63.03, valid_fscore: 62.48, test_loss: 1.9552, test_acc: 61.69, test_fscore: 61.56, time: 8.67 sec
[2022-06-10 18:55:32,891][run.py][line:172][INFO] Epoch: 18, train_loss: 0.1259, train_acc: 96.79, train_fscore: 96.79, valid_loss: 1.7351, valid_acc: 62.76, valid_fscore: 62.2, test_loss: 1.9106, test_acc: 62.49, test_fscore: 62.21, time: 10.22 sec
[2022-06-10 18:55:42,656][run.py][line:172][INFO] Epoch: 19, train_loss: 0.12, train_acc: 96.95, train_fscore: 96.95, valid_loss: 1.8835, valid_acc: 62.76, valid_fscore: 62.14, test_loss: 1.9811, test_acc: 62.41, test_fscore: 62.2, time: 9.77 sec
[2022-06-10 18:55:52,873][run.py][line:172][INFO] Epoch: 20, train_loss: 0.1136, train_acc: 96.96, train_fscore: 96.96, valid_loss: 1.9162, valid_acc: 62.94, valid_fscore: 62.21, test_loss: 2.0646, test_acc: 62.76, test_fscore: 62.37, time: 10.22 sec
[2022-06-10 18:56:05,177][run.py][line:172][INFO] Epoch: 21, train_loss: 0.115, train_acc: 97.09, train_fscore: 97.09, valid_loss: 1.9783, valid_acc: 62.76, valid_fscore: 62.19, test_loss: 2.0638, test_acc: 62.18, test_fscore: 61.97, time: 12.3 sec
[2022-06-10 18:56:15,306][run.py][line:172][INFO] Epoch: 22, train_loss: 0.1098, train_acc: 97.29, train_fscore: 97.3, valid_loss: 1.9966, valid_acc: 62.67, valid_fscore: 62.07, test_loss: 2.0611, test_acc: 62.57, test_fscore: 62.34, time: 10.13 sec
[2022-06-10 18:56:26,421][run.py][line:172][INFO] Epoch: 23, train_loss: 0.1108, train_acc: 97.08, train_fscore: 97.08, valid_loss: 2.0737, valid_acc: 63.12, valid_fscore: 62.54, test_loss: 2.2142, test_acc: 62.68, test_fscore: 62.33, time: 11.11 sec
[2022-06-10 18:56:32,628][run.py][line:172][INFO] Epoch: 24, train_loss: 0.1024, train_acc: 97.36, train_fscore: 97.36, valid_loss: 1.9645, valid_acc: 63.3, valid_fscore: 62.73, test_loss: 2.1115, test_acc: 62.11, test_fscore: 61.83, time: 6.21 sec
[2022-06-10 18:56:39,627][run.py][line:172][INFO] Epoch: 25, train_loss: 0.1007, train_acc: 97.31, train_fscore: 97.31, valid_loss: 2.1519, valid_acc: 62.85, valid_fscore: 62.39, test_loss: 2.2616, test_acc: 61.84, test_fscore: 61.74, time: 7.0 sec
[2022-06-10 18:56:51,644][run.py][line:172][INFO] Epoch: 26, train_loss: 0.0947, train_acc: 97.49, train_fscore: 97.49, valid_loss: 2.0062, valid_acc: 62.67, valid_fscore: 62.14, test_loss: 2.1968, test_acc: 62.07, test_fscore: 61.84, time: 12.02 sec
[2022-06-10 18:57:01,716][run.py][line:172][INFO] Epoch: 27, train_loss: 0.0924, train_acc: 97.57, train_fscore: 97.57, valid_loss: 2.1861, valid_acc: 63.39, valid_fscore: 62.88, test_loss: 2.3944, test_acc: 61.84, test_fscore: 61.63, time: 10.07 sec
[2022-06-10 18:57:09,551][run.py][line:172][INFO] Epoch: 28, train_loss: 0.0923, train_acc: 97.62, train_fscore: 97.62, valid_loss: 2.1193, valid_acc: 63.21, valid_fscore: 62.91, test_loss: 2.3405, test_acc: 61.46, test_fscore: 61.35, time: 7.83 sec
[2022-06-10 18:57:20,047][run.py][line:172][INFO] Epoch: 29, train_loss: 0.0848, train_acc: 97.79, train_fscore: 97.79, valid_loss: 2.1869, valid_acc: 62.94, valid_fscore: 62.27, test_loss: 2.4261, test_acc: 62.11, test_fscore: 61.73, time: 10.5 sec
[2022-06-10 18:57:27,854][run.py][line:172][INFO] Epoch: 30, train_loss: 0.0819, train_acc: 97.78, train_fscore: 97.78, valid_loss: 2.2127, valid_acc: 62.94, valid_fscore: 62.65, test_loss: 2.4206, test_acc: 61.61, test_fscore: 61.63, time: 7.81 sec
[2022-06-10 18:57:34,396][run.py][line:172][INFO] Epoch: 31, train_loss: 0.0766, train_acc: 97.88, train_fscore: 97.88, valid_loss: 2.4214, valid_acc: 62.76, valid_fscore: 62.48, test_loss: 2.5896, test_acc: 61.26, test_fscore: 61.15, time: 6.54 sec
[2022-06-10 18:57:48,762][run.py][line:172][INFO] Epoch: 32, train_loss: 0.0755, train_acc: 97.89, train_fscore: 97.89, valid_loss: 2.4488, valid_acc: 63.21, valid_fscore: 62.7, test_loss: 2.6493, test_acc: 61.92, test_fscore: 61.63, time: 14.37 sec
[2022-06-10 18:57:58,702][run.py][line:172][INFO] Epoch: 33, train_loss: 0.0773, train_acc: 97.72, train_fscore: 97.72, valid_loss: 2.4704, valid_acc: 62.94, valid_fscore: 62.4, test_loss: 2.6856, test_acc: 62.34, test_fscore: 62.06, time: 9.94 sec
[2022-06-10 18:58:06,693][run.py][line:172][INFO] Epoch: 34, train_loss: 0.07, train_acc: 98.05, train_fscore: 98.05, valid_loss: 2.5249, valid_acc: 62.67, valid_fscore: 62.0, test_loss: 2.735, test_acc: 62.3, test_fscore: 61.8, time: 7.99 sec
[2022-06-10 18:58:16,655][run.py][line:172][INFO] Epoch: 35, train_loss: 0.0693, train_acc: 98.02, train_fscore: 98.02, valid_loss: 2.5455, valid_acc: 62.13, valid_fscore: 61.22, test_loss: 2.759, test_acc: 61.92, test_fscore: 61.3, time: 9.96 sec
[2022-06-10 18:58:23,533][run.py][line:172][INFO] Epoch: 36, train_loss: 0.0624, train_acc: 98.18, train_fscore: 98.18, valid_loss: 2.8294, valid_acc: 62.13, valid_fscore: 61.33, test_loss: 2.8038, test_acc: 61.88, test_fscore: 61.52, time: 6.88 sec
[2022-06-10 18:58:33,976][run.py][line:172][INFO] Epoch: 37, train_loss: 0.0655, train_acc: 98.16, train_fscore: 98.16, valid_loss: 2.7938, valid_acc: 62.49, valid_fscore: 61.85, test_loss: 2.9986, test_acc: 61.8, test_fscore: 61.49, time: 10.44 sec
[2022-06-10 18:58:44,000][run.py][line:172][INFO] Epoch: 38, train_loss: 0.0576, train_acc: 98.36, train_fscore: 98.36, valid_loss: 2.9015, valid_acc: 61.5, valid_fscore: 61.33, test_loss: 3.0614, test_acc: 61.34, test_fscore: 61.31, time: 10.02 sec
[2022-06-10 18:58:50,360][run.py][line:172][INFO] Epoch: 39, train_loss: 0.0568, train_acc: 98.32, train_fscore: 98.32, valid_loss: 3.0954, valid_acc: 62.67, valid_fscore: 62.07, test_loss: 3.2252, test_acc: 62.07, test_fscore: 61.65, time: 6.36 sec
[2022-06-10 18:58:57,228][run.py][line:172][INFO] Epoch: 40, train_loss: 0.0585, train_acc: 98.31, train_fscore: 98.31, valid_loss: 2.8638, valid_acc: 62.94, valid_fscore: 62.07, test_loss: 3.0773, test_acc: 62.99, test_fscore: 62.35, time: 6.87 sec
[2022-06-10 18:59:04,300][run.py][line:172][INFO] Epoch: 41, train_loss: 0.0532, train_acc: 98.42, train_fscore: 98.42, valid_loss: 2.8983, valid_acc: 62.49, valid_fscore: 61.94, test_loss: 3.0801, test_acc: 61.88, test_fscore: 61.53, time: 7.07 sec
[2022-06-10 18:59:11,591][run.py][line:172][INFO] Epoch: 42, train_loss: 0.0548, train_acc: 98.48, train_fscore: 98.48, valid_loss: 3.0487, valid_acc: 62.13, valid_fscore: 61.86, test_loss: 3.2552, test_acc: 61.46, test_fscore: 61.38, time: 7.29 sec
[2022-06-10 18:59:18,101][run.py][line:172][INFO] Epoch: 43, train_loss: 0.052, train_acc: 98.48, train_fscore: 98.48, valid_loss: 3.1155, valid_acc: 62.13, valid_fscore: 61.46, test_loss: 3.4296, test_acc: 61.57, test_fscore: 61.1, time: 6.51 sec
[2022-06-10 18:59:29,364][run.py][line:172][INFO] Epoch: 44, train_loss: 0.0449, train_acc: 98.74, train_fscore: 98.74, valid_loss: 3.2284, valid_acc: 62.04, valid_fscore: 61.4, test_loss: 3.4197, test_acc: 62.3, test_fscore: 61.78, time: 11.26 sec
[2022-06-10 18:59:38,746][run.py][line:172][INFO] Epoch: 45, train_loss: 0.0443, train_acc: 98.76, train_fscore: 98.76, valid_loss: 3.3288, valid_acc: 61.95, valid_fscore: 61.33, test_loss: 3.5892, test_acc: 61.84, test_fscore: 61.45, time: 9.38 sec
[2022-06-10 18:59:45,767][run.py][line:172][INFO] Epoch: 46, train_loss: 0.0432, train_acc: 98.74, train_fscore: 98.74, valid_loss: 3.3217, valid_acc: 62.04, valid_fscore: 61.38, test_loss: 3.5213, test_acc: 61.8, test_fscore: 61.28, time: 7.02 sec
[2022-06-10 18:59:52,890][run.py][line:172][INFO] Epoch: 47, train_loss: 0.0467, train_acc: 98.7, train_fscore: 98.7, valid_loss: 3.5477, valid_acc: 63.12, valid_fscore: 62.4, test_loss: 3.7095, test_acc: 61.99, test_fscore: 61.77, time: 7.12 sec
[2022-06-10 18:59:59,948][run.py][line:172][INFO] Epoch: 48, train_loss: 0.0422, train_acc: 98.78, train_fscore: 98.78, valid_loss: 3.3402, valid_acc: 62.4, valid_fscore: 61.87, test_loss: 3.6323, test_acc: 61.61, test_fscore: 61.31, time: 7.06 sec
[2022-06-10 19:00:10,274][run.py][line:172][INFO] Epoch: 49, train_loss: 0.0414, train_acc: 98.81, train_fscore: 98.81, valid_loss: 3.4464, valid_acc: 62.58, valid_fscore: 61.9, test_loss: 3.7429, test_acc: 61.92, test_fscore: 61.57, time: 10.33 sec
[2022-06-10 19:00:20,923][run.py][line:172][INFO] Epoch: 50, train_loss: 0.0455, train_acc: 98.69, train_fscore: 98.69, valid_loss: 3.4592, valid_acc: 63.12, valid_fscore: 62.66, test_loss: 3.7632, test_acc: 61.99, test_fscore: 61.81, time: 10.65 sec
[2022-06-10 19:00:20,923][run.py][line:184][INFO] finish training!
[2022-06-10 19:00:20,923][run.py][line:200][INFO] Best F-Score based on validation:63.42
[2022-06-10 19:00:20,923][run.py][line:201][INFO] Best F-Score based on test:63.46
